Start testing: Apr 08 20:22 UTC
----------------------------------------------------------
1/21 Testing: Wordle.Empty
1/21 Test: Wordle.Empty
Command: "/usr/bin/valgrind" "--tool=memcheck" "--leak-check=yes" "--trace-children=no" "/work/hw-melgart/hw5/hw5_stu_tests/wordle_tests/wordle_tests" "--gtest_filter=Wordle.Empty"
Directory: /work/hw-melgart/hw5/hw5_stu_tests/wordle_tests
"Wordle.Empty" start time: Apr 08 20:22 UTC
Output:
----------------------------------------------------------
==3453== Memcheck, a memory error detector
==3453== Copyright (C) 2002-2017, and GNU GPL'd, by Julian Seward et al.
==3453== Using Valgrind-3.15.0 and LibVEX; rerun with -h for copyright info
==3453== Command: /work/hw-melgart/hw5/hw5_stu_tests/wordle_tests/wordle_tests --gtest_filter=Wordle.Empty
==3453== 
Read 63247 words into dictionary.
Running main() from /build/googletest-j5yxiC/googletest-1.10.0/googletest/src/gtest_main.cc
Note: Google Test filter = Wordle.Empty
[==========] Running 1 test from 1 test suite.
[----------] Global test environment set-up.
[----------] 1 test from Wordle
[ RUN      ] Wordle.Empty
[       OK ] Wordle.Empty (19 ms)
[----------] 1 test from Wordle (26 ms total)

[----------] Global test environment tear-down
[==========] 1 test from 1 test suite ran. (45 ms total)
[  PASSED  ] 1 test.
==3453== 
==3453== HEAP SUMMARY:
==3453==     in use at exit: 0 bytes in 0 blocks
==3453==   total heap usage: 63,757 allocs, 63,757 frees, 4,182,186 bytes allocated
==3453== 
==3453== All heap blocks were freed -- no leaks are possible
==3453== 
==3453== For lists of detected and suppressed errors, rerun with: -s
==3453== ERROR SUMMARY: 0 errors from 0 contexts (suppressed: 0 from 0)
<end of output>
Test time =   7.67 sec
----------------------------------------------------------
Test Passed.
"Wordle.Empty" end time: Apr 08 20:22 UTC
"Wordle.Empty" time elapsed: 00:00:07
----------------------------------------------------------

2/21 Testing: Wordle.NoSolutions
2/21 Test: Wordle.NoSolutions
Command: "/usr/bin/valgrind" "--tool=memcheck" "--leak-check=yes" "--trace-children=no" "/work/hw-melgart/hw5/hw5_stu_tests/wordle_tests/wordle_tests" "--gtest_filter=Wordle.NoSolutions"
Directory: /work/hw-melgart/hw5/hw5_stu_tests/wordle_tests
"Wordle.NoSolutions" start time: Apr 08 20:22 UTC
Output:
----------------------------------------------------------
==3454== Memcheck, a memory error detector
==3454== Copyright (C) 2002-2017, and GNU GPL'd, by Julian Seward et al.
==3454== Using Valgrind-3.15.0 and LibVEX; rerun with -h for copyright info
==3454== Command: /work/hw-melgart/hw5/hw5_stu_tests/wordle_tests/wordle_tests --gtest_filter=Wordle.NoSolutions
==3454== 
Read 63247 words into dictionary.
Running main() from /build/googletest-j5yxiC/googletest-1.10.0/googletest/src/gtest_main.cc
Note: Google Test filter = Wordle.NoSolutions
[==========] Running 1 test from 1 test suite.
[----------] Global test environment set-up.
[----------] 1 test from Wordle
[ RUN      ] Wordle.NoSolutions
[       OK ] Wordle.NoSolutions (23 ms)
[----------] 1 test from Wordle (29 ms total)

[----------] Global test environment tear-down
[==========] 1 test from 1 test suite ran. (49 ms total)
[  PASSED  ] 1 test.
==3454== 
==3454== HEAP SUMMARY:
==3454==     in use at exit: 0 bytes in 0 blocks
==3454==   total heap usage: 63,771 allocs, 63,771 frees, 4,182,656 bytes allocated
==3454== 
==3454== All heap blocks were freed -- no leaks are possible
==3454== 
==3454== For lists of detected and suppressed errors, rerun with: -s
==3454== ERROR SUMMARY: 0 errors from 0 contexts (suppressed: 0 from 0)
<end of output>
Test time =   7.55 sec
----------------------------------------------------------
Test Passed.
"Wordle.NoSolutions" end time: Apr 08 20:22 UTC
"Wordle.NoSolutions" time elapsed: 00:00:07
----------------------------------------------------------

3/21 Testing: Wordle.OneLetterUnconstrained
3/21 Test: Wordle.OneLetterUnconstrained
Command: "/usr/bin/valgrind" "--tool=memcheck" "--leak-check=yes" "--trace-children=no" "/work/hw-melgart/hw5/hw5_stu_tests/wordle_tests/wordle_tests" "--gtest_filter=Wordle.OneLetterUnconstrained"
Directory: /work/hw-melgart/hw5/hw5_stu_tests/wordle_tests
"Wordle.OneLetterUnconstrained" start time: Apr 08 20:22 UTC
Output:
----------------------------------------------------------
==3455== Memcheck, a memory error detector
==3455== Copyright (C) 2002-2017, and GNU GPL'd, by Julian Seward et al.
==3455== Using Valgrind-3.15.0 and LibVEX; rerun with -h for copyright info
==3455== Command: /work/hw-melgart/hw5/hw5_stu_tests/wordle_tests/wordle_tests --gtest_filter=Wordle.OneLetterUnconstrained
==3455== 
Read 63247 words into dictionary.
Running main() from /build/googletest-j5yxiC/googletest-1.10.0/googletest/src/gtest_main.cc
Note: Google Test filter = Wordle.OneLetterUnconstrained
[==========] Running 1 test from 1 test suite.
[----------] Global test environment set-up.
[----------] 1 test from Wordle
[ RUN      ] Wordle.OneLetterUnconstrained
[       OK ] Wordle.OneLetterUnconstrained (46 ms)
[----------] 1 test from Wordle (53 ms total)

[----------] Global test environment tear-down
[==========] 1 test from 1 test suite ran. (73 ms total)
[  PASSED  ] 1 test.
==3455== 
==3455== HEAP SUMMARY:
==3455==     in use at exit: 0 bytes in 0 blocks
==3455==   total heap usage: 63,849 allocs, 63,849 frees, 4,187,725 bytes allocated
==3455== 
==3455== All heap blocks were freed -- no leaks are possible
==3455== 
==3455== For lists of detected and suppressed errors, rerun with: -s
==3455== ERROR SUMMARY: 0 errors from 0 contexts (suppressed: 0 from 0)
<end of output>
Test time =   7.40 sec
----------------------------------------------------------
Test Passed.
"Wordle.OneLetterUnconstrained" end time: Apr 08 20:22 UTC
"Wordle.OneLetterUnconstrained" time elapsed: 00:00:07
----------------------------------------------------------

4/21 Testing: Wordle.OneLetterConstrained
4/21 Test: Wordle.OneLetterConstrained
Command: "/usr/bin/valgrind" "--tool=memcheck" "--leak-check=yes" "--trace-children=no" "/work/hw-melgart/hw5/hw5_stu_tests/wordle_tests/wordle_tests" "--gtest_filter=Wordle.OneLetterConstrained"
Directory: /work/hw-melgart/hw5/hw5_stu_tests/wordle_tests
"Wordle.OneLetterConstrained" start time: Apr 08 20:22 UTC
Output:
----------------------------------------------------------
==3456== Memcheck, a memory error detector
==3456== Copyright (C) 2002-2017, and GNU GPL'd, by Julian Seward et al.
==3456== Using Valgrind-3.15.0 and LibVEX; rerun with -h for copyright info
==3456== Command: /work/hw-melgart/hw5/hw5_stu_tests/wordle_tests/wordle_tests --gtest_filter=Wordle.OneLetterConstrained
==3456== 
Read 63247 words into dictionary.
Running main() from /build/googletest-j5yxiC/googletest-1.10.0/googletest/src/gtest_main.cc
Note: Google Test filter = Wordle.OneLetterConstrained
[==========] Running 1 test from 1 test suite.
[----------] Global test environment set-up.
[----------] 1 test from Wordle
[ RUN      ] Wordle.OneLetterConstrained
[       OK ] Wordle.OneLetterConstrained (37 ms)
[----------] 1 test from Wordle (44 ms total)

[----------] Global test environment tear-down
[==========] 1 test from 1 test suite ran. (64 ms total)
[  PASSED  ] 1 test.
==3456== 
==3456== HEAP SUMMARY:
==3456==     in use at exit: 0 bytes in 0 blocks
==3456==   total heap usage: 63,774 allocs, 63,774 frees, 4,182,911 bytes allocated
==3456== 
==3456== All heap blocks were freed -- no leaks are possible
==3456== 
==3456== For lists of detected and suppressed errors, rerun with: -s
==3456== ERROR SUMMARY: 0 errors from 0 contexts (suppressed: 0 from 0)
<end of output>
Test time =   8.04 sec
----------------------------------------------------------
Test Passed.
"Wordle.OneLetterConstrained" end time: Apr 08 20:22 UTC
"Wordle.OneLetterConstrained" time elapsed: 00:00:08
----------------------------------------------------------

5/21 Testing: Wordle.TwoLetterUnconstrained
5/21 Test: Wordle.TwoLetterUnconstrained
Command: "/usr/bin/valgrind" "--tool=memcheck" "--leak-check=yes" "--trace-children=no" "/work/hw-melgart/hw5/hw5_stu_tests/wordle_tests/wordle_tests" "--gtest_filter=Wordle.TwoLetterUnconstrained"
Directory: /work/hw-melgart/hw5/hw5_stu_tests/wordle_tests
"Wordle.TwoLetterUnconstrained" start time: Apr 08 20:22 UTC
Output:
----------------------------------------------------------
==3457== Memcheck, a memory error detector
==3457== Copyright (C) 2002-2017, and GNU GPL'd, by Julian Seward et al.
==3457== Using Valgrind-3.15.0 and LibVEX; rerun with -h for copyright info
==3457== Command: /work/hw-melgart/hw5/hw5_stu_tests/wordle_tests/wordle_tests --gtest_filter=Wordle.TwoLetterUnconstrained
==3457== 
Read 63247 words into dictionary.
Running main() from /build/googletest-j5yxiC/googletest-1.10.0/googletest/src/gtest_main.cc
Note: Google Test filter = Wordle.TwoLetterUnconstrained
[==========] Running 1 test from 1 test suite.
[----------] Global test environment set-up.
[----------] 1 test from Wordle
[ RUN      ] Wordle.TwoLetterUnconstrained
[       OK ] Wordle.TwoLetterUnconstrained (120 ms)
[----------] 1 test from Wordle (127 ms total)

[----------] Global test environment tear-down
[==========] 1 test from 1 test suite ran. (146 ms total)
[  PASSED  ] 1 test.
==3457== 
==3457== HEAP SUMMARY:
==3457==     in use at exit: 0 bytes in 0 blocks
==3457==   total heap usage: 63,957 allocs, 63,957 frees, 4,194,637 bytes allocated
==3457== 
==3457== All heap blocks were freed -- no leaks are possible
==3457== 
==3457== For lists of detected and suppressed errors, rerun with: -s
==3457== ERROR SUMMARY: 0 errors from 0 contexts (suppressed: 0 from 0)
<end of output>
Test time =   7.49 sec
----------------------------------------------------------
Test Passed.
"Wordle.TwoLetterUnconstrained" end time: Apr 08 20:22 UTC
"Wordle.TwoLetterUnconstrained" time elapsed: 00:00:07
----------------------------------------------------------

6/21 Testing: Wordle.TwoLetterConstrained
6/21 Test: Wordle.TwoLetterConstrained
Command: "/usr/bin/valgrind" "--tool=memcheck" "--leak-check=yes" "--trace-children=no" "/work/hw-melgart/hw5/hw5_stu_tests/wordle_tests/wordle_tests" "--gtest_filter=Wordle.TwoLetterConstrained"
Directory: /work/hw-melgart/hw5/hw5_stu_tests/wordle_tests
"Wordle.TwoLetterConstrained" start time: Apr 08 20:22 UTC
Output:
----------------------------------------------------------
==3458== Memcheck, a memory error detector
==3458== Copyright (C) 2002-2017, and GNU GPL'd, by Julian Seward et al.
==3458== Using Valgrind-3.15.0 and LibVEX; rerun with -h for copyright info
==3458== Command: /work/hw-melgart/hw5/hw5_stu_tests/wordle_tests/wordle_tests --gtest_filter=Wordle.TwoLetterConstrained
==3458== 
Read 63247 words into dictionary.
Running main() from /build/googletest-j5yxiC/googletest-1.10.0/googletest/src/gtest_main.cc
Note: Google Test filter = Wordle.TwoLetterConstrained
[==========] Running 1 test from 1 test suite.
[----------] Global test environment set-up.
[----------] 1 test from Wordle
[ RUN      ] Wordle.TwoLetterConstrained
[       OK ] Wordle.TwoLetterConstrained (72 ms)
[----------] 1 test from Wordle (81 ms total)

[----------] Global test environment tear-down
[==========] 1 test from 1 test suite ran. (101 ms total)
[  PASSED  ] 1 test.
==3458== 
==3458== HEAP SUMMARY:
==3458==     in use at exit: 0 bytes in 0 blocks
==3458==   total heap usage: 63,811 allocs, 63,811 frees, 4,185,255 bytes allocated
==3458== 
==3458== All heap blocks were freed -- no leaks are possible
==3458== 
==3458== For lists of detected and suppressed errors, rerun with: -s
==3458== ERROR SUMMARY: 0 errors from 0 contexts (suppressed: 0 from 0)
<end of output>
Test time =   7.41 sec
----------------------------------------------------------
Test Passed.
"Wordle.TwoLetterConstrained" end time: Apr 08 20:22 UTC
"Wordle.TwoLetterConstrained" time elapsed: 00:00:07
----------------------------------------------------------

7/21 Testing: Wordle.ThreeLetterFull
7/21 Test: Wordle.ThreeLetterFull
Command: "/usr/bin/valgrind" "--tool=memcheck" "--leak-check=yes" "--trace-children=no" "/work/hw-melgart/hw5/hw5_stu_tests/wordle_tests/wordle_tests" "--gtest_filter=Wordle.ThreeLetterFull"
Directory: /work/hw-melgart/hw5/hw5_stu_tests/wordle_tests
"Wordle.ThreeLetterFull" start time: Apr 08 20:22 UTC
Output:
----------------------------------------------------------
==3459== Memcheck, a memory error detector
==3459== Copyright (C) 2002-2017, and GNU GPL'd, by Julian Seward et al.
==3459== Using Valgrind-3.15.0 and LibVEX; rerun with -h for copyright info
==3459== Command: /work/hw-melgart/hw5/hw5_stu_tests/wordle_tests/wordle_tests --gtest_filter=Wordle.ThreeLetterFull
==3459== 
Read 63247 words into dictionary.
Running main() from /build/googletest-j5yxiC/googletest-1.10.0/googletest/src/gtest_main.cc
Note: Google Test filter = Wordle.ThreeLetterFull
[==========] Running 1 test from 1 test suite.
[----------] Global test environment set-up.
[----------] 1 test from Wordle
[ RUN      ] Wordle.ThreeLetterFull
[       OK ] Wordle.ThreeLetterFull (35 ms)
[----------] 1 test from Wordle (41 ms total)

[----------] Global test environment tear-down
[==========] 1 test from 1 test suite ran. (61 ms total)
[  PASSED  ] 1 test.
==3459== 
==3459== HEAP SUMMARY:
==3459==     in use at exit: 0 bytes in 0 blocks
==3459==   total heap usage: 63,774 allocs, 63,774 frees, 4,182,876 bytes allocated
==3459== 
==3459== All heap blocks were freed -- no leaks are possible
==3459== 
==3459== For lists of detected and suppressed errors, rerun with: -s
==3459== ERROR SUMMARY: 0 errors from 0 contexts (suppressed: 0 from 0)
<end of output>
Test time =   9.14 sec
----------------------------------------------------------
Test Passed.
"Wordle.ThreeLetterFull" end time: Apr 08 20:23 UTC
"Wordle.ThreeLetterFull" time elapsed: 00:00:09
----------------------------------------------------------

8/21 Testing: Wordle.OneOption
8/21 Test: Wordle.OneOption
Command: "/usr/bin/valgrind" "--tool=memcheck" "--leak-check=yes" "--trace-children=no" "/work/hw-melgart/hw5/hw5_stu_tests/wordle_tests/wordle_tests" "--gtest_filter=Wordle.OneOption"
Directory: /work/hw-melgart/hw5/hw5_stu_tests/wordle_tests
"Wordle.OneOption" start time: Apr 08 20:23 UTC
Output:
----------------------------------------------------------
==3460== Memcheck, a memory error detector
==3460== Copyright (C) 2002-2017, and GNU GPL'd, by Julian Seward et al.
==3460== Using Valgrind-3.15.0 and LibVEX; rerun with -h for copyright info
==3460== Command: /work/hw-melgart/hw5/hw5_stu_tests/wordle_tests/wordle_tests --gtest_filter=Wordle.OneOption
==3460== 
Read 63247 words into dictionary.
Running main() from /build/googletest-j5yxiC/googletest-1.10.0/googletest/src/gtest_main.cc
Note: Google Test filter = Wordle.OneOption
[==========] Running 1 test from 1 test suite.
[----------] Global test environment set-up.
[----------] 1 test from Wordle
[ RUN      ] Wordle.OneOption
[       OK ] Wordle.OneOption (38 ms)
[----------] 1 test from Wordle (44 ms total)

[----------] Global test environment tear-down
[==========] 1 test from 1 test suite ran. (64 ms total)
[  PASSED  ] 1 test.
==3460== 
==3460== HEAP SUMMARY:
==3460==     in use at exit: 0 bytes in 0 blocks
==3460==   total heap usage: 63,774 allocs, 63,774 frees, 4,182,834 bytes allocated
==3460== 
==3460== All heap blocks were freed -- no leaks are possible
==3460== 
==3460== For lists of detected and suppressed errors, rerun with: -s
==3460== ERROR SUMMARY: 0 errors from 0 contexts (suppressed: 0 from 0)
<end of output>
Test time =   7.23 sec
----------------------------------------------------------
Test Passed.
"Wordle.OneOption" end time: Apr 08 20:23 UTC
"Wordle.OneOption" time elapsed: 00:00:07
----------------------------------------------------------

9/21 Testing: Wordle.Nominal1
9/21 Test: Wordle.Nominal1
Command: "/usr/bin/valgrind" "--tool=memcheck" "--leak-check=yes" "--trace-children=no" "/work/hw-melgart/hw5/hw5_stu_tests/wordle_tests/wordle_tests" "--gtest_filter=Wordle.Nominal1"
Directory: /work/hw-melgart/hw5/hw5_stu_tests/wordle_tests
"Wordle.Nominal1" start time: Apr 08 20:23 UTC
Output:
----------------------------------------------------------
==3461== Memcheck, a memory error detector
==3461== Copyright (C) 2002-2017, and GNU GPL'd, by Julian Seward et al.
==3461== Using Valgrind-3.15.0 and LibVEX; rerun with -h for copyright info
==3461== Command: /work/hw-melgart/hw5/hw5_stu_tests/wordle_tests/wordle_tests --gtest_filter=Wordle.Nominal1
==3461== 
Read 63247 words into dictionary.
Running main() from /build/googletest-j5yxiC/googletest-1.10.0/googletest/src/gtest_main.cc
Note: Google Test filter = Wordle.Nominal1
[==========] Running 1 test from 1 test suite.
[----------] Global test environment set-up.
[----------] 1 test from Wordle
[ RUN      ] Wordle.Nominal1
[       OK ] Wordle.Nominal1 (2190 ms)
[----------] 1 test from Wordle (2196 ms total)

[----------] Global test environment tear-down
[==========] 1 test from 1 test suite ran. (2219 ms total)
[  PASSED  ] 1 test.
==3461== 
==3461== HEAP SUMMARY:
==3461==     in use at exit: 0 bytes in 0 blocks
==3461==   total heap usage: 64,561 allocs, 64,561 frees, 4,214,505 bytes allocated
==3461== 
==3461== All heap blocks were freed -- no leaks are possible
==3461== 
==3461== For lists of detected and suppressed errors, rerun with: -s
==3461== ERROR SUMMARY: 0 errors from 0 contexts (suppressed: 0 from 0)
<end of output>
Test time =   9.35 sec
----------------------------------------------------------
Test Passed.
"Wordle.Nominal1" end time: Apr 08 20:23 UTC
"Wordle.Nominal1" time elapsed: 00:00:09
----------------------------------------------------------

10/21 Testing: Wordle.Nominal2
10/21 Test: Wordle.Nominal2
Command: "/usr/bin/valgrind" "--tool=memcheck" "--leak-check=yes" "--trace-children=no" "/work/hw-melgart/hw5/hw5_stu_tests/wordle_tests/wordle_tests" "--gtest_filter=Wordle.Nominal2"
Directory: /work/hw-melgart/hw5/hw5_stu_tests/wordle_tests
"Wordle.Nominal2" start time: Apr 08 20:23 UTC
Output:
----------------------------------------------------------
==3462== Memcheck, a memory error detector
==3462== Copyright (C) 2002-2017, and GNU GPL'd, by Julian Seward et al.
==3462== Using Valgrind-3.15.0 and LibVEX; rerun with -h for copyright info
==3462== Command: /work/hw-melgart/hw5/hw5_stu_tests/wordle_tests/wordle_tests --gtest_filter=Wordle.Nominal2
==3462== 
Read 63247 words into dictionary.
Running main() from /build/googletest-j5yxiC/googletest-1.10.0/googletest/src/gtest_main.cc
Note: Google Test filter = Wordle.Nominal2
[==========] Running 1 test from 1 test suite.
[----------] Global test environment set-up.
[----------] 1 test from Wordle
[ RUN      ] Wordle.Nominal2
[       OK ] Wordle.Nominal2 (480 ms)
[----------] 1 test from Wordle (487 ms total)

[----------] Global test environment tear-down
[==========] 1 test from 1 test suite ran. (507 ms total)
[  PASSED  ] 1 test.
==3462== 
==3462== HEAP SUMMARY:
==3462==     in use at exit: 0 bytes in 0 blocks
==3462==   total heap usage: 63,916 allocs, 63,916 frees, 4,188,777 bytes allocated
==3462== 
==3462== All heap blocks were freed -- no leaks are possible
==3462== 
==3462== For lists of detected and suppressed errors, rerun with: -s
==3462== ERROR SUMMARY: 0 errors from 0 contexts (suppressed: 0 from 0)
<end of output>
Test time =   7.62 sec
----------------------------------------------------------
Test Passed.
"Wordle.Nominal2" end time: Apr 08 20:23 UTC
"Wordle.Nominal2" time elapsed: 00:00:07
----------------------------------------------------------

11/21 Testing: Wordle.Nominal3
11/21 Test: Wordle.Nominal3
Command: "/usr/bin/valgrind" "--tool=memcheck" "--leak-check=yes" "--trace-children=no" "/work/hw-melgart/hw5/hw5_stu_tests/wordle_tests/wordle_tests" "--gtest_filter=Wordle.Nominal3"
Directory: /work/hw-melgart/hw5/hw5_stu_tests/wordle_tests
"Wordle.Nominal3" start time: Apr 08 20:23 UTC
Output:
----------------------------------------------------------
==3463== Memcheck, a memory error detector
==3463== Copyright (C) 2002-2017, and GNU GPL'd, by Julian Seward et al.
==3463== Using Valgrind-3.15.0 and LibVEX; rerun with -h for copyright info
==3463== Command: /work/hw-melgart/hw5/hw5_stu_tests/wordle_tests/wordle_tests --gtest_filter=Wordle.Nominal3
==3463== 
Read 63247 words into dictionary.
Running main() from /build/googletest-j5yxiC/googletest-1.10.0/googletest/src/gtest_main.cc
Note: Google Test filter = Wordle.Nominal3
[==========] Running 1 test from 1 test suite.
[----------] Global test environment set-up.
[----------] 1 test from Wordle
[ RUN      ] Wordle.Nominal3
[       OK ] Wordle.Nominal3 (298 ms)
[----------] 1 test from Wordle (311 ms total)

[----------] Global test environment tear-down
[==========] 1 test from 1 test suite ran. (334 ms total)
[  PASSED  ] 1 test.
==3463== 
==3463== HEAP SUMMARY:
==3463==     in use at exit: 0 bytes in 0 blocks
==3463==   total heap usage: 63,864 allocs, 63,864 frees, 4,188,425 bytes allocated
==3463== 
==3463== All heap blocks were freed -- no leaks are possible
==3463== 
==3463== For lists of detected and suppressed errors, rerun with: -s
==3463== ERROR SUMMARY: 0 errors from 0 contexts (suppressed: 0 from 0)
<end of output>
Test time =   7.47 sec
----------------------------------------------------------
Test Passed.
"Wordle.Nominal3" end time: Apr 08 20:23 UTC
"Wordle.Nominal3" time elapsed: 00:00:07
----------------------------------------------------------

12/21 Testing: Wordle.Long
12/21 Test: Wordle.Long
Command: "/usr/bin/valgrind" "--tool=memcheck" "--leak-check=yes" "--trace-children=no" "/work/hw-melgart/hw5/hw5_stu_tests/wordle_tests/wordle_tests" "--gtest_filter=Wordle.Long"
Directory: /work/hw-melgart/hw5/hw5_stu_tests/wordle_tests
"Wordle.Long" start time: Apr 08 20:23 UTC
Output:
----------------------------------------------------------
==3464== Memcheck, a memory error detector
==3464== Copyright (C) 2002-2017, and GNU GPL'd, by Julian Seward et al.
==3464== Using Valgrind-3.15.0 and LibVEX; rerun with -h for copyright info
==3464== Command: /work/hw-melgart/hw5/hw5_stu_tests/wordle_tests/wordle_tests --gtest_filter=Wordle.Long
==3464== 
Read 63247 words into dictionary.
Running main() from /build/googletest-j5yxiC/googletest-1.10.0/googletest/src/gtest_main.cc
Note: Google Test filter = Wordle.Long
[==========] Running 1 test from 1 test suite.
[----------] Global test environment set-up.
[----------] 1 test from Wordle
[ RUN      ] Wordle.Long
[       OK ] Wordle.Long (12082 ms)
[----------] 1 test from Wordle (12089 ms total)

[----------] Global test environment tear-down
[==========] 1 test from 1 test suite ran. (12108 ms total)
[  PASSED  ] 1 test.
==3464== 
==3464== HEAP SUMMARY:
==3464==     in use at exit: 0 bytes in 0 blocks
==3464==   total heap usage: 68,370 allocs, 68,370 frees, 4,366,917 bytes allocated
==3464== 
==3464== All heap blocks were freed -- no leaks are possible
==3464== 
==3464== For lists of detected and suppressed errors, rerun with: -s
==3464== ERROR SUMMARY: 0 errors from 0 contexts (suppressed: 0 from 0)
<end of output>
Test time =  19.24 sec
----------------------------------------------------------
Test Passed.
"Wordle.Long" end time: Apr 08 20:23 UTC
"Wordle.Long" time elapsed: 00:00:19
----------------------------------------------------------

13/21 Testing: Schedule.SimpleSol1
13/21 Test: Schedule.SimpleSol1
Command: "/usr/bin/valgrind" "--tool=memcheck" "--leak-check=yes" "--trace-children=no" "/work/hw-melgart/hw5/hw5_stu_tests/schedwork_tests/schedwork_tests" "--gtest_filter=Schedule.SimpleSol1"
Directory: /work/hw-melgart/hw5/hw5_stu_tests/schedwork_tests
"Schedule.SimpleSol1" start time: Apr 08 20:23 UTC
Output:
----------------------------------------------------------
==3465== Memcheck, a memory error detector
==3465== Copyright (C) 2002-2017, and GNU GPL'd, by Julian Seward et al.
==3465== Using Valgrind-3.15.0 and LibVEX; rerun with -h for copyright info
==3465== Command: /work/hw-melgart/hw5/hw5_stu_tests/schedwork_tests/schedwork_tests --gtest_filter=Schedule.SimpleSol1
==3465== 
Running main() from /build/googletest-j5yxiC/googletest-1.10.0/googletest/src/gtest_main.cc
Note: Google Test filter = Schedule.SimpleSol1
[==========] Running 1 test from 1 test suite.
[----------] Global test environment set-up.
[----------] 1 test from Schedule
[ RUN      ] Schedule.SimpleSol1
/work/hw-melgart/hw5/hw5_stu_tests/schedwork_tests/schedwork-tests.cpp:130: Failure
Value of: result
  Actual: false (For availability:
1 
1 
1 

Error in schedule:

Mismatch with boolean return result (expected: 1 / actual: 0)
)
Expected: true
[  FAILED  ] Schedule.SimpleSol1 (70 ms)
[----------] 1 test from Schedule (78 ms total)

[----------] Global test environment tear-down
[==========] 1 test from 1 test suite ran. (102 ms total)
[  PASSED  ] 0 tests.
[  FAILED  ] 1 test, listed below:
[  FAILED  ] Schedule.SimpleSol1

 1 FAILED TEST
==3465== 
==3465== HEAP SUMMARY:
==3465==     in use at exit: 0 bytes in 0 blocks
==3465==   total heap usage: 318 allocs, 318 frees, 130,848 bytes allocated
==3465== 
==3465== All heap blocks were freed -- no leaks are possible
==3465== 
==3465== For lists of detected and suppressed errors, rerun with: -s
==3465== ERROR SUMMARY: 0 errors from 0 contexts (suppressed: 0 from 0)
<end of output>
Test time =   1.06 sec
----------------------------------------------------------
Test Failed.
"Schedule.SimpleSol1" end time: Apr 08 20:24 UTC
"Schedule.SimpleSol1" time elapsed: 00:00:01
----------------------------------------------------------

14/21 Testing: Schedule.SimpleNoSolMaxShifts
14/21 Test: Schedule.SimpleNoSolMaxShifts
Command: "/usr/bin/valgrind" "--tool=memcheck" "--leak-check=yes" "--trace-children=no" "/work/hw-melgart/hw5/hw5_stu_tests/schedwork_tests/schedwork_tests" "--gtest_filter=Schedule.SimpleNoSolMaxShifts"
Directory: /work/hw-melgart/hw5/hw5_stu_tests/schedwork_tests
"Schedule.SimpleNoSolMaxShifts" start time: Apr 08 20:24 UTC
Output:
----------------------------------------------------------
==3466== Memcheck, a memory error detector
==3466== Copyright (C) 2002-2017, and GNU GPL'd, by Julian Seward et al.
==3466== Using Valgrind-3.15.0 and LibVEX; rerun with -h for copyright info
==3466== Command: /work/hw-melgart/hw5/hw5_stu_tests/schedwork_tests/schedwork_tests --gtest_filter=Schedule.SimpleNoSolMaxShifts
==3466== 
Running main() from /build/googletest-j5yxiC/googletest-1.10.0/googletest/src/gtest_main.cc
Note: Google Test filter = Schedule.SimpleNoSolMaxShifts
[==========] Running 1 test from 1 test suite.
[----------] Global test environment set-up.
[----------] 1 test from Schedule
[ RUN      ] Schedule.SimpleNoSolMaxShifts
[       OK ] Schedule.SimpleNoSolMaxShifts (38 ms)
[----------] 1 test from Schedule (45 ms total)

[----------] Global test environment tear-down
[==========] 1 test from 1 test suite ran. (68 ms total)
[  PASSED  ] 1 test.
==3466== 
==3466== HEAP SUMMARY:
==3466==     in use at exit: 0 bytes in 0 blocks
==3466==   total heap usage: 274 allocs, 274 frees, 120,826 bytes allocated
==3466== 
==3466== All heap blocks were freed -- no leaks are possible
==3466== 
==3466== For lists of detected and suppressed errors, rerun with: -s
==3466== ERROR SUMMARY: 0 errors from 0 contexts (suppressed: 0 from 0)
<end of output>
Test time =   1.01 sec
----------------------------------------------------------
Test Passed.
"Schedule.SimpleNoSolMaxShifts" end time: Apr 08 20:24 UTC
"Schedule.SimpleNoSolMaxShifts" time elapsed: 00:00:01
----------------------------------------------------------

15/21 Testing: Schedule.SimpleNoSolNoAvail1
15/21 Test: Schedule.SimpleNoSolNoAvail1
Command: "/usr/bin/valgrind" "--tool=memcheck" "--leak-check=yes" "--trace-children=no" "/work/hw-melgart/hw5/hw5_stu_tests/schedwork_tests/schedwork_tests" "--gtest_filter=Schedule.SimpleNoSolNoAvail1"
Directory: /work/hw-melgart/hw5/hw5_stu_tests/schedwork_tests
"Schedule.SimpleNoSolNoAvail1" start time: Apr 08 20:24 UTC
Output:
----------------------------------------------------------
==3467== Memcheck, a memory error detector
==3467== Copyright (C) 2002-2017, and GNU GPL'd, by Julian Seward et al.
==3467== Using Valgrind-3.15.0 and LibVEX; rerun with -h for copyright info
==3467== Command: /work/hw-melgart/hw5/hw5_stu_tests/schedwork_tests/schedwork_tests --gtest_filter=Schedule.SimpleNoSolNoAvail1
==3467== 
Running main() from /build/googletest-j5yxiC/googletest-1.10.0/googletest/src/gtest_main.cc
Note: Google Test filter = Schedule.SimpleNoSolNoAvail1
[==========] Running 1 test from 1 test suite.
[----------] Global test environment set-up.
[----------] 1 test from Schedule
[ RUN      ] Schedule.SimpleNoSolNoAvail1
[       OK ] Schedule.SimpleNoSolNoAvail1 (40 ms)
[----------] 1 test from Schedule (47 ms total)

[----------] Global test environment tear-down
[==========] 1 test from 1 test suite ran. (70 ms total)
[  PASSED  ] 1 test.
==3467== 
==3467== HEAP SUMMARY:
==3467==     in use at exit: 0 bytes in 0 blocks
==3467==   total heap usage: 274 allocs, 274 frees, 120,819 bytes allocated
==3467== 
==3467== All heap blocks were freed -- no leaks are possible
==3467== 
==3467== For lists of detected and suppressed errors, rerun with: -s
==3467== ERROR SUMMARY: 0 errors from 0 contexts (suppressed: 0 from 0)
<end of output>
Test time =   1.03 sec
----------------------------------------------------------
Test Passed.
"Schedule.SimpleNoSolNoAvail1" end time: Apr 08 20:24 UTC
"Schedule.SimpleNoSolNoAvail1" time elapsed: 00:00:01
----------------------------------------------------------

16/21 Testing: Schedule.SimpleNoSolNoAvail2
16/21 Test: Schedule.SimpleNoSolNoAvail2
Command: "/usr/bin/valgrind" "--tool=memcheck" "--leak-check=yes" "--trace-children=no" "/work/hw-melgart/hw5/hw5_stu_tests/schedwork_tests/schedwork_tests" "--gtest_filter=Schedule.SimpleNoSolNoAvail2"
Directory: /work/hw-melgart/hw5/hw5_stu_tests/schedwork_tests
"Schedule.SimpleNoSolNoAvail2" start time: Apr 08 20:24 UTC
Output:
----------------------------------------------------------
==3468== Memcheck, a memory error detector
==3468== Copyright (C) 2002-2017, and GNU GPL'd, by Julian Seward et al.
==3468== Using Valgrind-3.15.0 and LibVEX; rerun with -h for copyright info
==3468== Command: /work/hw-melgart/hw5/hw5_stu_tests/schedwork_tests/schedwork_tests --gtest_filter=Schedule.SimpleNoSolNoAvail2
==3468== 
Running main() from /build/googletest-j5yxiC/googletest-1.10.0/googletest/src/gtest_main.cc
Note: Google Test filter = Schedule.SimpleNoSolNoAvail2
[==========] Running 1 test from 1 test suite.
[----------] Global test environment set-up.
[----------] 1 test from Schedule
[ RUN      ] Schedule.SimpleNoSolNoAvail2
[       OK ] Schedule.SimpleNoSolNoAvail2 (39 ms)
[----------] 1 test from Schedule (44 ms total)

[----------] Global test environment tear-down
[==========] 1 test from 1 test suite ran. (68 ms total)
[  PASSED  ] 1 test.
==3468== 
==3468== HEAP SUMMARY:
==3468==     in use at exit: 0 bytes in 0 blocks
==3468==   total heap usage: 274 allocs, 274 frees, 120,819 bytes allocated
==3468== 
==3468== All heap blocks were freed -- no leaks are possible
==3468== 
==3468== For lists of detected and suppressed errors, rerun with: -s
==3468== ERROR SUMMARY: 0 errors from 0 contexts (suppressed: 0 from 0)
<end of output>
Test time =   1.03 sec
----------------------------------------------------------
Test Passed.
"Schedule.SimpleNoSolNoAvail2" end time: Apr 08 20:24 UTC
"Schedule.SimpleNoSolNoAvail2" time elapsed: 00:00:01
----------------------------------------------------------

17/21 Testing: Schedule.SimpleNoSolNoAvail3
17/21 Test: Schedule.SimpleNoSolNoAvail3
Command: "/usr/bin/valgrind" "--tool=memcheck" "--leak-check=yes" "--trace-children=no" "/work/hw-melgart/hw5/hw5_stu_tests/schedwork_tests/schedwork_tests" "--gtest_filter=Schedule.SimpleNoSolNoAvail3"
Directory: /work/hw-melgart/hw5/hw5_stu_tests/schedwork_tests
"Schedule.SimpleNoSolNoAvail3" start time: Apr 08 20:24 UTC
Output:
----------------------------------------------------------
==3469== Memcheck, a memory error detector
==3469== Copyright (C) 2002-2017, and GNU GPL'd, by Julian Seward et al.
==3469== Using Valgrind-3.15.0 and LibVEX; rerun with -h for copyright info
==3469== Command: /work/hw-melgart/hw5/hw5_stu_tests/schedwork_tests/schedwork_tests --gtest_filter=Schedule.SimpleNoSolNoAvail3
==3469== 
Running main() from /build/googletest-j5yxiC/googletest-1.10.0/googletest/src/gtest_main.cc
Note: Google Test filter = Schedule.SimpleNoSolNoAvail3
[==========] Running 1 test from 1 test suite.
[----------] Global test environment set-up.
[----------] 1 test from Schedule
[ RUN      ] Schedule.SimpleNoSolNoAvail3
[       OK ] Schedule.SimpleNoSolNoAvail3 (38 ms)
[----------] 1 test from Schedule (45 ms total)

[----------] Global test environment tear-down
[==========] 1 test from 1 test suite ran. (68 ms total)
[  PASSED  ] 1 test.
==3469== 
==3469== HEAP SUMMARY:
==3469==     in use at exit: 0 bytes in 0 blocks
==3469==   total heap usage: 274 allocs, 274 frees, 120,819 bytes allocated
==3469== 
==3469== All heap blocks were freed -- no leaks are possible
==3469== 
==3469== For lists of detected and suppressed errors, rerun with: -s
==3469== ERROR SUMMARY: 0 errors from 0 contexts (suppressed: 0 from 0)
<end of output>
Test time =   1.05 sec
----------------------------------------------------------
Test Passed.
"Schedule.SimpleNoSolNoAvail3" end time: Apr 08 20:24 UTC
"Schedule.SimpleNoSolNoAvail3" time elapsed: 00:00:01
----------------------------------------------------------

18/21 Testing: Schedule.Nominal1
18/21 Test: Schedule.Nominal1
Command: "/usr/bin/valgrind" "--tool=memcheck" "--leak-check=yes" "--trace-children=no" "/work/hw-melgart/hw5/hw5_stu_tests/schedwork_tests/schedwork_tests" "--gtest_filter=Schedule.Nominal1"
Directory: /work/hw-melgart/hw5/hw5_stu_tests/schedwork_tests
"Schedule.Nominal1" start time: Apr 08 20:24 UTC
Output:
----------------------------------------------------------
==3470== Memcheck, a memory error detector
==3470== Copyright (C) 2002-2017, and GNU GPL'd, by Julian Seward et al.
==3470== Using Valgrind-3.15.0 and LibVEX; rerun with -h for copyright info
==3470== Command: /work/hw-melgart/hw5/hw5_stu_tests/schedwork_tests/schedwork_tests --gtest_filter=Schedule.Nominal1
==3470== 
Running main() from /build/googletest-j5yxiC/googletest-1.10.0/googletest/src/gtest_main.cc
Note: Google Test filter = Schedule.Nominal1
[==========] Running 1 test from 1 test suite.
[----------] Global test environment set-up.
[----------] 1 test from Schedule
[ RUN      ] Schedule.Nominal1
/work/hw-melgart/hw5/hw5_stu_tests/schedwork_tests/schedwork-tests.cpp:211: Failure
Value of: result
  Actual: false (For availability:
1 1 1 1 
1 0 1 0 
1 1 0 1 
1 0 0 1 

Error in schedule:

Mismatch with boolean return result (expected: 1 / actual: 0)
)
Expected: true
[  FAILED  ] Schedule.Nominal1 (72 ms)
[----------] 1 test from Schedule (80 ms total)

[----------] Global test environment tear-down
[==========] 1 test from 1 test suite ran. (103 ms total)
[  PASSED  ] 0 tests.
[  FAILED  ] 1 test, listed below:
[  FAILED  ] Schedule.Nominal1

 1 FAILED TEST
==3470== 
==3470== HEAP SUMMARY:
==3470==     in use at exit: 0 bytes in 0 blocks
==3470==   total heap usage: 320 allocs, 320 frees, 131,538 bytes allocated
==3470== 
==3470== All heap blocks were freed -- no leaks are possible
==3470== 
==3470== For lists of detected and suppressed errors, rerun with: -s
==3470== ERROR SUMMARY: 0 errors from 0 contexts (suppressed: 0 from 0)
<end of output>
Test time =   1.07 sec
----------------------------------------------------------
Test Failed.
"Schedule.Nominal1" end time: Apr 08 20:24 UTC
"Schedule.Nominal1" time elapsed: 00:00:01
----------------------------------------------------------

19/21 Testing: Schedule.Nominal1NoSol1
19/21 Test: Schedule.Nominal1NoSol1
Command: "/usr/bin/valgrind" "--tool=memcheck" "--leak-check=yes" "--trace-children=no" "/work/hw-melgart/hw5/hw5_stu_tests/schedwork_tests/schedwork_tests" "--gtest_filter=Schedule.Nominal1NoSol1"
Directory: /work/hw-melgart/hw5/hw5_stu_tests/schedwork_tests
"Schedule.Nominal1NoSol1" start time: Apr 08 20:24 UTC
Output:
----------------------------------------------------------
==3471== Memcheck, a memory error detector
==3471== Copyright (C) 2002-2017, and GNU GPL'd, by Julian Seward et al.
==3471== Using Valgrind-3.15.0 and LibVEX; rerun with -h for copyright info
==3471== Command: /work/hw-melgart/hw5/hw5_stu_tests/schedwork_tests/schedwork_tests --gtest_filter=Schedule.Nominal1NoSol1
==3471== 
Running main() from /build/googletest-j5yxiC/googletest-1.10.0/googletest/src/gtest_main.cc
Note: Google Test filter = Schedule.Nominal1NoSol1
[==========] Running 1 test from 1 test suite.
[----------] Global test environment set-up.
[----------] 1 test from Schedule
[ RUN      ] Schedule.Nominal1NoSol1
[       OK ] Schedule.Nominal1NoSol1 (39 ms)
[----------] 1 test from Schedule (46 ms total)

[----------] Global test environment tear-down
[==========] 1 test from 1 test suite ran. (68 ms total)
[  PASSED  ] 1 test.
==3471== 
==3471== HEAP SUMMARY:
==3471==     in use at exit: 0 bytes in 0 blocks
==3471==   total heap usage: 276 allocs, 276 frees, 120,840 bytes allocated
==3471== 
==3471== All heap blocks were freed -- no leaks are possible
==3471== 
==3471== For lists of detected and suppressed errors, rerun with: -s
==3471== ERROR SUMMARY: 0 errors from 0 contexts (suppressed: 0 from 0)
<end of output>
Test time =   1.02 sec
----------------------------------------------------------
Test Passed.
"Schedule.Nominal1NoSol1" end time: Apr 08 20:24 UTC
"Schedule.Nominal1NoSol1" time elapsed: 00:00:01
----------------------------------------------------------

20/21 Testing: Schedule.Nominal1NoSol2
20/21 Test: Schedule.Nominal1NoSol2
Command: "/usr/bin/valgrind" "--tool=memcheck" "--leak-check=yes" "--trace-children=no" "/work/hw-melgart/hw5/hw5_stu_tests/schedwork_tests/schedwork_tests" "--gtest_filter=Schedule.Nominal1NoSol2"
Directory: /work/hw-melgart/hw5/hw5_stu_tests/schedwork_tests
"Schedule.Nominal1NoSol2" start time: Apr 08 20:24 UTC
Output:
----------------------------------------------------------
==3472== Memcheck, a memory error detector
==3472== Copyright (C) 2002-2017, and GNU GPL'd, by Julian Seward et al.
==3472== Using Valgrind-3.15.0 and LibVEX; rerun with -h for copyright info
==3472== Command: /work/hw-melgart/hw5/hw5_stu_tests/schedwork_tests/schedwork_tests --gtest_filter=Schedule.Nominal1NoSol2
==3472== 
Running main() from /build/googletest-j5yxiC/googletest-1.10.0/googletest/src/gtest_main.cc
Note: Google Test filter = Schedule.Nominal1NoSol2
[==========] Running 1 test from 1 test suite.
[----------] Global test environment set-up.
[----------] 1 test from Schedule
[ RUN      ] Schedule.Nominal1NoSol2
[       OK ] Schedule.Nominal1NoSol2 (39 ms)
[----------] 1 test from Schedule (45 ms total)

[----------] Global test environment tear-down
[==========] 1 test from 1 test suite ran. (70 ms total)
[  PASSED  ] 1 test.
==3472== 
==3472== HEAP SUMMARY:
==3472==     in use at exit: 0 bytes in 0 blocks
==3472==   total heap usage: 276 allocs, 276 frees, 120,840 bytes allocated
==3472== 
==3472== All heap blocks were freed -- no leaks are possible
==3472== 
==3472== For lists of detected and suppressed errors, rerun with: -s
==3472== ERROR SUMMARY: 0 errors from 0 contexts (suppressed: 0 from 0)
<end of output>
Test time =   1.02 sec
----------------------------------------------------------
Test Passed.
"Schedule.Nominal1NoSol2" end time: Apr 08 20:24 UTC
"Schedule.Nominal1NoSol2" time elapsed: 00:00:01
----------------------------------------------------------

21/21 Testing: Schedule.Nominal2
21/21 Test: Schedule.Nominal2
Command: "/usr/bin/valgrind" "--tool=memcheck" "--leak-check=yes" "--trace-children=no" "/work/hw-melgart/hw5/hw5_stu_tests/schedwork_tests/schedwork_tests" "--gtest_filter=Schedule.Nominal2"
Directory: /work/hw-melgart/hw5/hw5_stu_tests/schedwork_tests
"Schedule.Nominal2" start time: Apr 08 20:24 UTC
Output:
----------------------------------------------------------
==3473== Memcheck, a memory error detector
==3473== Copyright (C) 2002-2017, and GNU GPL'd, by Julian Seward et al.
==3473== Using Valgrind-3.15.0 and LibVEX; rerun with -h for copyright info
==3473== Command: /work/hw-melgart/hw5/hw5_stu_tests/schedwork_tests/schedwork_tests --gtest_filter=Schedule.Nominal2
==3473== 
Running main() from /build/googletest-j5yxiC/googletest-1.10.0/googletest/src/gtest_main.cc
Note: Google Test filter = Schedule.Nominal2
[==========] Running 1 test from 1 test suite.
[----------] Global test environment set-up.
[----------] 1 test from Schedule
[ RUN      ] Schedule.Nominal2
/work/hw-melgart/hw5/hw5_stu_tests/schedwork_tests/schedwork-tests.cpp:274: Failure
Value of: result
  Actual: false (For availability:
0 1 0 1 1 0 1 
0 1 1 0 1 0 0 
1 0 0 1 1 0 0 
1 1 0 0 0 0 1 
1 0 1 0 1 1 0 
1 1 1 0 1 1 1 
1 0 0 1 1 1 0 

Error in schedule:

Mismatch with boolean return result (expected: 1 / actual: 0)
)
Expected: true
[  FAILED  ] Schedule.Nominal2 (73 ms)
[----------] 1 test from Schedule (81 ms total)

[----------] Global test environment tear-down
[==========] 1 test from 1 test suite ran. (104 ms total)
[  PASSED  ] 0 tests.
[  FAILED  ] 1 test, listed below:
[  FAILED  ] Schedule.Nominal2

 1 FAILED TEST
==3473== 
==3473== HEAP SUMMARY:
==3473==     in use at exit: 0 bytes in 0 blocks
==3473==   total heap usage: 326 allocs, 326 frees, 133,362 bytes allocated
==3473== 
==3473== All heap blocks were freed -- no leaks are possible
==3473== 
==3473== For lists of detected and suppressed errors, rerun with: -s
==3473== ERROR SUMMARY: 0 errors from 0 contexts (suppressed: 0 from 0)
<end of output>
Test time =   1.07 sec
----------------------------------------------------------
Test Failed.
"Schedule.Nominal2" end time: Apr 08 20:24 UTC
"Schedule.Nominal2" time elapsed: 00:00:01
----------------------------------------------------------

End testing: Apr 08 20:24 UTC
