Start testing: Feb 22 20:14 UTC
----------------------------------------------------------
1/21 Testing: HeapTest.ConstructionDestruction
1/21 Test: HeapTest.ConstructionDestruction
Command: "/usr/bin/valgrind" "--tool=memcheck" "--leak-check=yes" "--trace-children=no" "--error-exitcode=113" "/work/hw-melgart/hw3/hw3_heap_checker/heap_tests/heap_tests" "--gtest_filter=HeapTest.ConstructionDestruction"
Directory: /work/hw-melgart/hw3/hw3_heap_checker/heap_tests
"HeapTest.ConstructionDestruction" start time: Feb 22 20:14 UTC
Output:
----------------------------------------------------------
==2570== Memcheck, a memory error detector
==2570== Copyright (C) 2002-2017, and GNU GPL'd, by Julian Seward et al.
==2570== Using Valgrind-3.15.0 and LibVEX; rerun with -h for copyright info
==2570== Command: /work/hw-melgart/hw3/hw3_heap_checker/heap_tests/heap_tests --gtest_filter=HeapTest.ConstructionDestruction
==2570== 
Running main() from /build/googletest-j5yxiC/googletest-1.10.0/googletest/src/gtest_main.cc
Note: Google Test filter = HeapTest.ConstructionDestruction
[==========] Running 1 test from 1 test suite.
[----------] Global test environment set-up.
[----------] 1 test from HeapTest
[ RUN      ] HeapTest.ConstructionDestruction
[       OK ] HeapTest.ConstructionDestruction (11 ms)
[----------] 1 test from HeapTest (19 ms total)

[----------] Global test environment tear-down
[==========] 1 test from 1 test suite ran. (50 ms total)
[  PASSED  ] 1 test.
==2570== 
==2570== HEAP SUMMARY:
==2570==     in use at exit: 0 bytes in 0 blocks
==2570==   total heap usage: 409 allocs, 409 frees, 129,290 bytes allocated
==2570== 
==2570== All heap blocks were freed -- no leaks are possible
==2570== 
==2570== For lists of detected and suppressed errors, rerun with: -s
==2570== ERROR SUMMARY: 0 errors from 0 contexts (suppressed: 0 from 0)
<end of output>
Test time =   1.83 sec
----------------------------------------------------------
Test Passed.
"HeapTest.ConstructionDestruction" end time: Feb 22 20:14 UTC
"HeapTest.ConstructionDestruction" time elapsed: 00:00:01
----------------------------------------------------------

2/21 Testing: HeapTest.InitiallyEmpty
2/21 Test: HeapTest.InitiallyEmpty
Command: "/usr/bin/valgrind" "--tool=memcheck" "--leak-check=yes" "--trace-children=no" "--error-exitcode=113" "/work/hw-melgart/hw3/hw3_heap_checker/heap_tests/heap_tests" "--gtest_filter=HeapTest.InitiallyEmpty"
Directory: /work/hw-melgart/hw3/hw3_heap_checker/heap_tests
"HeapTest.InitiallyEmpty" start time: Feb 22 20:14 UTC
Output:
----------------------------------------------------------
==2571== Memcheck, a memory error detector
==2571== Copyright (C) 2002-2017, and GNU GPL'd, by Julian Seward et al.
==2571== Using Valgrind-3.15.0 and LibVEX; rerun with -h for copyright info
==2571== Command: /work/hw-melgart/hw3/hw3_heap_checker/heap_tests/heap_tests --gtest_filter=HeapTest.InitiallyEmpty
==2571== 
Running main() from /build/googletest-j5yxiC/googletest-1.10.0/googletest/src/gtest_main.cc
Note: Google Test filter = HeapTest.InitiallyEmpty
[==========] Running 1 test from 1 test suite.
[----------] Global test environment set-up.
[----------] 1 test from HeapTest
[ RUN      ] HeapTest.InitiallyEmpty
[       OK ] HeapTest.InitiallyEmpty (12 ms)
[----------] 1 test from HeapTest (19 ms total)

[----------] Global test environment tear-down
[==========] 1 test from 1 test suite ran. (44 ms total)
[  PASSED  ] 1 test.
==2571== 
==2571== HEAP SUMMARY:
==2571==     in use at exit: 0 bytes in 0 blocks
==2571==   total heap usage: 409 allocs, 409 frees, 129,181 bytes allocated
==2571== 
==2571== All heap blocks were freed -- no leaks are possible
==2571== 
==2571== For lists of detected and suppressed errors, rerun with: -s
==2571== ERROR SUMMARY: 0 errors from 0 contexts (suppressed: 0 from 0)
<end of output>
Test time =   1.10 sec
----------------------------------------------------------
Test Passed.
"HeapTest.InitiallyEmpty" end time: Feb 22 20:14 UTC
"HeapTest.InitiallyEmpty" time elapsed: 00:00:01
----------------------------------------------------------

3/21 Testing: HeapTest.EmptyTopException
3/21 Test: HeapTest.EmptyTopException
Command: "/usr/bin/valgrind" "--tool=memcheck" "--leak-check=yes" "--trace-children=no" "--error-exitcode=113" "/work/hw-melgart/hw3/hw3_heap_checker/heap_tests/heap_tests" "--gtest_filter=HeapTest.EmptyTopException"
Directory: /work/hw-melgart/hw3/hw3_heap_checker/heap_tests
"HeapTest.EmptyTopException" start time: Feb 22 20:14 UTC
Output:
----------------------------------------------------------
==2572== Memcheck, a memory error detector
==2572== Copyright (C) 2002-2017, and GNU GPL'd, by Julian Seward et al.
==2572== Using Valgrind-3.15.0 and LibVEX; rerun with -h for copyright info
==2572== Command: /work/hw-melgart/hw3/hw3_heap_checker/heap_tests/heap_tests --gtest_filter=HeapTest.EmptyTopException
==2572== 
Running main() from /build/googletest-j5yxiC/googletest-1.10.0/googletest/src/gtest_main.cc
Note: Google Test filter = HeapTest.EmptyTopException
[==========] Running 1 test from 1 test suite.
[----------] Global test environment set-up.
[----------] 1 test from HeapTest
[ RUN      ] HeapTest.EmptyTopException
[       OK ] HeapTest.EmptyTopException (53 ms)
[----------] 1 test from HeapTest (61 ms total)

[----------] Global test environment tear-down
[==========] 1 test from 1 test suite ran. (87 ms total)
[  PASSED  ] 1 test.
==2572== 
==2572== HEAP SUMMARY:
==2572==     in use at exit: 0 bytes in 0 blocks
==2572==   total heap usage: 411 allocs, 411 frees, 129,388 bytes allocated
==2572== 
==2572== All heap blocks were freed -- no leaks are possible
==2572== 
==2572== For lists of detected and suppressed errors, rerun with: -s
==2572== ERROR SUMMARY: 0 errors from 0 contexts (suppressed: 0 from 0)
<end of output>
Test time =   1.15 sec
----------------------------------------------------------
Test Passed.
"HeapTest.EmptyTopException" end time: Feb 22 20:14 UTC
"HeapTest.EmptyTopException" time elapsed: 00:00:01
----------------------------------------------------------

4/21 Testing: HeapTest.EmptyPopException
4/21 Test: HeapTest.EmptyPopException
Command: "/usr/bin/valgrind" "--tool=memcheck" "--leak-check=yes" "--trace-children=no" "--error-exitcode=113" "/work/hw-melgart/hw3/hw3_heap_checker/heap_tests/heap_tests" "--gtest_filter=HeapTest.EmptyPopException"
Directory: /work/hw-melgart/hw3/hw3_heap_checker/heap_tests
"HeapTest.EmptyPopException" start time: Feb 22 20:14 UTC
Output:
----------------------------------------------------------
==2573== Memcheck, a memory error detector
==2573== Copyright (C) 2002-2017, and GNU GPL'd, by Julian Seward et al.
==2573== Using Valgrind-3.15.0 and LibVEX; rerun with -h for copyright info
==2573== Command: /work/hw-melgart/hw3/hw3_heap_checker/heap_tests/heap_tests --gtest_filter=HeapTest.EmptyPopException
==2573== 
Running main() from /build/googletest-j5yxiC/googletest-1.10.0/googletest/src/gtest_main.cc
Note: Google Test filter = HeapTest.EmptyPopException
[==========] Running 1 test from 1 test suite.
[----------] Global test environment set-up.
[----------] 1 test from HeapTest
[ RUN      ] HeapTest.EmptyPopException
[       OK ] HeapTest.EmptyPopException (45 ms)
[----------] 1 test from HeapTest (55 ms total)

[----------] Global test environment tear-down
[==========] 1 test from 1 test suite ran. (81 ms total)
[  PASSED  ] 1 test.
==2573== 
==2573== HEAP SUMMARY:
==2573==     in use at exit: 0 bytes in 0 blocks
==2573==   total heap usage: 411 allocs, 411 frees, 129,388 bytes allocated
==2573== 
==2573== All heap blocks were freed -- no leaks are possible
==2573== 
==2573== For lists of detected and suppressed errors, rerun with: -s
==2573== ERROR SUMMARY: 0 errors from 0 contexts (suppressed: 0 from 0)
<end of output>
Test time =   1.13 sec
----------------------------------------------------------
Test Passed.
"HeapTest.EmptyPopException" end time: Feb 22 20:14 UTC
"HeapTest.EmptyPopException" time elapsed: 00:00:01
----------------------------------------------------------

5/21 Testing: HeapTest.SingleItemNonempty
5/21 Test: HeapTest.SingleItemNonempty
Command: "/usr/bin/valgrind" "--tool=memcheck" "--leak-check=yes" "--trace-children=no" "--error-exitcode=113" "/work/hw-melgart/hw3/hw3_heap_checker/heap_tests/heap_tests" "--gtest_filter=HeapTest.SingleItemNonempty"
Directory: /work/hw-melgart/hw3/hw3_heap_checker/heap_tests
"HeapTest.SingleItemNonempty" start time: Feb 22 20:14 UTC
Output:
----------------------------------------------------------
==2574== Memcheck, a memory error detector
==2574== Copyright (C) 2002-2017, and GNU GPL'd, by Julian Seward et al.
==2574== Using Valgrind-3.15.0 and LibVEX; rerun with -h for copyright info
==2574== Command: /work/hw-melgart/hw3/hw3_heap_checker/heap_tests/heap_tests --gtest_filter=HeapTest.SingleItemNonempty
==2574== 
Running main() from /build/googletest-j5yxiC/googletest-1.10.0/googletest/src/gtest_main.cc
Note: Google Test filter = HeapTest.SingleItemNonempty
[==========] Running 1 test from 1 test suite.
[----------] Global test environment set-up.
[----------] 1 test from HeapTest
[ RUN      ] HeapTest.SingleItemNonempty
[       OK ] HeapTest.SingleItemNonempty (21 ms)
[----------] 1 test from HeapTest (28 ms total)

[----------] Global test environment tear-down
[==========] 1 test from 1 test suite ran. (54 ms total)
[  PASSED  ] 1 test.
==2574== 
==2574== HEAP SUMMARY:
==2574==     in use at exit: 0 bytes in 0 blocks
==2574==   total heap usage: 410 allocs, 410 frees, 129,213 bytes allocated
==2574== 
==2574== All heap blocks were freed -- no leaks are possible
==2574== 
==2574== For lists of detected and suppressed errors, rerun with: -s
==2574== ERROR SUMMARY: 0 errors from 0 contexts (suppressed: 0 from 0)
<end of output>
Test time =   1.23 sec
----------------------------------------------------------
Test Passed.
"HeapTest.SingleItemNonempty" end time: Feb 22 20:14 UTC
"HeapTest.SingleItemNonempty" time elapsed: 00:00:01
----------------------------------------------------------

6/21 Testing: HeapTest.SingleItemPush
6/21 Test: HeapTest.SingleItemPush
Command: "/usr/bin/valgrind" "--tool=memcheck" "--leak-check=yes" "--trace-children=no" "--error-exitcode=113" "/work/hw-melgart/hw3/hw3_heap_checker/heap_tests/heap_tests" "--gtest_filter=HeapTest.SingleItemPush"
Directory: /work/hw-melgart/hw3/hw3_heap_checker/heap_tests
"HeapTest.SingleItemPush" start time: Feb 22 20:14 UTC
Output:
----------------------------------------------------------
==2575== Memcheck, a memory error detector
==2575== Copyright (C) 2002-2017, and GNU GPL'd, by Julian Seward et al.
==2575== Using Valgrind-3.15.0 and LibVEX; rerun with -h for copyright info
==2575== Command: /work/hw-melgart/hw3/hw3_heap_checker/heap_tests/heap_tests --gtest_filter=HeapTest.SingleItemPush
==2575== 
Running main() from /build/googletest-j5yxiC/googletest-1.10.0/googletest/src/gtest_main.cc
Note: Google Test filter = HeapTest.SingleItemPush
[==========] Running 1 test from 1 test suite.
[----------] Global test environment set-up.
[----------] 1 test from HeapTest
[ RUN      ] HeapTest.SingleItemPush
[       OK ] HeapTest.SingleItemPush (20 ms)
[----------] 1 test from HeapTest (28 ms total)

[----------] Global test environment tear-down
[==========] 1 test from 1 test suite ran. (53 ms total)
[  PASSED  ] 1 test.
==2575== 
==2575== HEAP SUMMARY:
==2575==     in use at exit: 0 bytes in 0 blocks
==2575==   total heap usage: 410 allocs, 410 frees, 129,185 bytes allocated
==2575== 
==2575== All heap blocks were freed -- no leaks are possible
==2575== 
==2575== For lists of detected and suppressed errors, rerun with: -s
==2575== ERROR SUMMARY: 0 errors from 0 contexts (suppressed: 0 from 0)
<end of output>
Test time =   1.10 sec
----------------------------------------------------------
Test Passed.
"HeapTest.SingleItemPush" end time: Feb 22 20:14 UTC
"HeapTest.SingleItemPush" time elapsed: 00:00:01
----------------------------------------------------------

7/21 Testing: HeapTest.SingleItemPushPop
7/21 Test: HeapTest.SingleItemPushPop
Command: "/usr/bin/valgrind" "--tool=memcheck" "--leak-check=yes" "--trace-children=no" "--error-exitcode=113" "/work/hw-melgart/hw3/hw3_heap_checker/heap_tests/heap_tests" "--gtest_filter=HeapTest.SingleItemPushPop"
Directory: /work/hw-melgart/hw3/hw3_heap_checker/heap_tests
"HeapTest.SingleItemPushPop" start time: Feb 22 20:14 UTC
Output:
----------------------------------------------------------
==2576== Memcheck, a memory error detector
==2576== Copyright (C) 2002-2017, and GNU GPL'd, by Julian Seward et al.
==2576== Using Valgrind-3.15.0 and LibVEX; rerun with -h for copyright info
==2576== Command: /work/hw-melgart/hw3/hw3_heap_checker/heap_tests/heap_tests --gtest_filter=HeapTest.SingleItemPushPop
==2576== 
Running main() from /build/googletest-j5yxiC/googletest-1.10.0/googletest/src/gtest_main.cc
Note: Google Test filter = HeapTest.SingleItemPushPop
[==========] Running 1 test from 1 test suite.
[----------] Global test environment set-up.
[----------] 1 test from HeapTest
[ RUN      ] HeapTest.SingleItemPushPop
[       OK ] HeapTest.SingleItemPushPop (28 ms)
[----------] 1 test from HeapTest (35 ms total)

[----------] Global test environment tear-down
[==========] 1 test from 1 test suite ran. (60 ms total)
[  PASSED  ] 1 test.
==2576== 
==2576== HEAP SUMMARY:
==2576==     in use at exit: 0 bytes in 0 blocks
==2576==   total heap usage: 410 allocs, 410 frees, 129,206 bytes allocated
==2576== 
==2576== All heap blocks were freed -- no leaks are possible
==2576== 
==2576== For lists of detected and suppressed errors, rerun with: -s
==2576== ERROR SUMMARY: 0 errors from 0 contexts (suppressed: 0 from 0)
<end of output>
Test time =   1.14 sec
----------------------------------------------------------
Test Passed.
"HeapTest.SingleItemPushPop" end time: Feb 22 20:14 UTC
"HeapTest.SingleItemPushPop" time elapsed: 00:00:01
----------------------------------------------------------

8/21 Testing: HeapTest.TwoElementPush_LowPriFirst
8/21 Test: HeapTest.TwoElementPush_LowPriFirst
Command: "/usr/bin/valgrind" "--tool=memcheck" "--leak-check=yes" "--trace-children=no" "--error-exitcode=113" "/work/hw-melgart/hw3/hw3_heap_checker/heap_tests/heap_tests" "--gtest_filter=HeapTest.TwoElementPush_LowPriFirst"
Directory: /work/hw-melgart/hw3/hw3_heap_checker/heap_tests
"HeapTest.TwoElementPush_LowPriFirst" start time: Feb 22 20:14 UTC
Output:
----------------------------------------------------------
==2577== Memcheck, a memory error detector
==2577== Copyright (C) 2002-2017, and GNU GPL'd, by Julian Seward et al.
==2577== Using Valgrind-3.15.0 and LibVEX; rerun with -h for copyright info
==2577== Command: /work/hw-melgart/hw3/hw3_heap_checker/heap_tests/heap_tests --gtest_filter=HeapTest.TwoElementPush_LowPriFirst
==2577== 
Running main() from /build/googletest-j5yxiC/googletest-1.10.0/googletest/src/gtest_main.cc
Note: Google Test filter = HeapTest.TwoElementPush_LowPriFirst
[==========] Running 1 test from 1 test suite.
[----------] Global test environment set-up.
[----------] 1 test from HeapTest
[ RUN      ] HeapTest.TwoElementPush_LowPriFirst
[       OK ] HeapTest.TwoElementPush_LowPriFirst (25 ms)
[----------] 1 test from HeapTest (32 ms total)

[----------] Global test environment tear-down
[==========] 1 test from 1 test suite ran. (56 ms total)
[  PASSED  ] 1 test.
==2577== 
==2577== HEAP SUMMARY:
==2577==     in use at exit: 0 bytes in 0 blocks
==2577==   total heap usage: 411 allocs, 411 frees, 129,392 bytes allocated
==2577== 
==2577== All heap blocks were freed -- no leaks are possible
==2577== 
==2577== For lists of detected and suppressed errors, rerun with: -s
==2577== ERROR SUMMARY: 0 errors from 0 contexts (suppressed: 0 from 0)
<end of output>
Test time =   1.09 sec
----------------------------------------------------------
Test Passed.
"HeapTest.TwoElementPush_LowPriFirst" end time: Feb 22 20:14 UTC
"HeapTest.TwoElementPush_LowPriFirst" time elapsed: 00:00:01
----------------------------------------------------------

9/21 Testing: HeapTest.TwoElementPush_HighPriFirst
9/21 Test: HeapTest.TwoElementPush_HighPriFirst
Command: "/usr/bin/valgrind" "--tool=memcheck" "--leak-check=yes" "--trace-children=no" "--error-exitcode=113" "/work/hw-melgart/hw3/hw3_heap_checker/heap_tests/heap_tests" "--gtest_filter=HeapTest.TwoElementPush_HighPriFirst"
Directory: /work/hw-melgart/hw3/hw3_heap_checker/heap_tests
"HeapTest.TwoElementPush_HighPriFirst" start time: Feb 22 20:14 UTC
Output:
----------------------------------------------------------
==2578== Memcheck, a memory error detector
==2578== Copyright (C) 2002-2017, and GNU GPL'd, by Julian Seward et al.
==2578== Using Valgrind-3.15.0 and LibVEX; rerun with -h for copyright info
==2578== Command: /work/hw-melgart/hw3/hw3_heap_checker/heap_tests/heap_tests --gtest_filter=HeapTest.TwoElementPush_HighPriFirst
==2578== 
Running main() from /build/googletest-j5yxiC/googletest-1.10.0/googletest/src/gtest_main.cc
Note: Google Test filter = HeapTest.TwoElementPush_HighPriFirst
[==========] Running 1 test from 1 test suite.
[----------] Global test environment set-up.
[----------] 1 test from HeapTest
[ RUN      ] HeapTest.TwoElementPush_HighPriFirst
[       OK ] HeapTest.TwoElementPush_HighPriFirst (33 ms)
[----------] 1 test from HeapTest (41 ms total)

[----------] Global test environment tear-down
[==========] 1 test from 1 test suite ran. (65 ms total)
[  PASSED  ] 1 test.
==2578== 
==2578== HEAP SUMMARY:
==2578==     in use at exit: 0 bytes in 0 blocks
==2578==   total heap usage: 411 allocs, 411 frees, 129,422 bytes allocated
==2578== 
==2578== All heap blocks were freed -- no leaks are possible
==2578== 
==2578== For lists of detected and suppressed errors, rerun with: -s
==2578== ERROR SUMMARY: 0 errors from 0 contexts (suppressed: 0 from 0)
<end of output>
Test time =   1.15 sec
----------------------------------------------------------
Test Passed.
"HeapTest.TwoElementPush_HighPriFirst" end time: Feb 22 20:14 UTC
"HeapTest.TwoElementPush_HighPriFirst" time elapsed: 00:00:01
----------------------------------------------------------

10/21 Testing: HeapTest.Duplicates
10/21 Test: HeapTest.Duplicates
Command: "/usr/bin/valgrind" "--tool=memcheck" "--leak-check=yes" "--trace-children=no" "--error-exitcode=113" "/work/hw-melgart/hw3/hw3_heap_checker/heap_tests/heap_tests" "--gtest_filter=HeapTest.Duplicates"
Directory: /work/hw-melgart/hw3/hw3_heap_checker/heap_tests
"HeapTest.Duplicates" start time: Feb 22 20:14 UTC
Output:
----------------------------------------------------------
==2579== Memcheck, a memory error detector
==2579== Copyright (C) 2002-2017, and GNU GPL'd, by Julian Seward et al.
==2579== Using Valgrind-3.15.0 and LibVEX; rerun with -h for copyright info
==2579== Command: /work/hw-melgart/hw3/hw3_heap_checker/heap_tests/heap_tests --gtest_filter=HeapTest.Duplicates
==2579== 
Running main() from /build/googletest-j5yxiC/googletest-1.10.0/googletest/src/gtest_main.cc
Note: Google Test filter = HeapTest.Duplicates
[==========] Running 1 test from 1 test suite.
[----------] Global test environment set-up.
[----------] 1 test from HeapTest
[ RUN      ] HeapTest.Duplicates
[       OK ] HeapTest.Duplicates (30 ms)
[----------] 1 test from HeapTest (37 ms total)

[----------] Global test environment tear-down
[==========] 1 test from 1 test suite ran. (65 ms total)
[  PASSED  ] 1 test.
==2579== 
==2579== HEAP SUMMARY:
==2579==     in use at exit: 0 bytes in 0 blocks
==2579==   total heap usage: 412 allocs, 412 frees, 129,181 bytes allocated
==2579== 
==2579== All heap blocks were freed -- no leaks are possible
==2579== 
==2579== For lists of detected and suppressed errors, rerun with: -s
==2579== ERROR SUMMARY: 0 errors from 0 contexts (suppressed: 0 from 0)
<end of output>
Test time =   1.09 sec
----------------------------------------------------------
Test Passed.
"HeapTest.Duplicates" end time: Feb 22 20:14 UTC
"HeapTest.Duplicates" time elapsed: 00:00:01
----------------------------------------------------------

11/21 Testing: HeapTest.NegativeElements
11/21 Test: HeapTest.NegativeElements
Command: "/usr/bin/valgrind" "--tool=memcheck" "--leak-check=yes" "--trace-children=no" "--error-exitcode=113" "/work/hw-melgart/hw3/hw3_heap_checker/heap_tests/heap_tests" "--gtest_filter=HeapTest.NegativeElements"
Directory: /work/hw-melgart/hw3/hw3_heap_checker/heap_tests
"HeapTest.NegativeElements" start time: Feb 22 20:14 UTC
Output:
----------------------------------------------------------
==2580== Memcheck, a memory error detector
==2580== Copyright (C) 2002-2017, and GNU GPL'd, by Julian Seward et al.
==2580== Using Valgrind-3.15.0 and LibVEX; rerun with -h for copyright info
==2580== Command: /work/hw-melgart/hw3/hw3_heap_checker/heap_tests/heap_tests --gtest_filter=HeapTest.NegativeElements
==2580== 
Running main() from /build/googletest-j5yxiC/googletest-1.10.0/googletest/src/gtest_main.cc
Note: Google Test filter = HeapTest.NegativeElements
[==========] Running 1 test from 1 test suite.
[----------] Global test environment set-up.
[----------] 1 test from HeapTest
[ RUN      ] HeapTest.NegativeElements
[       OK ] HeapTest.NegativeElements (23 ms)
[----------] 1 test from HeapTest (29 ms total)

[----------] Global test environment tear-down
[==========] 1 test from 1 test suite ran. (55 ms total)
[  PASSED  ] 1 test.
==2580== 
==2580== HEAP SUMMARY:
==2580==     in use at exit: 0 bytes in 0 blocks
==2580==   total heap usage: 411 allocs, 411 frees, 129,207 bytes allocated
==2580== 
==2580== All heap blocks were freed -- no leaks are possible
==2580== 
==2580== For lists of detected and suppressed errors, rerun with: -s
==2580== ERROR SUMMARY: 0 errors from 0 contexts (suppressed: 0 from 0)
<end of output>
Test time =   1.08 sec
----------------------------------------------------------
Test Passed.
"HeapTest.NegativeElements" end time: Feb 22 20:14 UTC
"HeapTest.NegativeElements" time elapsed: 00:00:01
----------------------------------------------------------

12/21 Testing: HeapTest.ThreeElementPush_0_5_10
12/21 Test: HeapTest.ThreeElementPush_0_5_10
Command: "/usr/bin/valgrind" "--tool=memcheck" "--leak-check=yes" "--trace-children=no" "--error-exitcode=113" "/work/hw-melgart/hw3/hw3_heap_checker/heap_tests/heap_tests" "--gtest_filter=HeapTest.ThreeElementPush_0_5_10"
Directory: /work/hw-melgart/hw3/hw3_heap_checker/heap_tests
"HeapTest.ThreeElementPush_0_5_10" start time: Feb 22 20:14 UTC
Output:
----------------------------------------------------------
==2581== Memcheck, a memory error detector
==2581== Copyright (C) 2002-2017, and GNU GPL'd, by Julian Seward et al.
==2581== Using Valgrind-3.15.0 and LibVEX; rerun with -h for copyright info
==2581== Command: /work/hw-melgart/hw3/hw3_heap_checker/heap_tests/heap_tests --gtest_filter=HeapTest.ThreeElementPush_0_5_10
==2581== 
Running main() from /build/googletest-j5yxiC/googletest-1.10.0/googletest/src/gtest_main.cc
Note: Google Test filter = HeapTest.ThreeElementPush_0_5_10
[==========] Running 1 test from 1 test suite.
[----------] Global test environment set-up.
[----------] 1 test from HeapTest
[ RUN      ] HeapTest.ThreeElementPush_0_5_10
[       OK ] HeapTest.ThreeElementPush_0_5_10 (29 ms)
[----------] 1 test from HeapTest (34 ms total)

[----------] Global test environment tear-down
[==========] 1 test from 1 test suite ran. (61 ms total)
[  PASSED  ] 1 test.
==2581== 
==2581== HEAP SUMMARY:
==2581==     in use at exit: 0 bytes in 0 blocks
==2581==   total heap usage: 412 allocs, 412 frees, 129,318 bytes allocated
==2581== 
==2581== All heap blocks were freed -- no leaks are possible
==2581== 
==2581== For lists of detected and suppressed errors, rerun with: -s
==2581== ERROR SUMMARY: 0 errors from 0 contexts (suppressed: 0 from 0)
<end of output>
Test time =   1.23 sec
----------------------------------------------------------
Test Passed.
"HeapTest.ThreeElementPush_0_5_10" end time: Feb 22 20:14 UTC
"HeapTest.ThreeElementPush_0_5_10" time elapsed: 00:00:01
----------------------------------------------------------

13/21 Testing: HeapTest.ThreeElementPush_0_10_5
13/21 Test: HeapTest.ThreeElementPush_0_10_5
Command: "/usr/bin/valgrind" "--tool=memcheck" "--leak-check=yes" "--trace-children=no" "--error-exitcode=113" "/work/hw-melgart/hw3/hw3_heap_checker/heap_tests/heap_tests" "--gtest_filter=HeapTest.ThreeElementPush_0_10_5"
Directory: /work/hw-melgart/hw3/hw3_heap_checker/heap_tests
"HeapTest.ThreeElementPush_0_10_5" start time: Feb 22 20:14 UTC
Output:
----------------------------------------------------------
==2582== Memcheck, a memory error detector
==2582== Copyright (C) 2002-2017, and GNU GPL'd, by Julian Seward et al.
==2582== Using Valgrind-3.15.0 and LibVEX; rerun with -h for copyright info
==2582== Command: /work/hw-melgart/hw3/hw3_heap_checker/heap_tests/heap_tests --gtest_filter=HeapTest.ThreeElementPush_0_10_5
==2582== 
Running main() from /build/googletest-j5yxiC/googletest-1.10.0/googletest/src/gtest_main.cc
Note: Google Test filter = HeapTest.ThreeElementPush_0_10_5
[==========] Running 1 test from 1 test suite.
[----------] Global test environment set-up.
[----------] 1 test from HeapTest
[ RUN      ] HeapTest.ThreeElementPush_0_10_5
[       OK ] HeapTest.ThreeElementPush_0_10_5 (27 ms)
[----------] 1 test from HeapTest (34 ms total)

[----------] Global test environment tear-down
[==========] 1 test from 1 test suite ran. (60 ms total)
[  PASSED  ] 1 test.
==2582== 
==2582== HEAP SUMMARY:
==2582==     in use at exit: 0 bytes in 0 blocks
==2582==   total heap usage: 412 allocs, 412 frees, 129,318 bytes allocated
==2582== 
==2582== All heap blocks were freed -- no leaks are possible
==2582== 
==2582== For lists of detected and suppressed errors, rerun with: -s
==2582== ERROR SUMMARY: 0 errors from 0 contexts (suppressed: 0 from 0)
<end of output>
Test time =   1.31 sec
----------------------------------------------------------
Test Passed.
"HeapTest.ThreeElementPush_0_10_5" end time: Feb 22 20:14 UTC
"HeapTest.ThreeElementPush_0_10_5" time elapsed: 00:00:01
----------------------------------------------------------

14/21 Testing: HeapTest.ThreeElementPush_5_0_10
14/21 Test: HeapTest.ThreeElementPush_5_0_10
Command: "/usr/bin/valgrind" "--tool=memcheck" "--leak-check=yes" "--trace-children=no" "--error-exitcode=113" "/work/hw-melgart/hw3/hw3_heap_checker/heap_tests/heap_tests" "--gtest_filter=HeapTest.ThreeElementPush_5_0_10"
Directory: /work/hw-melgart/hw3/hw3_heap_checker/heap_tests
"HeapTest.ThreeElementPush_5_0_10" start time: Feb 22 20:14 UTC
Output:
----------------------------------------------------------
==2583== Memcheck, a memory error detector
==2583== Copyright (C) 2002-2017, and GNU GPL'd, by Julian Seward et al.
==2583== Using Valgrind-3.15.0 and LibVEX; rerun with -h for copyright info
==2583== Command: /work/hw-melgart/hw3/hw3_heap_checker/heap_tests/heap_tests --gtest_filter=HeapTest.ThreeElementPush_5_0_10
==2583== 
Running main() from /build/googletest-j5yxiC/googletest-1.10.0/googletest/src/gtest_main.cc
Note: Google Test filter = HeapTest.ThreeElementPush_5_0_10
[==========] Running 1 test from 1 test suite.
[----------] Global test environment set-up.
[----------] 1 test from HeapTest
[ RUN      ] HeapTest.ThreeElementPush_5_0_10
[       OK ] HeapTest.ThreeElementPush_5_0_10 (30 ms)
[----------] 1 test from HeapTest (37 ms total)

[----------] Global test environment tear-down
[==========] 1 test from 1 test suite ran. (62 ms total)
[  PASSED  ] 1 test.
==2583== 
==2583== HEAP SUMMARY:
==2583==     in use at exit: 0 bytes in 0 blocks
==2583==   total heap usage: 412 allocs, 412 frees, 129,318 bytes allocated
==2583== 
==2583== All heap blocks were freed -- no leaks are possible
==2583== 
==2583== For lists of detected and suppressed errors, rerun with: -s
==2583== ERROR SUMMARY: 0 errors from 0 contexts (suppressed: 0 from 0)
<end of output>
Test time =   1.11 sec
----------------------------------------------------------
Test Passed.
"HeapTest.ThreeElementPush_5_0_10" end time: Feb 22 20:14 UTC
"HeapTest.ThreeElementPush_5_0_10" time elapsed: 00:00:01
----------------------------------------------------------

15/21 Testing: HeapTest.ThreeElementPush_5_10_0
15/21 Test: HeapTest.ThreeElementPush_5_10_0
Command: "/usr/bin/valgrind" "--tool=memcheck" "--leak-check=yes" "--trace-children=no" "--error-exitcode=113" "/work/hw-melgart/hw3/hw3_heap_checker/heap_tests/heap_tests" "--gtest_filter=HeapTest.ThreeElementPush_5_10_0"
Directory: /work/hw-melgart/hw3/hw3_heap_checker/heap_tests
"HeapTest.ThreeElementPush_5_10_0" start time: Feb 22 20:14 UTC
Output:
----------------------------------------------------------
==2584== Memcheck, a memory error detector
==2584== Copyright (C) 2002-2017, and GNU GPL'd, by Julian Seward et al.
==2584== Using Valgrind-3.15.0 and LibVEX; rerun with -h for copyright info
==2584== Command: /work/hw-melgart/hw3/hw3_heap_checker/heap_tests/heap_tests --gtest_filter=HeapTest.ThreeElementPush_5_10_0
==2584== 
Running main() from /build/googletest-j5yxiC/googletest-1.10.0/googletest/src/gtest_main.cc
Note: Google Test filter = HeapTest.ThreeElementPush_5_10_0
[==========] Running 1 test from 1 test suite.
[----------] Global test environment set-up.
[----------] 1 test from HeapTest
[ RUN      ] HeapTest.ThreeElementPush_5_10_0
[       OK ] HeapTest.ThreeElementPush_5_10_0 (37 ms)
[----------] 1 test from HeapTest (46 ms total)

[----------] Global test environment tear-down
[==========] 1 test from 1 test suite ran. (75 ms total)
[  PASSED  ] 1 test.
==2584== 
==2584== HEAP SUMMARY:
==2584==     in use at exit: 0 bytes in 0 blocks
==2584==   total heap usage: 412 allocs, 412 frees, 129,318 bytes allocated
==2584== 
==2584== All heap blocks were freed -- no leaks are possible
==2584== 
==2584== For lists of detected and suppressed errors, rerun with: -s
==2584== ERROR SUMMARY: 0 errors from 0 contexts (suppressed: 0 from 0)
<end of output>
Test time =   1.10 sec
----------------------------------------------------------
Test Passed.
"HeapTest.ThreeElementPush_5_10_0" end time: Feb 22 20:14 UTC
"HeapTest.ThreeElementPush_5_10_0" time elapsed: 00:00:01
----------------------------------------------------------

16/21 Testing: HeapTest.ThreeElementPush_10_0_5
16/21 Test: HeapTest.ThreeElementPush_10_0_5
Command: "/usr/bin/valgrind" "--tool=memcheck" "--leak-check=yes" "--trace-children=no" "--error-exitcode=113" "/work/hw-melgart/hw3/hw3_heap_checker/heap_tests/heap_tests" "--gtest_filter=HeapTest.ThreeElementPush_10_0_5"
Directory: /work/hw-melgart/hw3/hw3_heap_checker/heap_tests
"HeapTest.ThreeElementPush_10_0_5" start time: Feb 22 20:14 UTC
Output:
----------------------------------------------------------
==2585== Memcheck, a memory error detector
==2585== Copyright (C) 2002-2017, and GNU GPL'd, by Julian Seward et al.
==2585== Using Valgrind-3.15.0 and LibVEX; rerun with -h for copyright info
==2585== Command: /work/hw-melgart/hw3/hw3_heap_checker/heap_tests/heap_tests --gtest_filter=HeapTest.ThreeElementPush_10_0_5
==2585== 
Running main() from /build/googletest-j5yxiC/googletest-1.10.0/googletest/src/gtest_main.cc
Note: Google Test filter = HeapTest.ThreeElementPush_10_0_5
[==========] Running 1 test from 1 test suite.
[----------] Global test environment set-up.
[----------] 1 test from HeapTest
[ RUN      ] HeapTest.ThreeElementPush_10_0_5
[       OK ] HeapTest.ThreeElementPush_10_0_5 (29 ms)
[----------] 1 test from HeapTest (36 ms total)

[----------] Global test environment tear-down
[==========] 1 test from 1 test suite ran. (64 ms total)
[  PASSED  ] 1 test.
==2585== 
==2585== HEAP SUMMARY:
==2585==     in use at exit: 0 bytes in 0 blocks
==2585==   total heap usage: 412 allocs, 412 frees, 129,318 bytes allocated
==2585== 
==2585== All heap blocks were freed -- no leaks are possible
==2585== 
==2585== For lists of detected and suppressed errors, rerun with: -s
==2585== ERROR SUMMARY: 0 errors from 0 contexts (suppressed: 0 from 0)
<end of output>
Test time =   1.12 sec
----------------------------------------------------------
Test Passed.
"HeapTest.ThreeElementPush_10_0_5" end time: Feb 22 20:14 UTC
"HeapTest.ThreeElementPush_10_0_5" time elapsed: 00:00:01
----------------------------------------------------------

17/21 Testing: HeapTest.ThreeElementPush_10_5_0
17/21 Test: HeapTest.ThreeElementPush_10_5_0
Command: "/usr/bin/valgrind" "--tool=memcheck" "--leak-check=yes" "--trace-children=no" "--error-exitcode=113" "/work/hw-melgart/hw3/hw3_heap_checker/heap_tests/heap_tests" "--gtest_filter=HeapTest.ThreeElementPush_10_5_0"
Directory: /work/hw-melgart/hw3/hw3_heap_checker/heap_tests
"HeapTest.ThreeElementPush_10_5_0" start time: Feb 22 20:14 UTC
Output:
----------------------------------------------------------
==2586== Memcheck, a memory error detector
==2586== Copyright (C) 2002-2017, and GNU GPL'd, by Julian Seward et al.
==2586== Using Valgrind-3.15.0 and LibVEX; rerun with -h for copyright info
==2586== Command: /work/hw-melgart/hw3/hw3_heap_checker/heap_tests/heap_tests --gtest_filter=HeapTest.ThreeElementPush_10_5_0
==2586== 
Running main() from /build/googletest-j5yxiC/googletest-1.10.0/googletest/src/gtest_main.cc
Note: Google Test filter = HeapTest.ThreeElementPush_10_5_0
[==========] Running 1 test from 1 test suite.
[----------] Global test environment set-up.
[----------] 1 test from HeapTest
[ RUN      ] HeapTest.ThreeElementPush_10_5_0
[       OK ] HeapTest.ThreeElementPush_10_5_0 (28 ms)
[----------] 1 test from HeapTest (35 ms total)

[----------] Global test environment tear-down
[==========] 1 test from 1 test suite ran. (59 ms total)
[  PASSED  ] 1 test.
==2586== 
==2586== HEAP SUMMARY:
==2586==     in use at exit: 0 bytes in 0 blocks
==2586==   total heap usage: 412 allocs, 412 frees, 129,318 bytes allocated
==2586== 
==2586== All heap blocks were freed -- no leaks are possible
==2586== 
==2586== For lists of detected and suppressed errors, rerun with: -s
==2586== ERROR SUMMARY: 0 errors from 0 contexts (suppressed: 0 from 0)
<end of output>
Test time =   1.12 sec
----------------------------------------------------------
Test Passed.
"HeapTest.ThreeElementPush_10_5_0" end time: Feb 22 20:14 UTC
"HeapTest.ThreeElementPush_10_5_0" time elapsed: 00:00:01
----------------------------------------------------------

18/21 Testing: HeapTest.GreaterComparator
18/21 Test: HeapTest.GreaterComparator
Command: "/usr/bin/valgrind" "--tool=memcheck" "--leak-check=yes" "--trace-children=no" "--error-exitcode=113" "/work/hw-melgart/hw3/hw3_heap_checker/heap_tests/heap_tests" "--gtest_filter=HeapTest.GreaterComparator"
Directory: /work/hw-melgart/hw3/hw3_heap_checker/heap_tests
"HeapTest.GreaterComparator" start time: Feb 22 20:14 UTC
Output:
----------------------------------------------------------
==2587== Memcheck, a memory error detector
==2587== Copyright (C) 2002-2017, and GNU GPL'd, by Julian Seward et al.
==2587== Using Valgrind-3.15.0 and LibVEX; rerun with -h for copyright info
==2587== Command: /work/hw-melgart/hw3/hw3_heap_checker/heap_tests/heap_tests --gtest_filter=HeapTest.GreaterComparator
==2587== 
Running main() from /build/googletest-j5yxiC/googletest-1.10.0/googletest/src/gtest_main.cc
Note: Google Test filter = HeapTest.GreaterComparator
[==========] Running 1 test from 1 test suite.
[----------] Global test environment set-up.
[----------] 1 test from HeapTest
[ RUN      ] HeapTest.GreaterComparator
[       OK ] HeapTest.GreaterComparator (29 ms)
[----------] 1 test from HeapTest (36 ms total)

[----------] Global test environment tear-down
[==========] 1 test from 1 test suite ran. (60 ms total)
[  PASSED  ] 1 test.
==2587== 
==2587== HEAP SUMMARY:
==2587==     in use at exit: 0 bytes in 0 blocks
==2587==   total heap usage: 412 allocs, 412 frees, 129,230 bytes allocated
==2587== 
==2587== All heap blocks were freed -- no leaks are possible
==2587== 
==2587== For lists of detected and suppressed errors, rerun with: -s
==2587== ERROR SUMMARY: 0 errors from 0 contexts (suppressed: 0 from 0)
<end of output>
Test time =   1.11 sec
----------------------------------------------------------
Test Passed.
"HeapTest.GreaterComparator" end time: Feb 22 20:14 UTC
"HeapTest.GreaterComparator" time elapsed: 00:00:01
----------------------------------------------------------

19/21 Testing: HeapTest.StringStorage
19/21 Test: HeapTest.StringStorage
Command: "/usr/bin/valgrind" "--tool=memcheck" "--leak-check=yes" "--trace-children=no" "--error-exitcode=113" "/work/hw-melgart/hw3/hw3_heap_checker/heap_tests/heap_tests" "--gtest_filter=HeapTest.StringStorage"
Directory: /work/hw-melgart/hw3/hw3_heap_checker/heap_tests
"HeapTest.StringStorage" start time: Feb 22 20:14 UTC
Output:
----------------------------------------------------------
==2588== Memcheck, a memory error detector
==2588== Copyright (C) 2002-2017, and GNU GPL'd, by Julian Seward et al.
==2588== Using Valgrind-3.15.0 and LibVEX; rerun with -h for copyright info
==2588== Command: /work/hw-melgart/hw3/hw3_heap_checker/heap_tests/heap_tests --gtest_filter=HeapTest.StringStorage
==2588== 
Running main() from /build/googletest-j5yxiC/googletest-1.10.0/googletest/src/gtest_main.cc
Note: Google Test filter = HeapTest.StringStorage
[==========] Running 1 test from 1 test suite.
[----------] Global test environment set-up.
[----------] 1 test from HeapTest
[ RUN      ] HeapTest.StringStorage
[       OK ] HeapTest.StringStorage (27 ms)
[----------] 1 test from HeapTest (34 ms total)

[----------] Global test environment tear-down
[==========] 1 test from 1 test suite ran. (59 ms total)
[  PASSED  ] 1 test.
==2588== 
==2588== HEAP SUMMARY:
==2588==     in use at exit: 0 bytes in 0 blocks
==2588==   total heap usage: 412 allocs, 412 frees, 129,398 bytes allocated
==2588== 
==2588== All heap blocks were freed -- no leaks are possible
==2588== 
==2588== For lists of detected and suppressed errors, rerun with: -s
==2588== ERROR SUMMARY: 0 errors from 0 contexts (suppressed: 0 from 0)
<end of output>
Test time =   1.09 sec
----------------------------------------------------------
Test Passed.
"HeapTest.StringStorage" end time: Feb 22 20:14 UTC
"HeapTest.StringStorage" time elapsed: 00:00:01
----------------------------------------------------------

20/21 Testing: HeapTest.FiveElementPush_TrinaryHeap
20/21 Test: HeapTest.FiveElementPush_TrinaryHeap
Command: "/usr/bin/valgrind" "--tool=memcheck" "--leak-check=yes" "--trace-children=no" "--error-exitcode=113" "/work/hw-melgart/hw3/hw3_heap_checker/heap_tests/heap_tests" "--gtest_filter=HeapTest.FiveElementPush_TrinaryHeap"
Directory: /work/hw-melgart/hw3/hw3_heap_checker/heap_tests
"HeapTest.FiveElementPush_TrinaryHeap" start time: Feb 22 20:14 UTC
Output:
----------------------------------------------------------
==2589== Memcheck, a memory error detector
==2589== Copyright (C) 2002-2017, and GNU GPL'd, by Julian Seward et al.
==2589== Using Valgrind-3.15.0 and LibVEX; rerun with -h for copyright info
==2589== Command: /work/hw-melgart/hw3/hw3_heap_checker/heap_tests/heap_tests --gtest_filter=HeapTest.FiveElementPush_TrinaryHeap
==2589== 
Running main() from /build/googletest-j5yxiC/googletest-1.10.0/googletest/src/gtest_main.cc
Note: Google Test filter = HeapTest.FiveElementPush_TrinaryHeap
[==========] Running 1 test from 1 test suite.
[----------] Global test environment set-up.
[----------] 1 test from HeapTest
[ RUN      ] HeapTest.FiveElementPush_TrinaryHeap
[       OK ] HeapTest.FiveElementPush_TrinaryHeap (34 ms)
[----------] 1 test from HeapTest (41 ms total)

[----------] Global test environment tear-down
[==========] 1 test from 1 test suite ran. (66 ms total)
[  PASSED  ] 1 test.
==2589== 
==2589== HEAP SUMMARY:
==2589==     in use at exit: 0 bytes in 0 blocks
==2589==   total heap usage: 413 allocs, 413 frees, 129,470 bytes allocated
==2589== 
==2589== All heap blocks were freed -- no leaks are possible
==2589== 
==2589== For lists of detected and suppressed errors, rerun with: -s
==2589== ERROR SUMMARY: 0 errors from 0 contexts (suppressed: 0 from 0)
<end of output>
Test time =   1.09 sec
----------------------------------------------------------
Test Passed.
"HeapTest.FiveElementPush_TrinaryHeap" end time: Feb 22 20:14 UTC
"HeapTest.FiveElementPush_TrinaryHeap" time elapsed: 00:00:01
----------------------------------------------------------

21/21 Testing: HeapStress.50x50RandomElements_QuaternaryHeap
21/21 Test: HeapStress.50x50RandomElements_QuaternaryHeap
Command: "/usr/bin/valgrind" "--tool=memcheck" "--leak-check=yes" "--trace-children=no" "--error-exitcode=113" "/work/hw-melgart/hw3/hw3_heap_checker/heap_tests/heap_tests" "--gtest_filter=HeapStress.50x50RandomElements_QuaternaryHeap"
Directory: /work/hw-melgart/hw3/hw3_heap_checker/heap_tests
"HeapStress.50x50RandomElements_QuaternaryHeap" start time: Feb 22 20:14 UTC
Output:
----------------------------------------------------------
==2590== Memcheck, a memory error detector
==2590== Copyright (C) 2002-2017, and GNU GPL'd, by Julian Seward et al.
==2590== Using Valgrind-3.15.0 and LibVEX; rerun with -h for copyright info
==2590== Command: /work/hw-melgart/hw3/hw3_heap_checker/heap_tests/heap_tests --gtest_filter=HeapStress.50x50RandomElements_QuaternaryHeap
==2590== 
Running main() from /build/googletest-j5yxiC/googletest-1.10.0/googletest/src/gtest_main.cc
Note: Google Test filter = HeapStress.50x50RandomElements_QuaternaryHeap
[==========] Running 1 test from 1 test suite.
[----------] Global test environment set-up.
[----------] 1 test from HeapStress
[ RUN      ] HeapStress.50x50RandomElements_QuaternaryHeap
[       OK ] HeapStress.50x50RandomElements_QuaternaryHeap (261 ms)
[----------] 1 test from HeapStress (270 ms total)

[----------] Global test environment tear-down
[==========] 1 test from 1 test suite ran. (294 ms total)
[  PASSED  ] 1 test.
==2590== 
==2590== HEAP SUMMARY:
==2590==     in use at exit: 0 bytes in 0 blocks
==2590==   total heap usage: 910 allocs, 910 frees, 177,272 bytes allocated
==2590== 
==2590== All heap blocks were freed -- no leaks are possible
==2590== 
==2590== For lists of detected and suppressed errors, rerun with: -s
==2590== ERROR SUMMARY: 0 errors from 0 contexts (suppressed: 0 from 0)
<end of output>
Test time =   1.35 sec
----------------------------------------------------------
Test Passed.
"HeapStress.50x50RandomElements_QuaternaryHeap" end time: Feb 22 20:14 UTC
"HeapStress.50x50RandomElements_QuaternaryHeap" time elapsed: 00:00:01
----------------------------------------------------------

End testing: Feb 22 20:14 UTC
