Start testing: Apr 13 01:06 UTC
----------------------------------------------------------
1/21 Testing: Wordle.Empty
1/21 Test: Wordle.Empty
Command: "/usr/bin/valgrind" "--tool=memcheck" "--leak-check=yes" "--trace-children=no" "/work/hw-melgart/hw5/hw5_stu_tests/wordle_tests/wordle_tests" "--gtest_filter=Wordle.Empty"
Directory: /work/hw-melgart/hw5/hw5_stu_tests/wordle_tests
"Wordle.Empty" start time: Apr 13 01:06 UTC
Output:
----------------------------------------------------------
==4472== Memcheck, a memory error detector
==4472== Copyright (C) 2002-2017, and GNU GPL'd, by Julian Seward et al.
==4472== Using Valgrind-3.15.0 and LibVEX; rerun with -h for copyright info
==4472== Command: /work/hw-melgart/hw5/hw5_stu_tests/wordle_tests/wordle_tests --gtest_filter=Wordle.Empty
==4472== 
Read 63247 words into dictionary.
Running main() from /build/googletest-j5yxiC/googletest-1.10.0/googletest/src/gtest_main.cc
Note: Google Test filter = Wordle.Empty
[==========] Running 1 test from 1 test suite.
[----------] Global test environment set-up.
[----------] 1 test from Wordle
[ RUN      ] Wordle.Empty
[       OK ] Wordle.Empty (19 ms)
[----------] 1 test from Wordle (27 ms total)

[----------] Global test environment tear-down
[==========] 1 test from 1 test suite ran. (46 ms total)
[  PASSED  ] 1 test.
==4472== 
==4472== HEAP SUMMARY:
==4472==     in use at exit: 0 bytes in 0 blocks
==4472==   total heap usage: 63,757 allocs, 63,757 frees, 4,182,186 bytes allocated
==4472== 
==4472== All heap blocks were freed -- no leaks are possible
==4472== 
==4472== For lists of detected and suppressed errors, rerun with: -s
==4472== ERROR SUMMARY: 0 errors from 0 contexts (suppressed: 0 from 0)
<end of output>
Test time =   7.43 sec
----------------------------------------------------------
Test Passed.
"Wordle.Empty" end time: Apr 13 01:06 UTC
"Wordle.Empty" time elapsed: 00:00:07
----------------------------------------------------------

2/21 Testing: Wordle.NoSolutions
2/21 Test: Wordle.NoSolutions
Command: "/usr/bin/valgrind" "--tool=memcheck" "--leak-check=yes" "--trace-children=no" "/work/hw-melgart/hw5/hw5_stu_tests/wordle_tests/wordle_tests" "--gtest_filter=Wordle.NoSolutions"
Directory: /work/hw-melgart/hw5/hw5_stu_tests/wordle_tests
"Wordle.NoSolutions" start time: Apr 13 01:06 UTC
Output:
----------------------------------------------------------
==4473== Memcheck, a memory error detector
==4473== Copyright (C) 2002-2017, and GNU GPL'd, by Julian Seward et al.
==4473== Using Valgrind-3.15.0 and LibVEX; rerun with -h for copyright info
==4473== Command: /work/hw-melgart/hw5/hw5_stu_tests/wordle_tests/wordle_tests --gtest_filter=Wordle.NoSolutions
==4473== 
Read 63247 words into dictionary.
Running main() from /build/googletest-j5yxiC/googletest-1.10.0/googletest/src/gtest_main.cc
Note: Google Test filter = Wordle.NoSolutions
[==========] Running 1 test from 1 test suite.
[----------] Global test environment set-up.
[----------] 1 test from Wordle
[ RUN      ] Wordle.NoSolutions
[       OK ] Wordle.NoSolutions (23 ms)
[----------] 1 test from Wordle (30 ms total)

[----------] Global test environment tear-down
[==========] 1 test from 1 test suite ran. (50 ms total)
[  PASSED  ] 1 test.
==4473== 
==4473== HEAP SUMMARY:
==4473==     in use at exit: 0 bytes in 0 blocks
==4473==   total heap usage: 63,771 allocs, 63,771 frees, 4,182,656 bytes allocated
==4473== 
==4473== All heap blocks were freed -- no leaks are possible
==4473== 
==4473== For lists of detected and suppressed errors, rerun with: -s
==4473== ERROR SUMMARY: 0 errors from 0 contexts (suppressed: 0 from 0)
<end of output>
Test time =   7.83 sec
----------------------------------------------------------
Test Passed.
"Wordle.NoSolutions" end time: Apr 13 01:06 UTC
"Wordle.NoSolutions" time elapsed: 00:00:07
----------------------------------------------------------

3/21 Testing: Wordle.OneLetterUnconstrained
3/21 Test: Wordle.OneLetterUnconstrained
Command: "/usr/bin/valgrind" "--tool=memcheck" "--leak-check=yes" "--trace-children=no" "/work/hw-melgart/hw5/hw5_stu_tests/wordle_tests/wordle_tests" "--gtest_filter=Wordle.OneLetterUnconstrained"
Directory: /work/hw-melgart/hw5/hw5_stu_tests/wordle_tests
"Wordle.OneLetterUnconstrained" start time: Apr 13 01:06 UTC
Output:
----------------------------------------------------------
==4474== Memcheck, a memory error detector
==4474== Copyright (C) 2002-2017, and GNU GPL'd, by Julian Seward et al.
==4474== Using Valgrind-3.15.0 and LibVEX; rerun with -h for copyright info
==4474== Command: /work/hw-melgart/hw5/hw5_stu_tests/wordle_tests/wordle_tests --gtest_filter=Wordle.OneLetterUnconstrained
==4474== 
Read 63247 words into dictionary.
Running main() from /build/googletest-j5yxiC/googletest-1.10.0/googletest/src/gtest_main.cc
Note: Google Test filter = Wordle.OneLetterUnconstrained
[==========] Running 1 test from 1 test suite.
[----------] Global test environment set-up.
[----------] 1 test from Wordle
[ RUN      ] Wordle.OneLetterUnconstrained
[       OK ] Wordle.OneLetterUnconstrained (47 ms)
[----------] 1 test from Wordle (54 ms total)

[----------] Global test environment tear-down
[==========] 1 test from 1 test suite ran. (74 ms total)
[  PASSED  ] 1 test.
==4474== 
==4474== HEAP SUMMARY:
==4474==     in use at exit: 0 bytes in 0 blocks
==4474==   total heap usage: 63,849 allocs, 63,849 frees, 4,187,725 bytes allocated
==4474== 
==4474== All heap blocks were freed -- no leaks are possible
==4474== 
==4474== For lists of detected and suppressed errors, rerun with: -s
==4474== ERROR SUMMARY: 0 errors from 0 contexts (suppressed: 0 from 0)
<end of output>
Test time =   7.44 sec
----------------------------------------------------------
Test Passed.
"Wordle.OneLetterUnconstrained" end time: Apr 13 01:06 UTC
"Wordle.OneLetterUnconstrained" time elapsed: 00:00:07
----------------------------------------------------------

4/21 Testing: Wordle.OneLetterConstrained
4/21 Test: Wordle.OneLetterConstrained
Command: "/usr/bin/valgrind" "--tool=memcheck" "--leak-check=yes" "--trace-children=no" "/work/hw-melgart/hw5/hw5_stu_tests/wordle_tests/wordle_tests" "--gtest_filter=Wordle.OneLetterConstrained"
Directory: /work/hw-melgart/hw5/hw5_stu_tests/wordle_tests
"Wordle.OneLetterConstrained" start time: Apr 13 01:06 UTC
Output:
----------------------------------------------------------
==4475== Memcheck, a memory error detector
==4475== Copyright (C) 2002-2017, and GNU GPL'd, by Julian Seward et al.
==4475== Using Valgrind-3.15.0 and LibVEX; rerun with -h for copyright info
==4475== Command: /work/hw-melgart/hw5/hw5_stu_tests/wordle_tests/wordle_tests --gtest_filter=Wordle.OneLetterConstrained
==4475== 
Read 63247 words into dictionary.
Running main() from /build/googletest-j5yxiC/googletest-1.10.0/googletest/src/gtest_main.cc
Note: Google Test filter = Wordle.OneLetterConstrained
[==========] Running 1 test from 1 test suite.
[----------] Global test environment set-up.
[----------] 1 test from Wordle
[ RUN      ] Wordle.OneLetterConstrained
[       OK ] Wordle.OneLetterConstrained (40 ms)
[----------] 1 test from Wordle (46 ms total)

[----------] Global test environment tear-down
[==========] 1 test from 1 test suite ran. (66 ms total)
[  PASSED  ] 1 test.
==4475== 
==4475== HEAP SUMMARY:
==4475==     in use at exit: 0 bytes in 0 blocks
==4475==   total heap usage: 63,774 allocs, 63,774 frees, 4,182,911 bytes allocated
==4475== 
==4475== All heap blocks were freed -- no leaks are possible
==4475== 
==4475== For lists of detected and suppressed errors, rerun with: -s
==4475== ERROR SUMMARY: 0 errors from 0 contexts (suppressed: 0 from 0)
<end of output>
Test time =   7.65 sec
----------------------------------------------------------
Test Passed.
"Wordle.OneLetterConstrained" end time: Apr 13 01:06 UTC
"Wordle.OneLetterConstrained" time elapsed: 00:00:07
----------------------------------------------------------

5/21 Testing: Wordle.TwoLetterUnconstrained
5/21 Test: Wordle.TwoLetterUnconstrained
Command: "/usr/bin/valgrind" "--tool=memcheck" "--leak-check=yes" "--trace-children=no" "/work/hw-melgart/hw5/hw5_stu_tests/wordle_tests/wordle_tests" "--gtest_filter=Wordle.TwoLetterUnconstrained"
Directory: /work/hw-melgart/hw5/hw5_stu_tests/wordle_tests
"Wordle.TwoLetterUnconstrained" start time: Apr 13 01:06 UTC
Output:
----------------------------------------------------------
==4476== Memcheck, a memory error detector
==4476== Copyright (C) 2002-2017, and GNU GPL'd, by Julian Seward et al.
==4476== Using Valgrind-3.15.0 and LibVEX; rerun with -h for copyright info
==4476== Command: /work/hw-melgart/hw5/hw5_stu_tests/wordle_tests/wordle_tests --gtest_filter=Wordle.TwoLetterUnconstrained
==4476== 
Read 63247 words into dictionary.
Running main() from /build/googletest-j5yxiC/googletest-1.10.0/googletest/src/gtest_main.cc
Note: Google Test filter = Wordle.TwoLetterUnconstrained
[==========] Running 1 test from 1 test suite.
[----------] Global test environment set-up.
[----------] 1 test from Wordle
[ RUN      ] Wordle.TwoLetterUnconstrained
[       OK ] Wordle.TwoLetterUnconstrained (123 ms)
[----------] 1 test from Wordle (129 ms total)

[----------] Global test environment tear-down
[==========] 1 test from 1 test suite ran. (149 ms total)
[  PASSED  ] 1 test.
==4476== 
==4476== HEAP SUMMARY:
==4476==     in use at exit: 0 bytes in 0 blocks
==4476==   total heap usage: 63,957 allocs, 63,957 frees, 4,194,637 bytes allocated
==4476== 
==4476== All heap blocks were freed -- no leaks are possible
==4476== 
==4476== For lists of detected and suppressed errors, rerun with: -s
==4476== ERROR SUMMARY: 0 errors from 0 contexts (suppressed: 0 from 0)
<end of output>
Test time =   7.58 sec
----------------------------------------------------------
Test Passed.
"Wordle.TwoLetterUnconstrained" end time: Apr 13 01:07 UTC
"Wordle.TwoLetterUnconstrained" time elapsed: 00:00:07
----------------------------------------------------------

6/21 Testing: Wordle.TwoLetterConstrained
6/21 Test: Wordle.TwoLetterConstrained
Command: "/usr/bin/valgrind" "--tool=memcheck" "--leak-check=yes" "--trace-children=no" "/work/hw-melgart/hw5/hw5_stu_tests/wordle_tests/wordle_tests" "--gtest_filter=Wordle.TwoLetterConstrained"
Directory: /work/hw-melgart/hw5/hw5_stu_tests/wordle_tests
"Wordle.TwoLetterConstrained" start time: Apr 13 01:07 UTC
Output:
----------------------------------------------------------
==4477== Memcheck, a memory error detector
==4477== Copyright (C) 2002-2017, and GNU GPL'd, by Julian Seward et al.
==4477== Using Valgrind-3.15.0 and LibVEX; rerun with -h for copyright info
==4477== Command: /work/hw-melgart/hw5/hw5_stu_tests/wordle_tests/wordle_tests --gtest_filter=Wordle.TwoLetterConstrained
==4477== 
Read 63247 words into dictionary.
Running main() from /build/googletest-j5yxiC/googletest-1.10.0/googletest/src/gtest_main.cc
Note: Google Test filter = Wordle.TwoLetterConstrained
[==========] Running 1 test from 1 test suite.
[----------] Global test environment set-up.
[----------] 1 test from Wordle
[ RUN      ] Wordle.TwoLetterConstrained
[       OK ] Wordle.TwoLetterConstrained (78 ms)
[----------] 1 test from Wordle (86 ms total)

[----------] Global test environment tear-down
[==========] 1 test from 1 test suite ran. (108 ms total)
[  PASSED  ] 1 test.
==4477== 
==4477== HEAP SUMMARY:
==4477==     in use at exit: 0 bytes in 0 blocks
==4477==   total heap usage: 63,811 allocs, 63,811 frees, 4,185,255 bytes allocated
==4477== 
==4477== All heap blocks were freed -- no leaks are possible
==4477== 
==4477== For lists of detected and suppressed errors, rerun with: -s
==4477== ERROR SUMMARY: 0 errors from 0 contexts (suppressed: 0 from 0)
<end of output>
Test time =   7.62 sec
----------------------------------------------------------
Test Passed.
"Wordle.TwoLetterConstrained" end time: Apr 13 01:07 UTC
"Wordle.TwoLetterConstrained" time elapsed: 00:00:07
----------------------------------------------------------

7/21 Testing: Wordle.ThreeLetterFull
7/21 Test: Wordle.ThreeLetterFull
Command: "/usr/bin/valgrind" "--tool=memcheck" "--leak-check=yes" "--trace-children=no" "/work/hw-melgart/hw5/hw5_stu_tests/wordle_tests/wordle_tests" "--gtest_filter=Wordle.ThreeLetterFull"
Directory: /work/hw-melgart/hw5/hw5_stu_tests/wordle_tests
"Wordle.ThreeLetterFull" start time: Apr 13 01:07 UTC
Output:
----------------------------------------------------------
==4478== Memcheck, a memory error detector
==4478== Copyright (C) 2002-2017, and GNU GPL'd, by Julian Seward et al.
==4478== Using Valgrind-3.15.0 and LibVEX; rerun with -h for copyright info
==4478== Command: /work/hw-melgart/hw5/hw5_stu_tests/wordle_tests/wordle_tests --gtest_filter=Wordle.ThreeLetterFull
==4478== 
Read 63247 words into dictionary.
Running main() from /build/googletest-j5yxiC/googletest-1.10.0/googletest/src/gtest_main.cc
Note: Google Test filter = Wordle.ThreeLetterFull
[==========] Running 1 test from 1 test suite.
[----------] Global test environment set-up.
[----------] 1 test from Wordle
[ RUN      ] Wordle.ThreeLetterFull
[       OK ] Wordle.ThreeLetterFull (36 ms)
[----------] 1 test from Wordle (43 ms total)

[----------] Global test environment tear-down
[==========] 1 test from 1 test suite ran. (64 ms total)
[  PASSED  ] 1 test.
==4478== 
==4478== HEAP SUMMARY:
==4478==     in use at exit: 0 bytes in 0 blocks
==4478==   total heap usage: 63,774 allocs, 63,774 frees, 4,182,876 bytes allocated
==4478== 
==4478== All heap blocks were freed -- no leaks are possible
==4478== 
==4478== For lists of detected and suppressed errors, rerun with: -s
==4478== ERROR SUMMARY: 0 errors from 0 contexts (suppressed: 0 from 0)
<end of output>
Test time =   7.52 sec
----------------------------------------------------------
Test Passed.
"Wordle.ThreeLetterFull" end time: Apr 13 01:07 UTC
"Wordle.ThreeLetterFull" time elapsed: 00:00:07
----------------------------------------------------------

8/21 Testing: Wordle.OneOption
8/21 Test: Wordle.OneOption
Command: "/usr/bin/valgrind" "--tool=memcheck" "--leak-check=yes" "--trace-children=no" "/work/hw-melgart/hw5/hw5_stu_tests/wordle_tests/wordle_tests" "--gtest_filter=Wordle.OneOption"
Directory: /work/hw-melgart/hw5/hw5_stu_tests/wordle_tests
"Wordle.OneOption" start time: Apr 13 01:07 UTC
Output:
----------------------------------------------------------
==4479== Memcheck, a memory error detector
==4479== Copyright (C) 2002-2017, and GNU GPL'd, by Julian Seward et al.
==4479== Using Valgrind-3.15.0 and LibVEX; rerun with -h for copyright info
==4479== Command: /work/hw-melgart/hw5/hw5_stu_tests/wordle_tests/wordle_tests --gtest_filter=Wordle.OneOption
==4479== 
Read 63247 words into dictionary.
Running main() from /build/googletest-j5yxiC/googletest-1.10.0/googletest/src/gtest_main.cc
Note: Google Test filter = Wordle.OneOption
[==========] Running 1 test from 1 test suite.
[----------] Global test environment set-up.
[----------] 1 test from Wordle
[ RUN      ] Wordle.OneOption
[       OK ] Wordle.OneOption (40 ms)
[----------] 1 test from Wordle (46 ms total)

[----------] Global test environment tear-down
[==========] 1 test from 1 test suite ran. (67 ms total)
[  PASSED  ] 1 test.
==4479== 
==4479== HEAP SUMMARY:
==4479==     in use at exit: 0 bytes in 0 blocks
==4479==   total heap usage: 63,774 allocs, 63,774 frees, 4,182,834 bytes allocated
==4479== 
==4479== All heap blocks were freed -- no leaks are possible
==4479== 
==4479== For lists of detected and suppressed errors, rerun with: -s
==4479== ERROR SUMMARY: 0 errors from 0 contexts (suppressed: 0 from 0)
<end of output>
Test time =   7.43 sec
----------------------------------------------------------
Test Passed.
"Wordle.OneOption" end time: Apr 13 01:07 UTC
"Wordle.OneOption" time elapsed: 00:00:07
----------------------------------------------------------

9/21 Testing: Wordle.Nominal1
9/21 Test: Wordle.Nominal1
Command: "/usr/bin/valgrind" "--tool=memcheck" "--leak-check=yes" "--trace-children=no" "/work/hw-melgart/hw5/hw5_stu_tests/wordle_tests/wordle_tests" "--gtest_filter=Wordle.Nominal1"
Directory: /work/hw-melgart/hw5/hw5_stu_tests/wordle_tests
"Wordle.Nominal1" start time: Apr 13 01:07 UTC
Output:
----------------------------------------------------------
==4480== Memcheck, a memory error detector
==4480== Copyright (C) 2002-2017, and GNU GPL'd, by Julian Seward et al.
==4480== Using Valgrind-3.15.0 and LibVEX; rerun with -h for copyright info
==4480== Command: /work/hw-melgart/hw5/hw5_stu_tests/wordle_tests/wordle_tests --gtest_filter=Wordle.Nominal1
==4480== 
Read 63247 words into dictionary.
Running main() from /build/googletest-j5yxiC/googletest-1.10.0/googletest/src/gtest_main.cc
Note: Google Test filter = Wordle.Nominal1
[==========] Running 1 test from 1 test suite.
[----------] Global test environment set-up.
[----------] 1 test from Wordle
[ RUN      ] Wordle.Nominal1
[       OK ] Wordle.Nominal1 (2276 ms)
[----------] 1 test from Wordle (2283 ms total)

[----------] Global test environment tear-down
[==========] 1 test from 1 test suite ran. (2303 ms total)
[  PASSED  ] 1 test.
==4480== 
==4480== HEAP SUMMARY:
==4480==     in use at exit: 0 bytes in 0 blocks
==4480==   total heap usage: 64,561 allocs, 64,561 frees, 4,214,505 bytes allocated
==4480== 
==4480== All heap blocks were freed -- no leaks are possible
==4480== 
==4480== For lists of detected and suppressed errors, rerun with: -s
==4480== ERROR SUMMARY: 0 errors from 0 contexts (suppressed: 0 from 0)
<end of output>
Test time =   9.66 sec
----------------------------------------------------------
Test Passed.
"Wordle.Nominal1" end time: Apr 13 01:07 UTC
"Wordle.Nominal1" time elapsed: 00:00:09
----------------------------------------------------------

10/21 Testing: Wordle.Nominal2
10/21 Test: Wordle.Nominal2
Command: "/usr/bin/valgrind" "--tool=memcheck" "--leak-check=yes" "--trace-children=no" "/work/hw-melgart/hw5/hw5_stu_tests/wordle_tests/wordle_tests" "--gtest_filter=Wordle.Nominal2"
Directory: /work/hw-melgart/hw5/hw5_stu_tests/wordle_tests
"Wordle.Nominal2" start time: Apr 13 01:07 UTC
Output:
----------------------------------------------------------
==4481== Memcheck, a memory error detector
==4481== Copyright (C) 2002-2017, and GNU GPL'd, by Julian Seward et al.
==4481== Using Valgrind-3.15.0 and LibVEX; rerun with -h for copyright info
==4481== Command: /work/hw-melgart/hw5/hw5_stu_tests/wordle_tests/wordle_tests --gtest_filter=Wordle.Nominal2
==4481== 
Read 63247 words into dictionary.
Running main() from /build/googletest-j5yxiC/googletest-1.10.0/googletest/src/gtest_main.cc
Note: Google Test filter = Wordle.Nominal2
[==========] Running 1 test from 1 test suite.
[----------] Global test environment set-up.
[----------] 1 test from Wordle
[ RUN      ] Wordle.Nominal2
[       OK ] Wordle.Nominal2 (495 ms)
[----------] 1 test from Wordle (502 ms total)

[----------] Global test environment tear-down
[==========] 1 test from 1 test suite ran. (522 ms total)
[  PASSED  ] 1 test.
==4481== 
==4481== HEAP SUMMARY:
==4481==     in use at exit: 0 bytes in 0 blocks
==4481==   total heap usage: 63,916 allocs, 63,916 frees, 4,188,777 bytes allocated
==4481== 
==4481== All heap blocks were freed -- no leaks are possible
==4481== 
==4481== For lists of detected and suppressed errors, rerun with: -s
==4481== ERROR SUMMARY: 0 errors from 0 contexts (suppressed: 0 from 0)
<end of output>
Test time =   7.95 sec
----------------------------------------------------------
Test Passed.
"Wordle.Nominal2" end time: Apr 13 01:07 UTC
"Wordle.Nominal2" time elapsed: 00:00:07
----------------------------------------------------------

11/21 Testing: Wordle.Nominal3
11/21 Test: Wordle.Nominal3
Command: "/usr/bin/valgrind" "--tool=memcheck" "--leak-check=yes" "--trace-children=no" "/work/hw-melgart/hw5/hw5_stu_tests/wordle_tests/wordle_tests" "--gtest_filter=Wordle.Nominal3"
Directory: /work/hw-melgart/hw5/hw5_stu_tests/wordle_tests
"Wordle.Nominal3" start time: Apr 13 01:07 UTC
Output:
----------------------------------------------------------
==4482== Memcheck, a memory error detector
==4482== Copyright (C) 2002-2017, and GNU GPL'd, by Julian Seward et al.
==4482== Using Valgrind-3.15.0 and LibVEX; rerun with -h for copyright info
==4482== Command: /work/hw-melgart/hw5/hw5_stu_tests/wordle_tests/wordle_tests --gtest_filter=Wordle.Nominal3
==4482== 
Read 63247 words into dictionary.
Running main() from /build/googletest-j5yxiC/googletest-1.10.0/googletest/src/gtest_main.cc
Note: Google Test filter = Wordle.Nominal3
[==========] Running 1 test from 1 test suite.
[----------] Global test environment set-up.
[----------] 1 test from Wordle
[ RUN      ] Wordle.Nominal3
[       OK ] Wordle.Nominal3 (205 ms)
[----------] 1 test from Wordle (211 ms total)

[----------] Global test environment tear-down
[==========] 1 test from 1 test suite ran. (233 ms total)
[  PASSED  ] 1 test.
==4482== 
==4482== HEAP SUMMARY:
==4482==     in use at exit: 0 bytes in 0 blocks
==4482==   total heap usage: 63,864 allocs, 63,864 frees, 4,188,425 bytes allocated
==4482== 
==4482== All heap blocks were freed -- no leaks are possible
==4482== 
==4482== For lists of detected and suppressed errors, rerun with: -s
==4482== ERROR SUMMARY: 0 errors from 0 contexts (suppressed: 0 from 0)
<end of output>
Test time =   7.53 sec
----------------------------------------------------------
Test Passed.
"Wordle.Nominal3" end time: Apr 13 01:07 UTC
"Wordle.Nominal3" time elapsed: 00:00:07
----------------------------------------------------------

12/21 Testing: Wordle.Long
12/21 Test: Wordle.Long
Command: "/usr/bin/valgrind" "--tool=memcheck" "--leak-check=yes" "--trace-children=no" "/work/hw-melgart/hw5/hw5_stu_tests/wordle_tests/wordle_tests" "--gtest_filter=Wordle.Long"
Directory: /work/hw-melgart/hw5/hw5_stu_tests/wordle_tests
"Wordle.Long" start time: Apr 13 01:07 UTC
Output:
----------------------------------------------------------
==4483== Memcheck, a memory error detector
==4483== Copyright (C) 2002-2017, and GNU GPL'd, by Julian Seward et al.
==4483== Using Valgrind-3.15.0 and LibVEX; rerun with -h for copyright info
==4483== Command: /work/hw-melgart/hw5/hw5_stu_tests/wordle_tests/wordle_tests --gtest_filter=Wordle.Long
==4483== 
Read 63247 words into dictionary.
Running main() from /build/googletest-j5yxiC/googletest-1.10.0/googletest/src/gtest_main.cc
Note: Google Test filter = Wordle.Long
[==========] Running 1 test from 1 test suite.
[----------] Global test environment set-up.
[----------] 1 test from Wordle
[ RUN      ] Wordle.Long
[       OK ] Wordle.Long (12538 ms)
[----------] 1 test from Wordle (12545 ms total)

[----------] Global test environment tear-down
[==========] 1 test from 1 test suite ran. (12565 ms total)
[  PASSED  ] 1 test.
==4483== 
==4483== HEAP SUMMARY:
==4483==     in use at exit: 0 bytes in 0 blocks
==4483==   total heap usage: 68,370 allocs, 68,370 frees, 4,366,917 bytes allocated
==4483== 
==4483== All heap blocks were freed -- no leaks are possible
==4483== 
==4483== For lists of detected and suppressed errors, rerun with: -s
==4483== ERROR SUMMARY: 0 errors from 0 contexts (suppressed: 0 from 0)
<end of output>
Test time =  19.87 sec
----------------------------------------------------------
Test Passed.
"Wordle.Long" end time: Apr 13 01:08 UTC
"Wordle.Long" time elapsed: 00:00:19
----------------------------------------------------------

13/21 Testing: Schedule.SimpleSol1
13/21 Test: Schedule.SimpleSol1
Command: "/usr/bin/valgrind" "--tool=memcheck" "--leak-check=yes" "--trace-children=no" "/work/hw-melgart/hw5/hw5_stu_tests/schedwork_tests/schedwork_tests" "--gtest_filter=Schedule.SimpleSol1"
Directory: /work/hw-melgart/hw5/hw5_stu_tests/schedwork_tests
"Schedule.SimpleSol1" start time: Apr 13 01:08 UTC
Output:
----------------------------------------------------------
==4484== Memcheck, a memory error detector
==4484== Copyright (C) 2002-2017, and GNU GPL'd, by Julian Seward et al.
==4484== Using Valgrind-3.15.0 and LibVEX; rerun with -h for copyright info
==4484== Command: /work/hw-melgart/hw5/hw5_stu_tests/schedwork_tests/schedwork_tests --gtest_filter=Schedule.SimpleSol1
==4484== 
Running main() from /build/googletest-j5yxiC/googletest-1.10.0/googletest/src/gtest_main.cc
Note: Google Test filter = Schedule.SimpleSol1
[==========] Running 1 test from 1 test suite.
[----------] Global test environment set-up.
[----------] 1 test from Schedule
[ RUN      ] Schedule.SimpleSol1
[       OK ] Schedule.SimpleSol1 (81 ms)
[----------] 1 test from Schedule (88 ms total)

[----------] Global test environment tear-down
[==========] 1 test from 1 test suite ran. (112 ms total)
[  PASSED  ] 1 test.
==4484== 
==4484== HEAP SUMMARY:
==4484==     in use at exit: 0 bytes in 0 blocks
==4484==   total heap usage: 296 allocs, 296 frees, 120,912 bytes allocated
==4484== 
==4484== All heap blocks were freed -- no leaks are possible
==4484== 
==4484== For lists of detected and suppressed errors, rerun with: -s
==4484== ERROR SUMMARY: 0 errors from 0 contexts (suppressed: 0 from 0)
<end of output>
Test time =   1.11 sec
----------------------------------------------------------
Test Passed.
"Schedule.SimpleSol1" end time: Apr 13 01:08 UTC
"Schedule.SimpleSol1" time elapsed: 00:00:01
----------------------------------------------------------

14/21 Testing: Schedule.SimpleNoSolMaxShifts
14/21 Test: Schedule.SimpleNoSolMaxShifts
Command: "/usr/bin/valgrind" "--tool=memcheck" "--leak-check=yes" "--trace-children=no" "/work/hw-melgart/hw5/hw5_stu_tests/schedwork_tests/schedwork_tests" "--gtest_filter=Schedule.SimpleNoSolMaxShifts"
Directory: /work/hw-melgart/hw5/hw5_stu_tests/schedwork_tests
"Schedule.SimpleNoSolMaxShifts" start time: Apr 13 01:08 UTC
Output:
----------------------------------------------------------
==4485== Memcheck, a memory error detector
==4485== Copyright (C) 2002-2017, and GNU GPL'd, by Julian Seward et al.
==4485== Using Valgrind-3.15.0 and LibVEX; rerun with -h for copyright info
==4485== Command: /work/hw-melgart/hw5/hw5_stu_tests/schedwork_tests/schedwork_tests --gtest_filter=Schedule.SimpleNoSolMaxShifts
==4485== 
Running main() from /build/googletest-j5yxiC/googletest-1.10.0/googletest/src/gtest_main.cc
Note: Google Test filter = Schedule.SimpleNoSolMaxShifts
[==========] Running 1 test from 1 test suite.
[----------] Global test environment set-up.
[----------] 1 test from Schedule
[ RUN      ] Schedule.SimpleNoSolMaxShifts
[       OK ] Schedule.SimpleNoSolMaxShifts (74 ms)
[----------] 1 test from Schedule (81 ms total)

[----------] Global test environment tear-down
[==========] 1 test from 1 test suite ran. (104 ms total)
[  PASSED  ] 1 test.
==4485== 
==4485== HEAP SUMMARY:
==4485==     in use at exit: 0 bytes in 0 blocks
==4485==   total heap usage: 293 allocs, 293 frees, 120,970 bytes allocated
==4485== 
==4485== All heap blocks were freed -- no leaks are possible
==4485== 
==4485== For lists of detected and suppressed errors, rerun with: -s
==4485== ERROR SUMMARY: 0 errors from 0 contexts (suppressed: 0 from 0)
<end of output>
Test time =   1.09 sec
----------------------------------------------------------
Test Passed.
"Schedule.SimpleNoSolMaxShifts" end time: Apr 13 01:08 UTC
"Schedule.SimpleNoSolMaxShifts" time elapsed: 00:00:01
----------------------------------------------------------

15/21 Testing: Schedule.SimpleNoSolNoAvail1
15/21 Test: Schedule.SimpleNoSolNoAvail1
Command: "/usr/bin/valgrind" "--tool=memcheck" "--leak-check=yes" "--trace-children=no" "/work/hw-melgart/hw5/hw5_stu_tests/schedwork_tests/schedwork_tests" "--gtest_filter=Schedule.SimpleNoSolNoAvail1"
Directory: /work/hw-melgart/hw5/hw5_stu_tests/schedwork_tests
"Schedule.SimpleNoSolNoAvail1" start time: Apr 13 01:08 UTC
Output:
----------------------------------------------------------
==4486== Memcheck, a memory error detector
==4486== Copyright (C) 2002-2017, and GNU GPL'd, by Julian Seward et al.
==4486== Using Valgrind-3.15.0 and LibVEX; rerun with -h for copyright info
==4486== Command: /work/hw-melgart/hw5/hw5_stu_tests/schedwork_tests/schedwork_tests --gtest_filter=Schedule.SimpleNoSolNoAvail1
==4486== 
Running main() from /build/googletest-j5yxiC/googletest-1.10.0/googletest/src/gtest_main.cc
Note: Google Test filter = Schedule.SimpleNoSolNoAvail1
[==========] Running 1 test from 1 test suite.
[----------] Global test environment set-up.
[----------] 1 test from Schedule
[ RUN      ] Schedule.SimpleNoSolNoAvail1
[       OK ] Schedule.SimpleNoSolNoAvail1 (71 ms)
[----------] 1 test from Schedule (78 ms total)

[----------] Global test environment tear-down
[==========] 1 test from 1 test suite ran. (102 ms total)
[  PASSED  ] 1 test.
==4486== 
==4486== HEAP SUMMARY:
==4486==     in use at exit: 0 bytes in 0 blocks
==4486==   total heap usage: 284 allocs, 284 frees, 120,927 bytes allocated
==4486== 
==4486== All heap blocks were freed -- no leaks are possible
==4486== 
==4486== For lists of detected and suppressed errors, rerun with: -s
==4486== ERROR SUMMARY: 0 errors from 0 contexts (suppressed: 0 from 0)
<end of output>
Test time =   1.10 sec
----------------------------------------------------------
Test Passed.
"Schedule.SimpleNoSolNoAvail1" end time: Apr 13 01:08 UTC
"Schedule.SimpleNoSolNoAvail1" time elapsed: 00:00:01
----------------------------------------------------------

16/21 Testing: Schedule.SimpleNoSolNoAvail2
16/21 Test: Schedule.SimpleNoSolNoAvail2
Command: "/usr/bin/valgrind" "--tool=memcheck" "--leak-check=yes" "--trace-children=no" "/work/hw-melgart/hw5/hw5_stu_tests/schedwork_tests/schedwork_tests" "--gtest_filter=Schedule.SimpleNoSolNoAvail2"
Directory: /work/hw-melgart/hw5/hw5_stu_tests/schedwork_tests
"Schedule.SimpleNoSolNoAvail2" start time: Apr 13 01:08 UTC
Output:
----------------------------------------------------------
==4487== Memcheck, a memory error detector
==4487== Copyright (C) 2002-2017, and GNU GPL'd, by Julian Seward et al.
==4487== Using Valgrind-3.15.0 and LibVEX; rerun with -h for copyright info
==4487== Command: /work/hw-melgart/hw5/hw5_stu_tests/schedwork_tests/schedwork_tests --gtest_filter=Schedule.SimpleNoSolNoAvail2
==4487== 
Running main() from /build/googletest-j5yxiC/googletest-1.10.0/googletest/src/gtest_main.cc
Note: Google Test filter = Schedule.SimpleNoSolNoAvail2
[==========] Running 1 test from 1 test suite.
[----------] Global test environment set-up.
[----------] 1 test from Schedule
[ RUN      ] Schedule.SimpleNoSolNoAvail2
[       OK ] Schedule.SimpleNoSolNoAvail2 (74 ms)
[----------] 1 test from Schedule (81 ms total)

[----------] Global test environment tear-down
[==========] 1 test from 1 test suite ran. (106 ms total)
[  PASSED  ] 1 test.
==4487== 
==4487== HEAP SUMMARY:
==4487==     in use at exit: 0 bytes in 0 blocks
==4487==   total heap usage: 289 allocs, 289 frees, 120,947 bytes allocated
==4487== 
==4487== All heap blocks were freed -- no leaks are possible
==4487== 
==4487== For lists of detected and suppressed errors, rerun with: -s
==4487== ERROR SUMMARY: 0 errors from 0 contexts (suppressed: 0 from 0)
<end of output>
Test time =   1.08 sec
----------------------------------------------------------
Test Passed.
"Schedule.SimpleNoSolNoAvail2" end time: Apr 13 01:08 UTC
"Schedule.SimpleNoSolNoAvail2" time elapsed: 00:00:01
----------------------------------------------------------

17/21 Testing: Schedule.SimpleNoSolNoAvail3
17/21 Test: Schedule.SimpleNoSolNoAvail3
Command: "/usr/bin/valgrind" "--tool=memcheck" "--leak-check=yes" "--trace-children=no" "/work/hw-melgart/hw5/hw5_stu_tests/schedwork_tests/schedwork_tests" "--gtest_filter=Schedule.SimpleNoSolNoAvail3"
Directory: /work/hw-melgart/hw5/hw5_stu_tests/schedwork_tests
"Schedule.SimpleNoSolNoAvail3" start time: Apr 13 01:08 UTC
Output:
----------------------------------------------------------
==4488== Memcheck, a memory error detector
==4488== Copyright (C) 2002-2017, and GNU GPL'd, by Julian Seward et al.
==4488== Using Valgrind-3.15.0 and LibVEX; rerun with -h for copyright info
==4488== Command: /work/hw-melgart/hw5/hw5_stu_tests/schedwork_tests/schedwork_tests --gtest_filter=Schedule.SimpleNoSolNoAvail3
==4488== 
Running main() from /build/googletest-j5yxiC/googletest-1.10.0/googletest/src/gtest_main.cc
Note: Google Test filter = Schedule.SimpleNoSolNoAvail3
[==========] Running 1 test from 1 test suite.
[----------] Global test environment set-up.
[----------] 1 test from Schedule
[ RUN      ] Schedule.SimpleNoSolNoAvail3
[       OK ] Schedule.SimpleNoSolNoAvail3 (73 ms)
[----------] 1 test from Schedule (80 ms total)

[----------] Global test environment tear-down
[==========] 1 test from 1 test suite ran. (105 ms total)
[  PASSED  ] 1 test.
==4488== 
==4488== HEAP SUMMARY:
==4488==     in use at exit: 0 bytes in 0 blocks
==4488==   total heap usage: 294 allocs, 294 frees, 120,967 bytes allocated
==4488== 
==4488== All heap blocks were freed -- no leaks are possible
==4488== 
==4488== For lists of detected and suppressed errors, rerun with: -s
==4488== ERROR SUMMARY: 0 errors from 0 contexts (suppressed: 0 from 0)
<end of output>
Test time =   1.17 sec
----------------------------------------------------------
Test Passed.
"Schedule.SimpleNoSolNoAvail3" end time: Apr 13 01:08 UTC
"Schedule.SimpleNoSolNoAvail3" time elapsed: 00:00:01
----------------------------------------------------------

18/21 Testing: Schedule.Nominal1
18/21 Test: Schedule.Nominal1
Command: "/usr/bin/valgrind" "--tool=memcheck" "--leak-check=yes" "--trace-children=no" "/work/hw-melgart/hw5/hw5_stu_tests/schedwork_tests/schedwork_tests" "--gtest_filter=Schedule.Nominal1"
Directory: /work/hw-melgart/hw5/hw5_stu_tests/schedwork_tests
"Schedule.Nominal1" start time: Apr 13 01:08 UTC
Output:
----------------------------------------------------------
==4489== Memcheck, a memory error detector
==4489== Copyright (C) 2002-2017, and GNU GPL'd, by Julian Seward et al.
==4489== Using Valgrind-3.15.0 and LibVEX; rerun with -h for copyright info
==4489== Command: /work/hw-melgart/hw5/hw5_stu_tests/schedwork_tests/schedwork_tests --gtest_filter=Schedule.Nominal1
==4489== 
Running main() from /build/googletest-j5yxiC/googletest-1.10.0/googletest/src/gtest_main.cc
Note: Google Test filter = Schedule.Nominal1
[==========] Running 1 test from 1 test suite.
[----------] Global test environment set-up.
[----------] 1 test from Schedule
[ RUN      ] Schedule.Nominal1
[       OK ] Schedule.Nominal1 (98 ms)
[----------] 1 test from Schedule (106 ms total)

[----------] Global test environment tear-down
[==========] 1 test from 1 test suite ran. (131 ms total)
[  PASSED  ] 1 test.
==4489== 
==4489== HEAP SUMMARY:
==4489==     in use at exit: 0 bytes in 0 blocks
==4489==   total heap usage: 560 allocs, 560 frees, 125,322 bytes allocated
==4489== 
==4489== All heap blocks were freed -- no leaks are possible
==4489== 
==4489== For lists of detected and suppressed errors, rerun with: -s
==4489== ERROR SUMMARY: 0 errors from 0 contexts (suppressed: 0 from 0)
<end of output>
Test time =   1.14 sec
----------------------------------------------------------
Test Passed.
"Schedule.Nominal1" end time: Apr 13 01:08 UTC
"Schedule.Nominal1" time elapsed: 00:00:01
----------------------------------------------------------

19/21 Testing: Schedule.Nominal1NoSol1
19/21 Test: Schedule.Nominal1NoSol1
Command: "/usr/bin/valgrind" "--tool=memcheck" "--leak-check=yes" "--trace-children=no" "/work/hw-melgart/hw5/hw5_stu_tests/schedwork_tests/schedwork_tests" "--gtest_filter=Schedule.Nominal1NoSol1"
Directory: /work/hw-melgart/hw5/hw5_stu_tests/schedwork_tests
"Schedule.Nominal1NoSol1" start time: Apr 13 01:08 UTC
Output:
----------------------------------------------------------
==4490== Memcheck, a memory error detector
==4490== Copyright (C) 2002-2017, and GNU GPL'd, by Julian Seward et al.
==4490== Using Valgrind-3.15.0 and LibVEX; rerun with -h for copyright info
==4490== Command: /work/hw-melgart/hw5/hw5_stu_tests/schedwork_tests/schedwork_tests --gtest_filter=Schedule.Nominal1NoSol1
==4490== 
Running main() from /build/googletest-j5yxiC/googletest-1.10.0/googletest/src/gtest_main.cc
Note: Google Test filter = Schedule.Nominal1NoSol1
[==========] Running 1 test from 1 test suite.
[----------] Global test environment set-up.
[----------] 1 test from Schedule
[ RUN      ] Schedule.Nominal1NoSol1
[       OK ] Schedule.Nominal1NoSol1 (76 ms)
[----------] 1 test from Schedule (83 ms total)

[----------] Global test environment tear-down
[==========] 1 test from 1 test suite ran. (108 ms total)
[  PASSED  ] 1 test.
==4490== 
==4490== HEAP SUMMARY:
==4490==     in use at exit: 0 bytes in 0 blocks
==4490==   total heap usage: 318 allocs, 318 frees, 121,492 bytes allocated
==4490== 
==4490== All heap blocks were freed -- no leaks are possible
==4490== 
==4490== For lists of detected and suppressed errors, rerun with: -s
==4490== ERROR SUMMARY: 0 errors from 0 contexts (suppressed: 0 from 0)
<end of output>
Test time =   1.17 sec
----------------------------------------------------------
Test Passed.
"Schedule.Nominal1NoSol1" end time: Apr 13 01:08 UTC
"Schedule.Nominal1NoSol1" time elapsed: 00:00:01
----------------------------------------------------------

20/21 Testing: Schedule.Nominal1NoSol2
20/21 Test: Schedule.Nominal1NoSol2
Command: "/usr/bin/valgrind" "--tool=memcheck" "--leak-check=yes" "--trace-children=no" "/work/hw-melgart/hw5/hw5_stu_tests/schedwork_tests/schedwork_tests" "--gtest_filter=Schedule.Nominal1NoSol2"
Directory: /work/hw-melgart/hw5/hw5_stu_tests/schedwork_tests
"Schedule.Nominal1NoSol2" start time: Apr 13 01:08 UTC
Output:
----------------------------------------------------------
==4491== Memcheck, a memory error detector
==4491== Copyright (C) 2002-2017, and GNU GPL'd, by Julian Seward et al.
==4491== Using Valgrind-3.15.0 and LibVEX; rerun with -h for copyright info
==4491== Command: /work/hw-melgart/hw5/hw5_stu_tests/schedwork_tests/schedwork_tests --gtest_filter=Schedule.Nominal1NoSol2
==4491== 
Running main() from /build/googletest-j5yxiC/googletest-1.10.0/googletest/src/gtest_main.cc
Note: Google Test filter = Schedule.Nominal1NoSol2
[==========] Running 1 test from 1 test suite.
[----------] Global test environment set-up.
[----------] 1 test from Schedule
[ RUN      ] Schedule.Nominal1NoSol2
[       OK ] Schedule.Nominal1NoSol2 (79 ms)
[----------] 1 test from Schedule (85 ms total)

[----------] Global test environment tear-down
[==========] 1 test from 1 test suite ran. (109 ms total)
[  PASSED  ] 1 test.
==4491== 
==4491== HEAP SUMMARY:
==4491==     in use at exit: 0 bytes in 0 blocks
==4491==   total heap usage: 306 allocs, 306 frees, 121,300 bytes allocated
==4491== 
==4491== All heap blocks were freed -- no leaks are possible
==4491== 
==4491== For lists of detected and suppressed errors, rerun with: -s
==4491== ERROR SUMMARY: 0 errors from 0 contexts (suppressed: 0 from 0)
<end of output>
Test time =   1.10 sec
----------------------------------------------------------
Test Passed.
"Schedule.Nominal1NoSol2" end time: Apr 13 01:08 UTC
"Schedule.Nominal1NoSol2" time elapsed: 00:00:01
----------------------------------------------------------

21/21 Testing: Schedule.Nominal2
21/21 Test: Schedule.Nominal2
Command: "/usr/bin/valgrind" "--tool=memcheck" "--leak-check=yes" "--trace-children=no" "/work/hw-melgart/hw5/hw5_stu_tests/schedwork_tests/schedwork_tests" "--gtest_filter=Schedule.Nominal2"
Directory: /work/hw-melgart/hw5/hw5_stu_tests/schedwork_tests
"Schedule.Nominal2" start time: Apr 13 01:08 UTC
Output:
----------------------------------------------------------
==4492== Memcheck, a memory error detector
==4492== Copyright (C) 2002-2017, and GNU GPL'd, by Julian Seward et al.
==4492== Using Valgrind-3.15.0 and LibVEX; rerun with -h for copyright info
==4492== Command: /work/hw-melgart/hw5/hw5_stu_tests/schedwork_tests/schedwork_tests --gtest_filter=Schedule.Nominal2
==4492== 
Running main() from /build/googletest-j5yxiC/googletest-1.10.0/googletest/src/gtest_main.cc
Note: Google Test filter = Schedule.Nominal2
[==========] Running 1 test from 1 test suite.
[----------] Global test environment set-up.
[----------] 1 test from Schedule
[ RUN      ] Schedule.Nominal2
[       OK ] Schedule.Nominal2 (243 ms)
[----------] 1 test from Schedule (251 ms total)

[----------] Global test environment tear-down
[==========] 1 test from 1 test suite ran. (275 ms total)
[  PASSED  ] 1 test.
==4492== 
==4492== HEAP SUMMARY:
==4492==     in use at exit: 0 bytes in 0 blocks
==4492==   total heap usage: 7,398 allocs, 7,398 frees, 319,910 bytes allocated
==4492== 
==4492== All heap blocks were freed -- no leaks are possible
==4492== 
==4492== For lists of detected and suppressed errors, rerun with: -s
==4492== ERROR SUMMARY: 0 errors from 0 contexts (suppressed: 0 from 0)
<end of output>
Test time =   1.30 sec
----------------------------------------------------------
Test Passed.
"Schedule.Nominal2" end time: Apr 13 01:08 UTC
"Schedule.Nominal2" time elapsed: 00:00:01
----------------------------------------------------------

End testing: Apr 13 01:08 UTC
