Start testing: Apr 08 20:35 UTC
----------------------------------------------------------
1/12 Testing: Wordle.Empty
1/12 Test: Wordle.Empty
Command: "/usr/bin/valgrind" "--tool=memcheck" "--leak-check=yes" "--trace-children=no" "/work/hw-melgart/hw5/hw5_stu_tests/wordle_tests/wordle_tests" "--gtest_filter=Wordle.Empty"
Directory: /work/hw-melgart/hw5/hw5_stu_tests/wordle_tests
"Wordle.Empty" start time: Apr 08 20:35 UTC
Output:
----------------------------------------------------------
==3531== Memcheck, a memory error detector
==3531== Copyright (C) 2002-2017, and GNU GPL'd, by Julian Seward et al.
==3531== Using Valgrind-3.15.0 and LibVEX; rerun with -h for copyright info
==3531== Command: /work/hw-melgart/hw5/hw5_stu_tests/wordle_tests/wordle_tests --gtest_filter=Wordle.Empty
==3531== 
Read 63247 words into dictionary.
Running main() from /build/googletest-j5yxiC/googletest-1.10.0/googletest/src/gtest_main.cc
Note: Google Test filter = Wordle.Empty
[==========] Running 1 test from 1 test suite.
[----------] Global test environment set-up.
[----------] 1 test from Wordle
[ RUN      ] Wordle.Empty
[       OK ] Wordle.Empty (18 ms)
[----------] 1 test from Wordle (26 ms total)

[----------] Global test environment tear-down
[==========] 1 test from 1 test suite ran. (47 ms total)
[  PASSED  ] 1 test.
==3531== 
==3531== HEAP SUMMARY:
==3531==     in use at exit: 0 bytes in 0 blocks
==3531==   total heap usage: 63,757 allocs, 63,757 frees, 4,182,186 bytes allocated
==3531== 
==3531== All heap blocks were freed -- no leaks are possible
==3531== 
==3531== For lists of detected and suppressed errors, rerun with: -s
==3531== ERROR SUMMARY: 0 errors from 0 contexts (suppressed: 0 from 0)
<end of output>
Test time =   8.10 sec
----------------------------------------------------------
Test Passed.
"Wordle.Empty" end time: Apr 08 20:35 UTC
"Wordle.Empty" time elapsed: 00:00:08
----------------------------------------------------------

2/12 Testing: Wordle.NoSolutions
2/12 Test: Wordle.NoSolutions
Command: "/usr/bin/valgrind" "--tool=memcheck" "--leak-check=yes" "--trace-children=no" "/work/hw-melgart/hw5/hw5_stu_tests/wordle_tests/wordle_tests" "--gtest_filter=Wordle.NoSolutions"
Directory: /work/hw-melgart/hw5/hw5_stu_tests/wordle_tests
"Wordle.NoSolutions" start time: Apr 08 20:35 UTC
Output:
----------------------------------------------------------
==3532== Memcheck, a memory error detector
==3532== Copyright (C) 2002-2017, and GNU GPL'd, by Julian Seward et al.
==3532== Using Valgrind-3.15.0 and LibVEX; rerun with -h for copyright info
==3532== Command: /work/hw-melgart/hw5/hw5_stu_tests/wordle_tests/wordle_tests --gtest_filter=Wordle.NoSolutions
==3532== 
Read 63247 words into dictionary.
Running main() from /build/googletest-j5yxiC/googletest-1.10.0/googletest/src/gtest_main.cc
Note: Google Test filter = Wordle.NoSolutions
[==========] Running 1 test from 1 test suite.
[----------] Global test environment set-up.
[----------] 1 test from Wordle
[ RUN      ] Wordle.NoSolutions
[       OK ] Wordle.NoSolutions (32 ms)
[----------] 1 test from Wordle (41 ms total)

[----------] Global test environment tear-down
[==========] 1 test from 1 test suite ran. (68 ms total)
[  PASSED  ] 1 test.
==3532== 
==3532== HEAP SUMMARY:
==3532==     in use at exit: 0 bytes in 0 blocks
==3532==   total heap usage: 63,771 allocs, 63,771 frees, 4,182,656 bytes allocated
==3532== 
==3532== All heap blocks were freed -- no leaks are possible
==3532== 
==3532== For lists of detected and suppressed errors, rerun with: -s
==3532== ERROR SUMMARY: 0 errors from 0 contexts (suppressed: 0 from 0)
<end of output>
Test time =   9.00 sec
----------------------------------------------------------
Test Passed.
"Wordle.NoSolutions" end time: Apr 08 20:35 UTC
"Wordle.NoSolutions" time elapsed: 00:00:08
----------------------------------------------------------

3/12 Testing: Wordle.OneLetterUnconstrained
3/12 Test: Wordle.OneLetterUnconstrained
Command: "/usr/bin/valgrind" "--tool=memcheck" "--leak-check=yes" "--trace-children=no" "/work/hw-melgart/hw5/hw5_stu_tests/wordle_tests/wordle_tests" "--gtest_filter=Wordle.OneLetterUnconstrained"
Directory: /work/hw-melgart/hw5/hw5_stu_tests/wordle_tests
"Wordle.OneLetterUnconstrained" start time: Apr 08 20:35 UTC
Output:
----------------------------------------------------------
==3533== Memcheck, a memory error detector
==3533== Copyright (C) 2002-2017, and GNU GPL'd, by Julian Seward et al.
==3533== Using Valgrind-3.15.0 and LibVEX; rerun with -h for copyright info
==3533== Command: /work/hw-melgart/hw5/hw5_stu_tests/wordle_tests/wordle_tests --gtest_filter=Wordle.OneLetterUnconstrained
==3533== 
Read 63247 words into dictionary.
Running main() from /build/googletest-j5yxiC/googletest-1.10.0/googletest/src/gtest_main.cc
Note: Google Test filter = Wordle.OneLetterUnconstrained
[==========] Running 1 test from 1 test suite.
[----------] Global test environment set-up.
[----------] 1 test from Wordle
[ RUN      ] Wordle.OneLetterUnconstrained
[       OK ] Wordle.OneLetterUnconstrained (63 ms)
[----------] 1 test from Wordle (70 ms total)

[----------] Global test environment tear-down
[==========] 1 test from 1 test suite ran. (94 ms total)
[  PASSED  ] 1 test.
==3533== 
==3533== HEAP SUMMARY:
==3533==     in use at exit: 0 bytes in 0 blocks
==3533==   total heap usage: 63,849 allocs, 63,849 frees, 4,187,725 bytes allocated
==3533== 
==3533== All heap blocks were freed -- no leaks are possible
==3533== 
==3533== For lists of detected and suppressed errors, rerun with: -s
==3533== ERROR SUMMARY: 0 errors from 0 contexts (suppressed: 0 from 0)
<end of output>
Test time =   9.59 sec
----------------------------------------------------------
Test Passed.
"Wordle.OneLetterUnconstrained" end time: Apr 08 20:35 UTC
"Wordle.OneLetterUnconstrained" time elapsed: 00:00:09
----------------------------------------------------------

4/12 Testing: Wordle.OneLetterConstrained
4/12 Test: Wordle.OneLetterConstrained
Command: "/usr/bin/valgrind" "--tool=memcheck" "--leak-check=yes" "--trace-children=no" "/work/hw-melgart/hw5/hw5_stu_tests/wordle_tests/wordle_tests" "--gtest_filter=Wordle.OneLetterConstrained"
Directory: /work/hw-melgart/hw5/hw5_stu_tests/wordle_tests
"Wordle.OneLetterConstrained" start time: Apr 08 20:35 UTC
Output:
----------------------------------------------------------
==3534== Memcheck, a memory error detector
==3534== Copyright (C) 2002-2017, and GNU GPL'd, by Julian Seward et al.
==3534== Using Valgrind-3.15.0 and LibVEX; rerun with -h for copyright info
==3534== Command: /work/hw-melgart/hw5/hw5_stu_tests/wordle_tests/wordle_tests --gtest_filter=Wordle.OneLetterConstrained
==3534== 
Read 63247 words into dictionary.
Running main() from /build/googletest-j5yxiC/googletest-1.10.0/googletest/src/gtest_main.cc
Note: Google Test filter = Wordle.OneLetterConstrained
[==========] Running 1 test from 1 test suite.
[----------] Global test environment set-up.
[----------] 1 test from Wordle
[ RUN      ] Wordle.OneLetterConstrained
[       OK ] Wordle.OneLetterConstrained (38 ms)
[----------] 1 test from Wordle (44 ms total)

[----------] Global test environment tear-down
[==========] 1 test from 1 test suite ran. (64 ms total)
[  PASSED  ] 1 test.
==3534== 
==3534== HEAP SUMMARY:
==3534==     in use at exit: 0 bytes in 0 blocks
==3534==   total heap usage: 63,774 allocs, 63,774 frees, 4,182,911 bytes allocated
==3534== 
==3534== All heap blocks were freed -- no leaks are possible
==3534== 
==3534== For lists of detected and suppressed errors, rerun with: -s
==3534== ERROR SUMMARY: 0 errors from 0 contexts (suppressed: 0 from 0)
<end of output>
Test time =   7.65 sec
----------------------------------------------------------
Test Passed.
"Wordle.OneLetterConstrained" end time: Apr 08 20:36 UTC
"Wordle.OneLetterConstrained" time elapsed: 00:00:07
----------------------------------------------------------

5/12 Testing: Wordle.TwoLetterUnconstrained
5/12 Test: Wordle.TwoLetterUnconstrained
Command: "/usr/bin/valgrind" "--tool=memcheck" "--leak-check=yes" "--trace-children=no" "/work/hw-melgart/hw5/hw5_stu_tests/wordle_tests/wordle_tests" "--gtest_filter=Wordle.TwoLetterUnconstrained"
Directory: /work/hw-melgart/hw5/hw5_stu_tests/wordle_tests
"Wordle.TwoLetterUnconstrained" start time: Apr 08 20:36 UTC
Output:
----------------------------------------------------------
==3535== Memcheck, a memory error detector
==3535== Copyright (C) 2002-2017, and GNU GPL'd, by Julian Seward et al.
==3535== Using Valgrind-3.15.0 and LibVEX; rerun with -h for copyright info
==3535== Command: /work/hw-melgart/hw5/hw5_stu_tests/wordle_tests/wordle_tests --gtest_filter=Wordle.TwoLetterUnconstrained
==3535== 
Read 63247 words into dictionary.
Running main() from /build/googletest-j5yxiC/googletest-1.10.0/googletest/src/gtest_main.cc
Note: Google Test filter = Wordle.TwoLetterUnconstrained
[==========] Running 1 test from 1 test suite.
[----------] Global test environment set-up.
[----------] 1 test from Wordle
[ RUN      ] Wordle.TwoLetterUnconstrained
[       OK ] Wordle.TwoLetterUnconstrained (124 ms)
[----------] 1 test from Wordle (130 ms total)

[----------] Global test environment tear-down
[==========] 1 test from 1 test suite ran. (149 ms total)
[  PASSED  ] 1 test.
==3535== 
==3535== HEAP SUMMARY:
==3535==     in use at exit: 0 bytes in 0 blocks
==3535==   total heap usage: 63,957 allocs, 63,957 frees, 4,194,637 bytes allocated
==3535== 
==3535== All heap blocks were freed -- no leaks are possible
==3535== 
==3535== For lists of detected and suppressed errors, rerun with: -s
==3535== ERROR SUMMARY: 0 errors from 0 contexts (suppressed: 0 from 0)
<end of output>
Test time =   8.16 sec
----------------------------------------------------------
Test Passed.
"Wordle.TwoLetterUnconstrained" end time: Apr 08 20:36 UTC
"Wordle.TwoLetterUnconstrained" time elapsed: 00:00:08
----------------------------------------------------------

6/12 Testing: Wordle.TwoLetterConstrained
6/12 Test: Wordle.TwoLetterConstrained
Command: "/usr/bin/valgrind" "--tool=memcheck" "--leak-check=yes" "--trace-children=no" "/work/hw-melgart/hw5/hw5_stu_tests/wordle_tests/wordle_tests" "--gtest_filter=Wordle.TwoLetterConstrained"
Directory: /work/hw-melgart/hw5/hw5_stu_tests/wordle_tests
"Wordle.TwoLetterConstrained" start time: Apr 08 20:36 UTC
Output:
----------------------------------------------------------
==3536== Memcheck, a memory error detector
==3536== Copyright (C) 2002-2017, and GNU GPL'd, by Julian Seward et al.
==3536== Using Valgrind-3.15.0 and LibVEX; rerun with -h for copyright info
==3536== Command: /work/hw-melgart/hw5/hw5_stu_tests/wordle_tests/wordle_tests --gtest_filter=Wordle.TwoLetterConstrained
==3536== 
Read 63247 words into dictionary.
Running main() from /build/googletest-j5yxiC/googletest-1.10.0/googletest/src/gtest_main.cc
Note: Google Test filter = Wordle.TwoLetterConstrained
[==========] Running 1 test from 1 test suite.
[----------] Global test environment set-up.
[----------] 1 test from Wordle
[ RUN      ] Wordle.TwoLetterConstrained
[       OK ] Wordle.TwoLetterConstrained (66 ms)
[----------] 1 test from Wordle (73 ms total)

[----------] Global test environment tear-down
[==========] 1 test from 1 test suite ran. (91 ms total)
[  PASSED  ] 1 test.
==3536== 
==3536== HEAP SUMMARY:
==3536==     in use at exit: 0 bytes in 0 blocks
==3536==   total heap usage: 63,811 allocs, 63,811 frees, 4,185,255 bytes allocated
==3536== 
==3536== All heap blocks were freed -- no leaks are possible
==3536== 
==3536== For lists of detected and suppressed errors, rerun with: -s
==3536== ERROR SUMMARY: 0 errors from 0 contexts (suppressed: 0 from 0)
<end of output>
Test time =   7.30 sec
----------------------------------------------------------
Test Passed.
"Wordle.TwoLetterConstrained" end time: Apr 08 20:36 UTC
"Wordle.TwoLetterConstrained" time elapsed: 00:00:07
----------------------------------------------------------

7/12 Testing: Wordle.ThreeLetterFull
7/12 Test: Wordle.ThreeLetterFull
Command: "/usr/bin/valgrind" "--tool=memcheck" "--leak-check=yes" "--trace-children=no" "/work/hw-melgart/hw5/hw5_stu_tests/wordle_tests/wordle_tests" "--gtest_filter=Wordle.ThreeLetterFull"
Directory: /work/hw-melgart/hw5/hw5_stu_tests/wordle_tests
"Wordle.ThreeLetterFull" start time: Apr 08 20:36 UTC
Output:
----------------------------------------------------------
==3537== Memcheck, a memory error detector
==3537== Copyright (C) 2002-2017, and GNU GPL'd, by Julian Seward et al.
==3537== Using Valgrind-3.15.0 and LibVEX; rerun with -h for copyright info
==3537== Command: /work/hw-melgart/hw5/hw5_stu_tests/wordle_tests/wordle_tests --gtest_filter=Wordle.ThreeLetterFull
==3537== 
Read 63247 words into dictionary.
Running main() from /build/googletest-j5yxiC/googletest-1.10.0/googletest/src/gtest_main.cc
Note: Google Test filter = Wordle.ThreeLetterFull
[==========] Running 1 test from 1 test suite.
[----------] Global test environment set-up.
[----------] 1 test from Wordle
[ RUN      ] Wordle.ThreeLetterFull
[       OK ] Wordle.ThreeLetterFull (35 ms)
[----------] 1 test from Wordle (41 ms total)

[----------] Global test environment tear-down
[==========] 1 test from 1 test suite ran. (62 ms total)
[  PASSED  ] 1 test.
==3537== 
==3537== HEAP SUMMARY:
==3537==     in use at exit: 0 bytes in 0 blocks
==3537==   total heap usage: 63,774 allocs, 63,774 frees, 4,182,876 bytes allocated
==3537== 
==3537== All heap blocks were freed -- no leaks are possible
==3537== 
==3537== For lists of detected and suppressed errors, rerun with: -s
==3537== ERROR SUMMARY: 0 errors from 0 contexts (suppressed: 0 from 0)
<end of output>
Test time =   7.23 sec
----------------------------------------------------------
Test Passed.
"Wordle.ThreeLetterFull" end time: Apr 08 20:36 UTC
"Wordle.ThreeLetterFull" time elapsed: 00:00:07
----------------------------------------------------------

8/12 Testing: Wordle.OneOption
8/12 Test: Wordle.OneOption
Command: "/usr/bin/valgrind" "--tool=memcheck" "--leak-check=yes" "--trace-children=no" "/work/hw-melgart/hw5/hw5_stu_tests/wordle_tests/wordle_tests" "--gtest_filter=Wordle.OneOption"
Directory: /work/hw-melgart/hw5/hw5_stu_tests/wordle_tests
"Wordle.OneOption" start time: Apr 08 20:36 UTC
Output:
----------------------------------------------------------
==3538== Memcheck, a memory error detector
==3538== Copyright (C) 2002-2017, and GNU GPL'd, by Julian Seward et al.
==3538== Using Valgrind-3.15.0 and LibVEX; rerun with -h for copyright info
==3538== Command: /work/hw-melgart/hw5/hw5_stu_tests/wordle_tests/wordle_tests --gtest_filter=Wordle.OneOption
==3538== 
Read 63247 words into dictionary.
Running main() from /build/googletest-j5yxiC/googletest-1.10.0/googletest/src/gtest_main.cc
Note: Google Test filter = Wordle.OneOption
[==========] Running 1 test from 1 test suite.
[----------] Global test environment set-up.
[----------] 1 test from Wordle
[ RUN      ] Wordle.OneOption
[       OK ] Wordle.OneOption (56 ms)
[----------] 1 test from Wordle (65 ms total)

[----------] Global test environment tear-down
[==========] 1 test from 1 test suite ran. (87 ms total)
[  PASSED  ] 1 test.
==3538== 
==3538== HEAP SUMMARY:
==3538==     in use at exit: 0 bytes in 0 blocks
==3538==   total heap usage: 63,774 allocs, 63,774 frees, 4,182,834 bytes allocated
==3538== 
==3538== All heap blocks were freed -- no leaks are possible
==3538== 
==3538== For lists of detected and suppressed errors, rerun with: -s
==3538== ERROR SUMMARY: 0 errors from 0 contexts (suppressed: 0 from 0)
<end of output>
Test time =   8.75 sec
----------------------------------------------------------
Test Passed.
"Wordle.OneOption" end time: Apr 08 20:36 UTC
"Wordle.OneOption" time elapsed: 00:00:08
----------------------------------------------------------

9/12 Testing: Wordle.Nominal1
9/12 Test: Wordle.Nominal1
Command: "/usr/bin/valgrind" "--tool=memcheck" "--leak-check=yes" "--trace-children=no" "/work/hw-melgart/hw5/hw5_stu_tests/wordle_tests/wordle_tests" "--gtest_filter=Wordle.Nominal1"
Directory: /work/hw-melgart/hw5/hw5_stu_tests/wordle_tests
"Wordle.Nominal1" start time: Apr 08 20:36 UTC
Output:
----------------------------------------------------------
==3539== Memcheck, a memory error detector
==3539== Copyright (C) 2002-2017, and GNU GPL'd, by Julian Seward et al.
==3539== Using Valgrind-3.15.0 and LibVEX; rerun with -h for copyright info
==3539== Command: /work/hw-melgart/hw5/hw5_stu_tests/wordle_tests/wordle_tests --gtest_filter=Wordle.Nominal1
==3539== 
Read 63247 words into dictionary.
Running main() from /build/googletest-j5yxiC/googletest-1.10.0/googletest/src/gtest_main.cc
Note: Google Test filter = Wordle.Nominal1
[==========] Running 1 test from 1 test suite.
[----------] Global test environment set-up.
[----------] 1 test from Wordle
[ RUN      ] Wordle.Nominal1
[       OK ] Wordle.Nominal1 (2306 ms)
[----------] 1 test from Wordle (2313 ms total)

[----------] Global test environment tear-down
[==========] 1 test from 1 test suite ran. (2333 ms total)
[  PASSED  ] 1 test.
==3539== 
==3539== HEAP SUMMARY:
==3539==     in use at exit: 0 bytes in 0 blocks
==3539==   total heap usage: 64,561 allocs, 64,561 frees, 4,214,505 bytes allocated
==3539== 
==3539== All heap blocks were freed -- no leaks are possible
==3539== 
==3539== For lists of detected and suppressed errors, rerun with: -s
==3539== ERROR SUMMARY: 0 errors from 0 contexts (suppressed: 0 from 0)
<end of output>
Test time =  10.44 sec
----------------------------------------------------------
Test Passed.
"Wordle.Nominal1" end time: Apr 08 20:36 UTC
"Wordle.Nominal1" time elapsed: 00:00:10
----------------------------------------------------------

10/12 Testing: Wordle.Nominal2
10/12 Test: Wordle.Nominal2
Command: "/usr/bin/valgrind" "--tool=memcheck" "--leak-check=yes" "--trace-children=no" "/work/hw-melgart/hw5/hw5_stu_tests/wordle_tests/wordle_tests" "--gtest_filter=Wordle.Nominal2"
Directory: /work/hw-melgart/hw5/hw5_stu_tests/wordle_tests
"Wordle.Nominal2" start time: Apr 08 20:36 UTC
Output:
----------------------------------------------------------
==3540== Memcheck, a memory error detector
==3540== Copyright (C) 2002-2017, and GNU GPL'd, by Julian Seward et al.
==3540== Using Valgrind-3.15.0 and LibVEX; rerun with -h for copyright info
==3540== Command: /work/hw-melgart/hw5/hw5_stu_tests/wordle_tests/wordle_tests --gtest_filter=Wordle.Nominal2
==3540== 
Read 63247 words into dictionary.
Running main() from /build/googletest-j5yxiC/googletest-1.10.0/googletest/src/gtest_main.cc
Note: Google Test filter = Wordle.Nominal2
[==========] Running 1 test from 1 test suite.
[----------] Global test environment set-up.
[----------] 1 test from Wordle
[ RUN      ] Wordle.Nominal2
[       OK ] Wordle.Nominal2 (512 ms)
[----------] 1 test from Wordle (520 ms total)

[----------] Global test environment tear-down
[==========] 1 test from 1 test suite ran. (542 ms total)
[  PASSED  ] 1 test.
==3540== 
==3540== HEAP SUMMARY:
==3540==     in use at exit: 0 bytes in 0 blocks
==3540==   total heap usage: 63,916 allocs, 63,916 frees, 4,188,777 bytes allocated
==3540== 
==3540== All heap blocks were freed -- no leaks are possible
==3540== 
==3540== For lists of detected and suppressed errors, rerun with: -s
==3540== ERROR SUMMARY: 0 errors from 0 contexts (suppressed: 0 from 0)
<end of output>
Test time =   8.07 sec
----------------------------------------------------------
Test Passed.
"Wordle.Nominal2" end time: Apr 08 20:36 UTC
"Wordle.Nominal2" time elapsed: 00:00:08
----------------------------------------------------------

11/12 Testing: Wordle.Nominal3
11/12 Test: Wordle.Nominal3
Command: "/usr/bin/valgrind" "--tool=memcheck" "--leak-check=yes" "--trace-children=no" "/work/hw-melgart/hw5/hw5_stu_tests/wordle_tests/wordle_tests" "--gtest_filter=Wordle.Nominal3"
Directory: /work/hw-melgart/hw5/hw5_stu_tests/wordle_tests
"Wordle.Nominal3" start time: Apr 08 20:36 UTC
Output:
----------------------------------------------------------
==3541== Memcheck, a memory error detector
==3541== Copyright (C) 2002-2017, and GNU GPL'd, by Julian Seward et al.
==3541== Using Valgrind-3.15.0 and LibVEX; rerun with -h for copyright info
==3541== Command: /work/hw-melgart/hw5/hw5_stu_tests/wordle_tests/wordle_tests --gtest_filter=Wordle.Nominal3
==3541== 
Read 63247 words into dictionary.
Running main() from /build/googletest-j5yxiC/googletest-1.10.0/googletest/src/gtest_main.cc
Note: Google Test filter = Wordle.Nominal3
[==========] Running 1 test from 1 test suite.
[----------] Global test environment set-up.
[----------] 1 test from Wordle
[ RUN      ] Wordle.Nominal3
[       OK ] Wordle.Nominal3 (222 ms)
[----------] 1 test from Wordle (231 ms total)

[----------] Global test environment tear-down
[==========] 1 test from 1 test suite ran. (254 ms total)
[  PASSED  ] 1 test.
==3541== 
==3541== HEAP SUMMARY:
==3541==     in use at exit: 0 bytes in 0 blocks
==3541==   total heap usage: 63,864 allocs, 63,864 frees, 4,188,425 bytes allocated
==3541== 
==3541== All heap blocks were freed -- no leaks are possible
==3541== 
==3541== For lists of detected and suppressed errors, rerun with: -s
==3541== ERROR SUMMARY: 0 errors from 0 contexts (suppressed: 0 from 0)
<end of output>
Test time =   8.02 sec
----------------------------------------------------------
Test Passed.
"Wordle.Nominal3" end time: Apr 08 20:37 UTC
"Wordle.Nominal3" time elapsed: 00:00:08
----------------------------------------------------------

12/12 Testing: Wordle.Long
12/12 Test: Wordle.Long
Command: "/usr/bin/valgrind" "--tool=memcheck" "--leak-check=yes" "--trace-children=no" "/work/hw-melgart/hw5/hw5_stu_tests/wordle_tests/wordle_tests" "--gtest_filter=Wordle.Long"
Directory: /work/hw-melgart/hw5/hw5_stu_tests/wordle_tests
"Wordle.Long" start time: Apr 08 20:37 UTC
Output:
----------------------------------------------------------
==3542== Memcheck, a memory error detector
==3542== Copyright (C) 2002-2017, and GNU GPL'd, by Julian Seward et al.
==3542== Using Valgrind-3.15.0 and LibVEX; rerun with -h for copyright info
==3542== Command: /work/hw-melgart/hw5/hw5_stu_tests/wordle_tests/wordle_tests --gtest_filter=Wordle.Long
==3542== 
Read 63247 words into dictionary.
Running main() from /build/googletest-j5yxiC/googletest-1.10.0/googletest/src/gtest_main.cc
Note: Google Test filter = Wordle.Long
[==========] Running 1 test from 1 test suite.
[----------] Global test environment set-up.
[----------] 1 test from Wordle
[ RUN      ] Wordle.Long
[       OK ] Wordle.Long (13965 ms)
[----------] 1 test from Wordle (13972 ms total)

[----------] Global test environment tear-down
[==========] 1 test from 1 test suite ran. (13993 ms total)
[  PASSED  ] 1 test.
==3542== 
==3542== HEAP SUMMARY:
==3542==     in use at exit: 0 bytes in 0 blocks
==3542==   total heap usage: 68,370 allocs, 68,370 frees, 4,366,917 bytes allocated
==3542== 
==3542== All heap blocks were freed -- no leaks are possible
==3542== 
==3542== For lists of detected and suppressed errors, rerun with: -s
==3542== ERROR SUMMARY: 0 errors from 0 contexts (suppressed: 0 from 0)
<end of output>
Test time =  23.33 sec
----------------------------------------------------------
Test Passed.
"Wordle.Long" end time: Apr 08 20:37 UTC
"Wordle.Long" time elapsed: 00:00:23
----------------------------------------------------------

End testing: Apr 08 20:37 UTC
