Start testing: Mar 30 00:15 UTC
----------------------------------------------------------
1/66 Testing: EqualPaths.Empty
1/66 Test: EqualPaths.Empty
Command: "/usr/bin/valgrind" "--tool=memcheck" "--leak-check=yes" "--trace-children=no" "/work/hw-melgart/hw4/hw4_tests/equalpaths_tests/equalpaths_tests" "--gtest_filter=EqualPaths.Empty"
Directory: /work/hw-melgart/hw4/hw4_tests/equalpaths_tests
"EqualPaths.Empty" start time: Mar 30 00:15 UTC
Output:
----------------------------------------------------------
==22718== Memcheck, a memory error detector
==22718== Copyright (C) 2002-2017, and GNU GPL'd, by Julian Seward et al.
==22718== Using Valgrind-3.15.0 and LibVEX; rerun with -h for copyright info
==22718== Command: /work/hw-melgart/hw4/hw4_tests/equalpaths_tests/equalpaths_tests --gtest_filter=EqualPaths.Empty
==22718== 
Running main() from /build/googletest-j5yxiC/googletest-1.10.0/googletest/src/gtest_main.cc
Note: Google Test filter = EqualPaths.Empty
[==========] Running 1 test from 1 test suite.
[----------] Global test environment set-up.
[----------] 1 test from EqualPaths
[ RUN      ] EqualPaths.Empty
[       OK ] EqualPaths.Empty (8 ms)
[----------] 1 test from EqualPaths (13 ms total)

[----------] Global test environment tear-down
[==========] 1 test from 1 test suite ran. (37 ms total)
[  PASSED  ] 1 test.
==22718== 
==22718== HEAP SUMMARY:
==22718==     in use at exit: 0 bytes in 0 blocks
==22718==   total heap usage: 279 allocs, 279 frees, 122,086 bytes allocated
==22718== 
==22718== All heap blocks were freed -- no leaks are possible
==22718== 
==22718== For lists of detected and suppressed errors, rerun with: -s
==22718== ERROR SUMMARY: 0 errors from 0 contexts (suppressed: 0 from 0)
<end of output>
Test time =   1.06 sec
----------------------------------------------------------
Test Passed.
"EqualPaths.Empty" end time: Mar 30 00:15 UTC
"EqualPaths.Empty" time elapsed: 00:00:01
----------------------------------------------------------

2/66 Testing: EqualPaths.RootOnly
2/66 Test: EqualPaths.RootOnly
Command: "/usr/bin/valgrind" "--tool=memcheck" "--leak-check=yes" "--trace-children=no" "/work/hw-melgart/hw4/hw4_tests/equalpaths_tests/equalpaths_tests" "--gtest_filter=EqualPaths.RootOnly"
Directory: /work/hw-melgart/hw4/hw4_tests/equalpaths_tests
"EqualPaths.RootOnly" start time: Mar 30 00:15 UTC
Output:
----------------------------------------------------------
==22719== Memcheck, a memory error detector
==22719== Copyright (C) 2002-2017, and GNU GPL'd, by Julian Seward et al.
==22719== Using Valgrind-3.15.0 and LibVEX; rerun with -h for copyright info
==22719== Command: /work/hw-melgart/hw4/hw4_tests/equalpaths_tests/equalpaths_tests --gtest_filter=EqualPaths.RootOnly
==22719== 
Running main() from /build/googletest-j5yxiC/googletest-1.10.0/googletest/src/gtest_main.cc
Note: Google Test filter = EqualPaths.RootOnly
[==========] Running 1 test from 1 test suite.
[----------] Global test environment set-up.
[----------] 1 test from EqualPaths
[ RUN      ] EqualPaths.RootOnly
[       OK ] EqualPaths.RootOnly (9 ms)
[----------] 1 test from EqualPaths (15 ms total)

[----------] Global test environment tear-down
[==========] 1 test from 1 test suite ran. (39 ms total)
[  PASSED  ] 1 test.
==22719== 
==22719== HEAP SUMMARY:
==22719==     in use at exit: 0 bytes in 0 blocks
==22719==   total heap usage: 279 allocs, 279 frees, 122,107 bytes allocated
==22719== 
==22719== All heap blocks were freed -- no leaks are possible
==22719== 
==22719== For lists of detected and suppressed errors, rerun with: -s
==22719== ERROR SUMMARY: 0 errors from 0 contexts (suppressed: 0 from 0)
<end of output>
Test time =   1.02 sec
----------------------------------------------------------
Test Passed.
"EqualPaths.RootOnly" end time: Mar 30 00:15 UTC
"EqualPaths.RootOnly" time elapsed: 00:00:01
----------------------------------------------------------

3/66 Testing: EqualPaths.RootLeft
3/66 Test: EqualPaths.RootLeft
Command: "/usr/bin/valgrind" "--tool=memcheck" "--leak-check=yes" "--trace-children=no" "/work/hw-melgart/hw4/hw4_tests/equalpaths_tests/equalpaths_tests" "--gtest_filter=EqualPaths.RootLeft"
Directory: /work/hw-melgart/hw4/hw4_tests/equalpaths_tests
"EqualPaths.RootLeft" start time: Mar 30 00:15 UTC
Output:
----------------------------------------------------------
==22720== Memcheck, a memory error detector
==22720== Copyright (C) 2002-2017, and GNU GPL'd, by Julian Seward et al.
==22720== Using Valgrind-3.15.0 and LibVEX; rerun with -h for copyright info
==22720== Command: /work/hw-melgart/hw4/hw4_tests/equalpaths_tests/equalpaths_tests --gtest_filter=EqualPaths.RootLeft
==22720== 
Running main() from /build/googletest-j5yxiC/googletest-1.10.0/googletest/src/gtest_main.cc
Note: Google Test filter = EqualPaths.RootLeft
[==========] Running 1 test from 1 test suite.
[----------] Global test environment set-up.
[----------] 1 test from EqualPaths
[ RUN      ] EqualPaths.RootLeft
[       OK ] EqualPaths.RootLeft (9 ms)
[----------] 1 test from EqualPaths (16 ms total)

[----------] Global test environment tear-down
[==========] 1 test from 1 test suite ran. (40 ms total)
[  PASSED  ] 1 test.
==22720== 
==22720== HEAP SUMMARY:
==22720==     in use at exit: 0 bytes in 0 blocks
==22720==   total heap usage: 279 allocs, 279 frees, 122,107 bytes allocated
==22720== 
==22720== All heap blocks were freed -- no leaks are possible
==22720== 
==22720== For lists of detected and suppressed errors, rerun with: -s
==22720== ERROR SUMMARY: 0 errors from 0 contexts (suppressed: 0 from 0)
<end of output>
Test time =   1.04 sec
----------------------------------------------------------
Test Passed.
"EqualPaths.RootLeft" end time: Mar 30 00:15 UTC
"EqualPaths.RootLeft" time elapsed: 00:00:01
----------------------------------------------------------

4/66 Testing: EqualPaths.RootRight
4/66 Test: EqualPaths.RootRight
Command: "/usr/bin/valgrind" "--tool=memcheck" "--leak-check=yes" "--trace-children=no" "/work/hw-melgart/hw4/hw4_tests/equalpaths_tests/equalpaths_tests" "--gtest_filter=EqualPaths.RootRight"
Directory: /work/hw-melgart/hw4/hw4_tests/equalpaths_tests
"EqualPaths.RootRight" start time: Mar 30 00:15 UTC
Output:
----------------------------------------------------------
==22721== Memcheck, a memory error detector
==22721== Copyright (C) 2002-2017, and GNU GPL'd, by Julian Seward et al.
==22721== Using Valgrind-3.15.0 and LibVEX; rerun with -h for copyright info
==22721== Command: /work/hw-melgart/hw4/hw4_tests/equalpaths_tests/equalpaths_tests --gtest_filter=EqualPaths.RootRight
==22721== 
Running main() from /build/googletest-j5yxiC/googletest-1.10.0/googletest/src/gtest_main.cc
Note: Google Test filter = EqualPaths.RootRight
[==========] Running 1 test from 1 test suite.
[----------] Global test environment set-up.
[----------] 1 test from EqualPaths
[ RUN      ] EqualPaths.RootRight
[       OK ] EqualPaths.RootRight (9 ms)
[----------] 1 test from EqualPaths (16 ms total)

[----------] Global test environment tear-down
[==========] 1 test from 1 test suite ran. (40 ms total)
[  PASSED  ] 1 test.
==22721== 
==22721== HEAP SUMMARY:
==22721==     in use at exit: 0 bytes in 0 blocks
==22721==   total heap usage: 279 allocs, 279 frees, 122,114 bytes allocated
==22721== 
==22721== All heap blocks were freed -- no leaks are possible
==22721== 
==22721== For lists of detected and suppressed errors, rerun with: -s
==22721== ERROR SUMMARY: 0 errors from 0 contexts (suppressed: 0 from 0)
<end of output>
Test time =   1.02 sec
----------------------------------------------------------
Test Passed.
"EqualPaths.RootRight" end time: Mar 30 00:15 UTC
"EqualPaths.RootRight" time elapsed: 00:00:01
----------------------------------------------------------

5/66 Testing: EqualPaths.Full1
5/66 Test: EqualPaths.Full1
Command: "/usr/bin/valgrind" "--tool=memcheck" "--leak-check=yes" "--trace-children=no" "/work/hw-melgart/hw4/hw4_tests/equalpaths_tests/equalpaths_tests" "--gtest_filter=EqualPaths.Full1"
Directory: /work/hw-melgart/hw4/hw4_tests/equalpaths_tests
"EqualPaths.Full1" start time: Mar 30 00:15 UTC
Output:
----------------------------------------------------------
==22722== Memcheck, a memory error detector
==22722== Copyright (C) 2002-2017, and GNU GPL'd, by Julian Seward et al.
==22722== Using Valgrind-3.15.0 and LibVEX; rerun with -h for copyright info
==22722== Command: /work/hw-melgart/hw4/hw4_tests/equalpaths_tests/equalpaths_tests --gtest_filter=EqualPaths.Full1
==22722== 
Running main() from /build/googletest-j5yxiC/googletest-1.10.0/googletest/src/gtest_main.cc
Note: Google Test filter = EqualPaths.Full1
[==========] Running 1 test from 1 test suite.
[----------] Global test environment set-up.
[----------] 1 test from EqualPaths
[ RUN      ] EqualPaths.Full1
[       OK ] EqualPaths.Full1 (9 ms)
[----------] 1 test from EqualPaths (16 ms total)

[----------] Global test environment tear-down
[==========] 1 test from 1 test suite ran. (43 ms total)
[  PASSED  ] 1 test.
==22722== 
==22722== HEAP SUMMARY:
==22722==     in use at exit: 0 bytes in 0 blocks
==22722==   total heap usage: 279 allocs, 279 frees, 122,086 bytes allocated
==22722== 
==22722== All heap blocks were freed -- no leaks are possible
==22722== 
==22722== For lists of detected and suppressed errors, rerun with: -s
==22722== ERROR SUMMARY: 0 errors from 0 contexts (suppressed: 0 from 0)
<end of output>
Test time =   1.04 sec
----------------------------------------------------------
Test Passed.
"EqualPaths.Full1" end time: Mar 30 00:15 UTC
"EqualPaths.Full1" time elapsed: 00:00:01
----------------------------------------------------------

6/66 Testing: EqualPaths.TrueTest1
6/66 Test: EqualPaths.TrueTest1
Command: "/usr/bin/valgrind" "--tool=memcheck" "--leak-check=yes" "--trace-children=no" "/work/hw-melgart/hw4/hw4_tests/equalpaths_tests/equalpaths_tests" "--gtest_filter=EqualPaths.TrueTest1"
Directory: /work/hw-melgart/hw4/hw4_tests/equalpaths_tests
"EqualPaths.TrueTest1" start time: Mar 30 00:15 UTC
Output:
----------------------------------------------------------
==22723== Memcheck, a memory error detector
==22723== Copyright (C) 2002-2017, and GNU GPL'd, by Julian Seward et al.
==22723== Using Valgrind-3.15.0 and LibVEX; rerun with -h for copyright info
==22723== Command: /work/hw-melgart/hw4/hw4_tests/equalpaths_tests/equalpaths_tests --gtest_filter=EqualPaths.TrueTest1
==22723== 
Running main() from /build/googletest-j5yxiC/googletest-1.10.0/googletest/src/gtest_main.cc
Note: Google Test filter = EqualPaths.TrueTest1
[==========] Running 1 test from 1 test suite.
[----------] Global test environment set-up.
[----------] 1 test from EqualPaths
[ RUN      ] EqualPaths.TrueTest1
[       OK ] EqualPaths.TrueTest1 (11 ms)
[----------] 1 test from EqualPaths (17 ms total)

[----------] Global test environment tear-down
[==========] 1 test from 1 test suite ran. (41 ms total)
[  PASSED  ] 1 test.
==22723== 
==22723== HEAP SUMMARY:
==22723==     in use at exit: 0 bytes in 0 blocks
==22723==   total heap usage: 279 allocs, 279 frees, 122,114 bytes allocated
==22723== 
==22723== All heap blocks were freed -- no leaks are possible
==22723== 
==22723== For lists of detected and suppressed errors, rerun with: -s
==22723== ERROR SUMMARY: 0 errors from 0 contexts (suppressed: 0 from 0)
<end of output>
Test time =   1.01 sec
----------------------------------------------------------
Test Passed.
"EqualPaths.TrueTest1" end time: Mar 30 00:15 UTC
"EqualPaths.TrueTest1" time elapsed: 00:00:01
----------------------------------------------------------

7/66 Testing: EqualPaths.TrueTest2
7/66 Test: EqualPaths.TrueTest2
Command: "/usr/bin/valgrind" "--tool=memcheck" "--leak-check=yes" "--trace-children=no" "/work/hw-melgart/hw4/hw4_tests/equalpaths_tests/equalpaths_tests" "--gtest_filter=EqualPaths.TrueTest2"
Directory: /work/hw-melgart/hw4/hw4_tests/equalpaths_tests
"EqualPaths.TrueTest2" start time: Mar 30 00:15 UTC
Output:
----------------------------------------------------------
==22724== Memcheck, a memory error detector
==22724== Copyright (C) 2002-2017, and GNU GPL'd, by Julian Seward et al.
==22724== Using Valgrind-3.15.0 and LibVEX; rerun with -h for copyright info
==22724== Command: /work/hw-melgart/hw4/hw4_tests/equalpaths_tests/equalpaths_tests --gtest_filter=EqualPaths.TrueTest2
==22724== 
Running main() from /build/googletest-j5yxiC/googletest-1.10.0/googletest/src/gtest_main.cc
Note: Google Test filter = EqualPaths.TrueTest2
[==========] Running 1 test from 1 test suite.
[----------] Global test environment set-up.
[----------] 1 test from EqualPaths
[ RUN      ] EqualPaths.TrueTest2
[       OK ] EqualPaths.TrueTest2 (11 ms)
[----------] 1 test from EqualPaths (18 ms total)

[----------] Global test environment tear-down
[==========] 1 test from 1 test suite ran. (41 ms total)
[  PASSED  ] 1 test.
==22724== 
==22724== HEAP SUMMARY:
==22724==     in use at exit: 0 bytes in 0 blocks
==22724==   total heap usage: 279 allocs, 279 frees, 122,114 bytes allocated
==22724== 
==22724== All heap blocks were freed -- no leaks are possible
==22724== 
==22724== For lists of detected and suppressed errors, rerun with: -s
==22724== ERROR SUMMARY: 0 errors from 0 contexts (suppressed: 0 from 0)
<end of output>
Test time =   1.03 sec
----------------------------------------------------------
Test Passed.
"EqualPaths.TrueTest2" end time: Mar 30 00:15 UTC
"EqualPaths.TrueTest2" time elapsed: 00:00:01
----------------------------------------------------------

8/66 Testing: EqualPaths.TrueTest3
8/66 Test: EqualPaths.TrueTest3
Command: "/usr/bin/valgrind" "--tool=memcheck" "--leak-check=yes" "--trace-children=no" "/work/hw-melgart/hw4/hw4_tests/equalpaths_tests/equalpaths_tests" "--gtest_filter=EqualPaths.TrueTest3"
Directory: /work/hw-melgart/hw4/hw4_tests/equalpaths_tests
"EqualPaths.TrueTest3" start time: Mar 30 00:15 UTC
Output:
----------------------------------------------------------
==22725== Memcheck, a memory error detector
==22725== Copyright (C) 2002-2017, and GNU GPL'd, by Julian Seward et al.
==22725== Using Valgrind-3.15.0 and LibVEX; rerun with -h for copyright info
==22725== Command: /work/hw-melgart/hw4/hw4_tests/equalpaths_tests/equalpaths_tests --gtest_filter=EqualPaths.TrueTest3
==22725== 
Running main() from /build/googletest-j5yxiC/googletest-1.10.0/googletest/src/gtest_main.cc
Note: Google Test filter = EqualPaths.TrueTest3
[==========] Running 1 test from 1 test suite.
[----------] Global test environment set-up.
[----------] 1 test from EqualPaths
[ RUN      ] EqualPaths.TrueTest3
[       OK ] EqualPaths.TrueTest3 (14 ms)
[----------] 1 test from EqualPaths (24 ms total)

[----------] Global test environment tear-down
[==========] 1 test from 1 test suite ran. (51 ms total)
[  PASSED  ] 1 test.
==22725== 
==22725== HEAP SUMMARY:
==22725==     in use at exit: 0 bytes in 0 blocks
==22725==   total heap usage: 279 allocs, 279 frees, 122,114 bytes allocated
==22725== 
==22725== All heap blocks were freed -- no leaks are possible
==22725== 
==22725== For lists of detected and suppressed errors, rerun with: -s
==22725== ERROR SUMMARY: 0 errors from 0 contexts (suppressed: 0 from 0)
<end of output>
Test time =   1.04 sec
----------------------------------------------------------
Test Passed.
"EqualPaths.TrueTest3" end time: Mar 30 00:15 UTC
"EqualPaths.TrueTest3" time elapsed: 00:00:01
----------------------------------------------------------

9/66 Testing: EqualPaths.TrueTest4
9/66 Test: EqualPaths.TrueTest4
Command: "/usr/bin/valgrind" "--tool=memcheck" "--leak-check=yes" "--trace-children=no" "/work/hw-melgart/hw4/hw4_tests/equalpaths_tests/equalpaths_tests" "--gtest_filter=EqualPaths.TrueTest4"
Directory: /work/hw-melgart/hw4/hw4_tests/equalpaths_tests
"EqualPaths.TrueTest4" start time: Mar 30 00:15 UTC
Output:
----------------------------------------------------------
==22726== Memcheck, a memory error detector
==22726== Copyright (C) 2002-2017, and GNU GPL'd, by Julian Seward et al.
==22726== Using Valgrind-3.15.0 and LibVEX; rerun with -h for copyright info
==22726== Command: /work/hw-melgart/hw4/hw4_tests/equalpaths_tests/equalpaths_tests --gtest_filter=EqualPaths.TrueTest4
==22726== 
Running main() from /build/googletest-j5yxiC/googletest-1.10.0/googletest/src/gtest_main.cc
Note: Google Test filter = EqualPaths.TrueTest4
[==========] Running 1 test from 1 test suite.
[----------] Global test environment set-up.
[----------] 1 test from EqualPaths
[ RUN      ] EqualPaths.TrueTest4
[       OK ] EqualPaths.TrueTest4 (11 ms)
[----------] 1 test from EqualPaths (18 ms total)

[----------] Global test environment tear-down
[==========] 1 test from 1 test suite ran. (41 ms total)
[  PASSED  ] 1 test.
==22726== 
==22726== HEAP SUMMARY:
==22726==     in use at exit: 0 bytes in 0 blocks
==22726==   total heap usage: 279 allocs, 279 frees, 122,114 bytes allocated
==22726== 
==22726== All heap blocks were freed -- no leaks are possible
==22726== 
==22726== For lists of detected and suppressed errors, rerun with: -s
==22726== ERROR SUMMARY: 0 errors from 0 contexts (suppressed: 0 from 0)
<end of output>
Test time =   1.04 sec
----------------------------------------------------------
Test Passed.
"EqualPaths.TrueTest4" end time: Mar 30 00:15 UTC
"EqualPaths.TrueTest4" time elapsed: 00:00:01
----------------------------------------------------------

10/66 Testing: EqualPaths.FalseTest1
10/66 Test: EqualPaths.FalseTest1
Command: "/usr/bin/valgrind" "--tool=memcheck" "--leak-check=yes" "--trace-children=no" "/work/hw-melgart/hw4/hw4_tests/equalpaths_tests/equalpaths_tests" "--gtest_filter=EqualPaths.FalseTest1"
Directory: /work/hw-melgart/hw4/hw4_tests/equalpaths_tests
"EqualPaths.FalseTest1" start time: Mar 30 00:15 UTC
Output:
----------------------------------------------------------
==22727== Memcheck, a memory error detector
==22727== Copyright (C) 2002-2017, and GNU GPL'd, by Julian Seward et al.
==22727== Using Valgrind-3.15.0 and LibVEX; rerun with -h for copyright info
==22727== Command: /work/hw-melgart/hw4/hw4_tests/equalpaths_tests/equalpaths_tests --gtest_filter=EqualPaths.FalseTest1
==22727== 
Running main() from /build/googletest-j5yxiC/googletest-1.10.0/googletest/src/gtest_main.cc
Note: Google Test filter = EqualPaths.FalseTest1
[==========] Running 1 test from 1 test suite.
[----------] Global test environment set-up.
[----------] 1 test from EqualPaths
[ RUN      ] EqualPaths.FalseTest1
[       OK ] EqualPaths.FalseTest1 (20 ms)
[----------] 1 test from EqualPaths (32 ms total)

[----------] Global test environment tear-down
[==========] 1 test from 1 test suite ran. (75 ms total)
[  PASSED  ] 1 test.
==22727== 
==22727== HEAP SUMMARY:
==22727==     in use at exit: 0 bytes in 0 blocks
==22727==   total heap usage: 279 allocs, 279 frees, 122,121 bytes allocated
==22727== 
==22727== All heap blocks were freed -- no leaks are possible
==22727== 
==22727== For lists of detected and suppressed errors, rerun with: -s
==22727== ERROR SUMMARY: 0 errors from 0 contexts (suppressed: 0 from 0)
<end of output>
Test time =   1.29 sec
----------------------------------------------------------
Test Passed.
"EqualPaths.FalseTest1" end time: Mar 30 00:15 UTC
"EqualPaths.FalseTest1" time elapsed: 00:00:01
----------------------------------------------------------

11/66 Testing: EqualPaths.FalseTest2
11/66 Test: EqualPaths.FalseTest2
Command: "/usr/bin/valgrind" "--tool=memcheck" "--leak-check=yes" "--trace-children=no" "/work/hw-melgart/hw4/hw4_tests/equalpaths_tests/equalpaths_tests" "--gtest_filter=EqualPaths.FalseTest2"
Directory: /work/hw-melgart/hw4/hw4_tests/equalpaths_tests
"EqualPaths.FalseTest2" start time: Mar 30 00:15 UTC
Output:
----------------------------------------------------------
==22728== Memcheck, a memory error detector
==22728== Copyright (C) 2002-2017, and GNU GPL'd, by Julian Seward et al.
==22728== Using Valgrind-3.15.0 and LibVEX; rerun with -h for copyright info
==22728== Command: /work/hw-melgart/hw4/hw4_tests/equalpaths_tests/equalpaths_tests --gtest_filter=EqualPaths.FalseTest2
==22728== 
Running main() from /build/googletest-j5yxiC/googletest-1.10.0/googletest/src/gtest_main.cc
Note: Google Test filter = EqualPaths.FalseTest2
[==========] Running 1 test from 1 test suite.
[----------] Global test environment set-up.
[----------] 1 test from EqualPaths
[ RUN      ] EqualPaths.FalseTest2
[       OK ] EqualPaths.FalseTest2 (13 ms)
[----------] 1 test from EqualPaths (19 ms total)

[----------] Global test environment tear-down
[==========] 1 test from 1 test suite ran. (46 ms total)
[  PASSED  ] 1 test.
==22728== 
==22728== HEAP SUMMARY:
==22728==     in use at exit: 0 bytes in 0 blocks
==22728==   total heap usage: 279 allocs, 279 frees, 122,121 bytes allocated
==22728== 
==22728== All heap blocks were freed -- no leaks are possible
==22728== 
==22728== For lists of detected and suppressed errors, rerun with: -s
==22728== ERROR SUMMARY: 0 errors from 0 contexts (suppressed: 0 from 0)
<end of output>
Test time =   1.14 sec
----------------------------------------------------------
Test Passed.
"EqualPaths.FalseTest2" end time: Mar 30 00:15 UTC
"EqualPaths.FalseTest2" time elapsed: 00:00:01
----------------------------------------------------------

12/66 Testing: EqualPaths.FalseTest3
12/66 Test: EqualPaths.FalseTest3
Command: "/usr/bin/valgrind" "--tool=memcheck" "--leak-check=yes" "--trace-children=no" "/work/hw-melgart/hw4/hw4_tests/equalpaths_tests/equalpaths_tests" "--gtest_filter=EqualPaths.FalseTest3"
Directory: /work/hw-melgart/hw4/hw4_tests/equalpaths_tests
"EqualPaths.FalseTest3" start time: Mar 30 00:15 UTC
Output:
----------------------------------------------------------
==22729== Memcheck, a memory error detector
==22729== Copyright (C) 2002-2017, and GNU GPL'd, by Julian Seward et al.
==22729== Using Valgrind-3.15.0 and LibVEX; rerun with -h for copyright info
==22729== Command: /work/hw-melgart/hw4/hw4_tests/equalpaths_tests/equalpaths_tests --gtest_filter=EqualPaths.FalseTest3
==22729== 
Running main() from /build/googletest-j5yxiC/googletest-1.10.0/googletest/src/gtest_main.cc
Note: Google Test filter = EqualPaths.FalseTest3
[==========] Running 1 test from 1 test suite.
[----------] Global test environment set-up.
[----------] 1 test from EqualPaths
[ RUN      ] EqualPaths.FalseTest3
[       OK ] EqualPaths.FalseTest3 (12 ms)
[----------] 1 test from EqualPaths (21 ms total)

[----------] Global test environment tear-down
[==========] 1 test from 1 test suite ran. (48 ms total)
[  PASSED  ] 1 test.
==22729== 
==22729== HEAP SUMMARY:
==22729==     in use at exit: 0 bytes in 0 blocks
==22729==   total heap usage: 279 allocs, 279 frees, 122,121 bytes allocated
==22729== 
==22729== All heap blocks were freed -- no leaks are possible
==22729== 
==22729== For lists of detected and suppressed errors, rerun with: -s
==22729== ERROR SUMMARY: 0 errors from 0 contexts (suppressed: 0 from 0)
<end of output>
Test time =   1.07 sec
----------------------------------------------------------
Test Passed.
"EqualPaths.FalseTest3" end time: Mar 30 00:15 UTC
"EqualPaths.FalseTest3" time elapsed: 00:00:01
----------------------------------------------------------

13/66 Testing: BST.ConstructionDestruction
13/66 Test: BST.ConstructionDestruction
Command: "/usr/bin/valgrind" "--tool=memcheck" "--leak-check=yes" "--trace-children=no" "/work/hw-melgart/hw4/hw4_tests/bst_tests/bst_tests" "--gtest_filter=BST.ConstructionDestruction"
Directory: /work/hw-melgart/hw4/hw4_tests/bst_tests
"BST.ConstructionDestruction" start time: Mar 30 00:15 UTC
Output:
----------------------------------------------------------
==22730== Memcheck, a memory error detector
==22730== Copyright (C) 2002-2017, and GNU GPL'd, by Julian Seward et al.
==22730== Using Valgrind-3.15.0 and LibVEX; rerun with -h for copyright info
==22730== Command: /work/hw-melgart/hw4/hw4_tests/bst_tests/bst_tests --gtest_filter=BST.ConstructionDestruction
==22730== 
Running main() from /build/googletest-j5yxiC/googletest-1.10.0/googletest/src/gtest_main.cc
Note: Google Test filter = BST.ConstructionDestruction
[==========] Running 1 test from 1 test suite.
[----------] Global test environment set-up.
[----------] 1 test from BST
[ RUN      ] BST.ConstructionDestruction
[       OK ] BST.ConstructionDestruction (7 ms)
[----------] 1 test from BST (12 ms total)

[----------] Global test environment tear-down
[==========] 1 test from 1 test suite ran. (36 ms total)
[  PASSED  ] 1 test.
==22730== 
==22730== HEAP SUMMARY:
==22730==     in use at exit: 0 bytes in 0 blocks
==22730==   total heap usage: 504 allocs, 504 frees, 135,206 bytes allocated
==22730== 
==22730== All heap blocks were freed -- no leaks are possible
==22730== 
==22730== For lists of detected and suppressed errors, rerun with: -s
==22730== ERROR SUMMARY: 0 errors from 0 contexts (suppressed: 0 from 0)
<end of output>
Test time =   1.09 sec
----------------------------------------------------------
Test Passed.
"BST.ConstructionDestruction" end time: Mar 30 00:15 UTC
"BST.ConstructionDestruction" time elapsed: 00:00:01
----------------------------------------------------------

14/66 Testing: BSTInsert.JustRoot
14/66 Test: BSTInsert.JustRoot
Command: "/usr/bin/valgrind" "--tool=memcheck" "--leak-check=yes" "--trace-children=no" "/work/hw-melgart/hw4/hw4_tests/bst_tests/bst_tests" "--gtest_filter=BSTInsert.JustRoot"
Directory: /work/hw-melgart/hw4/hw4_tests/bst_tests
"BSTInsert.JustRoot" start time: Mar 30 00:15 UTC
Output:
----------------------------------------------------------
==22731== Memcheck, a memory error detector
==22731== Copyright (C) 2002-2017, and GNU GPL'd, by Julian Seward et al.
==22731== Using Valgrind-3.15.0 and LibVEX; rerun with -h for copyright info
==22731== Command: /work/hw-melgart/hw4/hw4_tests/bst_tests/bst_tests --gtest_filter=BSTInsert.JustRoot
==22731== 
Running main() from /build/googletest-j5yxiC/googletest-1.10.0/googletest/src/gtest_main.cc
Note: Google Test filter = BSTInsert.JustRoot
[==========] Running 1 test from 1 test suite.
[----------] Global test environment set-up.
[----------] 1 test from BSTInsert
[ RUN      ] BSTInsert.JustRoot
[       OK ] BSTInsert.JustRoot (32 ms)
[----------] 1 test from BSTInsert (37 ms total)

[----------] Global test environment tear-down
[==========] 1 test from 1 test suite ran. (66 ms total)
[  PASSED  ] 1 test.
==22731== 
==22731== HEAP SUMMARY:
==22731==     in use at exit: 0 bytes in 0 blocks
==22731==   total heap usage: 506 allocs, 506 frees, 135,303 bytes allocated
==22731== 
==22731== All heap blocks were freed -- no leaks are possible
==22731== 
==22731== For lists of detected and suppressed errors, rerun with: -s
==22731== ERROR SUMMARY: 0 errors from 0 contexts (suppressed: 0 from 0)
<end of output>
Test time =   1.12 sec
----------------------------------------------------------
Test Passed.
"BSTInsert.JustRoot" end time: Mar 30 00:15 UTC
"BSTInsert.JustRoot" time elapsed: 00:00:01
----------------------------------------------------------

15/66 Testing: BSTInsert.DoubleInsertLeft
15/66 Test: BSTInsert.DoubleInsertLeft
Command: "/usr/bin/valgrind" "--tool=memcheck" "--leak-check=yes" "--trace-children=no" "/work/hw-melgart/hw4/hw4_tests/bst_tests/bst_tests" "--gtest_filter=BSTInsert.DoubleInsertLeft"
Directory: /work/hw-melgart/hw4/hw4_tests/bst_tests
"BSTInsert.DoubleInsertLeft" start time: Mar 30 00:15 UTC
Output:
----------------------------------------------------------
==22732== Memcheck, a memory error detector
==22732== Copyright (C) 2002-2017, and GNU GPL'd, by Julian Seward et al.
==22732== Using Valgrind-3.15.0 and LibVEX; rerun with -h for copyright info
==22732== Command: /work/hw-melgart/hw4/hw4_tests/bst_tests/bst_tests --gtest_filter=BSTInsert.DoubleInsertLeft
==22732== 
Running main() from /build/googletest-j5yxiC/googletest-1.10.0/googletest/src/gtest_main.cc
Note: Google Test filter = BSTInsert.DoubleInsertLeft
[==========] Running 1 test from 1 test suite.
[----------] Global test environment set-up.
[----------] 1 test from BSTInsert
[ RUN      ] BSTInsert.DoubleInsertLeft
[       OK ] BSTInsert.DoubleInsertLeft (35 ms)
[----------] 1 test from BSTInsert (41 ms total)

[----------] Global test environment tear-down
[==========] 1 test from 1 test suite ran. (65 ms total)
[  PASSED  ] 1 test.
==22732== 
==22732== HEAP SUMMARY:
==22732==     in use at exit: 0 bytes in 0 blocks
==22732==   total heap usage: 508 allocs, 508 frees, 135,359 bytes allocated
==22732== 
==22732== All heap blocks were freed -- no leaks are possible
==22732== 
==22732== For lists of detected and suppressed errors, rerun with: -s
==22732== ERROR SUMMARY: 0 errors from 0 contexts (suppressed: 0 from 0)
<end of output>
Test time =   1.11 sec
----------------------------------------------------------
Test Passed.
"BSTInsert.DoubleInsertLeft" end time: Mar 30 00:15 UTC
"BSTInsert.DoubleInsertLeft" time elapsed: 00:00:01
----------------------------------------------------------

16/66 Testing: BSTInsert.DoubleInsertRight
16/66 Test: BSTInsert.DoubleInsertRight
Command: "/usr/bin/valgrind" "--tool=memcheck" "--leak-check=yes" "--trace-children=no" "/work/hw-melgart/hw4/hw4_tests/bst_tests/bst_tests" "--gtest_filter=BSTInsert.DoubleInsertRight"
Directory: /work/hw-melgart/hw4/hw4_tests/bst_tests
"BSTInsert.DoubleInsertRight" start time: Mar 30 00:15 UTC
Output:
----------------------------------------------------------
==22733== Memcheck, a memory error detector
==22733== Copyright (C) 2002-2017, and GNU GPL'd, by Julian Seward et al.
==22733== Using Valgrind-3.15.0 and LibVEX; rerun with -h for copyright info
==22733== Command: /work/hw-melgart/hw4/hw4_tests/bst_tests/bst_tests --gtest_filter=BSTInsert.DoubleInsertRight
==22733== 
Running main() from /build/googletest-j5yxiC/googletest-1.10.0/googletest/src/gtest_main.cc
Note: Google Test filter = BSTInsert.DoubleInsertRight
[==========] Running 1 test from 1 test suite.
[----------] Global test environment set-up.
[----------] 1 test from BSTInsert
[ RUN      ] BSTInsert.DoubleInsertRight
[       OK ] BSTInsert.DoubleInsertRight (34 ms)
[----------] 1 test from BSTInsert (40 ms total)

[----------] Global test environment tear-down
[==========] 1 test from 1 test suite ran. (63 ms total)
[  PASSED  ] 1 test.
==22733== 
==22733== HEAP SUMMARY:
==22733==     in use at exit: 0 bytes in 0 blocks
==22733==   total heap usage: 508 allocs, 508 frees, 135,366 bytes allocated
==22733== 
==22733== All heap blocks were freed -- no leaks are possible
==22733== 
==22733== For lists of detected and suppressed errors, rerun with: -s
==22733== ERROR SUMMARY: 0 errors from 0 contexts (suppressed: 0 from 0)
<end of output>
Test time =   1.09 sec
----------------------------------------------------------
Test Passed.
"BSTInsert.DoubleInsertRight" end time: Mar 30 00:15 UTC
"BSTInsert.DoubleInsertRight" time elapsed: 00:00:01
----------------------------------------------------------

17/66 Testing: BSTInsert.InsertZigZigLeft
17/66 Test: BSTInsert.InsertZigZigLeft
Command: "/usr/bin/valgrind" "--tool=memcheck" "--leak-check=yes" "--trace-children=no" "/work/hw-melgart/hw4/hw4_tests/bst_tests/bst_tests" "--gtest_filter=BSTInsert.InsertZigZigLeft"
Directory: /work/hw-melgart/hw4/hw4_tests/bst_tests
"BSTInsert.InsertZigZigLeft" start time: Mar 30 00:15 UTC
Output:
----------------------------------------------------------
==22734== Memcheck, a memory error detector
==22734== Copyright (C) 2002-2017, and GNU GPL'd, by Julian Seward et al.
==22734== Using Valgrind-3.15.0 and LibVEX; rerun with -h for copyright info
==22734== Command: /work/hw-melgart/hw4/hw4_tests/bst_tests/bst_tests --gtest_filter=BSTInsert.InsertZigZigLeft
==22734== 
Running main() from /build/googletest-j5yxiC/googletest-1.10.0/googletest/src/gtest_main.cc
Note: Google Test filter = BSTInsert.InsertZigZigLeft
[==========] Running 1 test from 1 test suite.
[----------] Global test environment set-up.
[----------] 1 test from BSTInsert
[ RUN      ] BSTInsert.InsertZigZigLeft
[       OK ] BSTInsert.InsertZigZigLeft (41 ms)
[----------] 1 test from BSTInsert (49 ms total)

[----------] Global test environment tear-down
[==========] 1 test from 1 test suite ran. (77 ms total)
[  PASSED  ] 1 test.
==22734== 
==22734== HEAP SUMMARY:
==22734==     in use at exit: 0 bytes in 0 blocks
==22734==   total heap usage: 510 allocs, 510 frees, 135,439 bytes allocated
==22734== 
==22734== All heap blocks were freed -- no leaks are possible
==22734== 
==22734== For lists of detected and suppressed errors, rerun with: -s
==22734== ERROR SUMMARY: 0 errors from 0 contexts (suppressed: 0 from 0)
<end of output>
Test time =   1.12 sec
----------------------------------------------------------
Test Passed.
"BSTInsert.InsertZigZigLeft" end time: Mar 30 00:15 UTC
"BSTInsert.InsertZigZigLeft" time elapsed: 00:00:01
----------------------------------------------------------

18/66 Testing: BSTInsert.InsertZigZigRight
18/66 Test: BSTInsert.InsertZigZigRight
Command: "/usr/bin/valgrind" "--tool=memcheck" "--leak-check=yes" "--trace-children=no" "/work/hw-melgart/hw4/hw4_tests/bst_tests/bst_tests" "--gtest_filter=BSTInsert.InsertZigZigRight"
Directory: /work/hw-melgart/hw4/hw4_tests/bst_tests
"BSTInsert.InsertZigZigRight" start time: Mar 30 00:15 UTC
Output:
----------------------------------------------------------
==22735== Memcheck, a memory error detector
==22735== Copyright (C) 2002-2017, and GNU GPL'd, by Julian Seward et al.
==22735== Using Valgrind-3.15.0 and LibVEX; rerun with -h for copyright info
==22735== Command: /work/hw-melgart/hw4/hw4_tests/bst_tests/bst_tests --gtest_filter=BSTInsert.InsertZigZigRight
==22735== 
Running main() from /build/googletest-j5yxiC/googletest-1.10.0/googletest/src/gtest_main.cc
Note: Google Test filter = BSTInsert.InsertZigZigRight
[==========] Running 1 test from 1 test suite.
[----------] Global test environment set-up.
[----------] 1 test from BSTInsert
[ RUN      ] BSTInsert.InsertZigZigRight
[       OK ] BSTInsert.InsertZigZigRight (38 ms)
[----------] 1 test from BSTInsert (44 ms total)

[----------] Global test environment tear-down
[==========] 1 test from 1 test suite ran. (69 ms total)
[  PASSED  ] 1 test.
==22735== 
==22735== HEAP SUMMARY:
==22735==     in use at exit: 0 bytes in 0 blocks
==22735==   total heap usage: 510 allocs, 510 frees, 135,446 bytes allocated
==22735== 
==22735== All heap blocks were freed -- no leaks are possible
==22735== 
==22735== For lists of detected and suppressed errors, rerun with: -s
==22735== ERROR SUMMARY: 0 errors from 0 contexts (suppressed: 0 from 0)
<end of output>
Test time =   1.16 sec
----------------------------------------------------------
Test Passed.
"BSTInsert.InsertZigZigRight" end time: Mar 30 00:15 UTC
"BSTInsert.InsertZigZigRight" time elapsed: 00:00:01
----------------------------------------------------------

19/66 Testing: BSTInsert.InsertZigZagLeft
19/66 Test: BSTInsert.InsertZigZagLeft
Command: "/usr/bin/valgrind" "--tool=memcheck" "--leak-check=yes" "--trace-children=no" "/work/hw-melgart/hw4/hw4_tests/bst_tests/bst_tests" "--gtest_filter=BSTInsert.InsertZigZagLeft"
Directory: /work/hw-melgart/hw4/hw4_tests/bst_tests
"BSTInsert.InsertZigZagLeft" start time: Mar 30 00:15 UTC
Output:
----------------------------------------------------------
==22736== Memcheck, a memory error detector
==22736== Copyright (C) 2002-2017, and GNU GPL'd, by Julian Seward et al.
==22736== Using Valgrind-3.15.0 and LibVEX; rerun with -h for copyright info
==22736== Command: /work/hw-melgart/hw4/hw4_tests/bst_tests/bst_tests --gtest_filter=BSTInsert.InsertZigZagLeft
==22736== 
Running main() from /build/googletest-j5yxiC/googletest-1.10.0/googletest/src/gtest_main.cc
Note: Google Test filter = BSTInsert.InsertZigZagLeft
[==========] Running 1 test from 1 test suite.
[----------] Global test environment set-up.
[----------] 1 test from BSTInsert
[ RUN      ] BSTInsert.InsertZigZagLeft
[       OK ] BSTInsert.InsertZigZagLeft (37 ms)
[----------] 1 test from BSTInsert (43 ms total)

[----------] Global test environment tear-down
[==========] 1 test from 1 test suite ran. (68 ms total)
[  PASSED  ] 1 test.
==22736== 
==22736== HEAP SUMMARY:
==22736==     in use at exit: 0 bytes in 0 blocks
==22736==   total heap usage: 510 allocs, 510 frees, 135,439 bytes allocated
==22736== 
==22736== All heap blocks were freed -- no leaks are possible
==22736== 
==22736== For lists of detected and suppressed errors, rerun with: -s
==22736== ERROR SUMMARY: 0 errors from 0 contexts (suppressed: 0 from 0)
<end of output>
Test time =   1.10 sec
----------------------------------------------------------
Test Passed.
"BSTInsert.InsertZigZagLeft" end time: Mar 30 00:15 UTC
"BSTInsert.InsertZigZagLeft" time elapsed: 00:00:01
----------------------------------------------------------

20/66 Testing: BSTInsert.InsertZigZagRight
20/66 Test: BSTInsert.InsertZigZagRight
Command: "/usr/bin/valgrind" "--tool=memcheck" "--leak-check=yes" "--trace-children=no" "/work/hw-melgart/hw4/hw4_tests/bst_tests/bst_tests" "--gtest_filter=BSTInsert.InsertZigZagRight"
Directory: /work/hw-melgart/hw4/hw4_tests/bst_tests
"BSTInsert.InsertZigZagRight" start time: Mar 30 00:15 UTC
Output:
----------------------------------------------------------
==22737== Memcheck, a memory error detector
==22737== Copyright (C) 2002-2017, and GNU GPL'd, by Julian Seward et al.
==22737== Using Valgrind-3.15.0 and LibVEX; rerun with -h for copyright info
==22737== Command: /work/hw-melgart/hw4/hw4_tests/bst_tests/bst_tests --gtest_filter=BSTInsert.InsertZigZagRight
==22737== 
Running main() from /build/googletest-j5yxiC/googletest-1.10.0/googletest/src/gtest_main.cc
Note: Google Test filter = BSTInsert.InsertZigZagRight
[==========] Running 1 test from 1 test suite.
[----------] Global test environment set-up.
[----------] 1 test from BSTInsert
[ RUN      ] BSTInsert.InsertZigZagRight
[       OK ] BSTInsert.InsertZigZagRight (38 ms)
[----------] 1 test from BSTInsert (44 ms total)

[----------] Global test environment tear-down
[==========] 1 test from 1 test suite ran. (67 ms total)
[  PASSED  ] 1 test.
==22737== 
==22737== HEAP SUMMARY:
==22737==     in use at exit: 0 bytes in 0 blocks
==22737==   total heap usage: 510 allocs, 510 frees, 135,446 bytes allocated
==22737== 
==22737== All heap blocks were freed -- no leaks are possible
==22737== 
==22737== For lists of detected and suppressed errors, rerun with: -s
==22737== ERROR SUMMARY: 0 errors from 0 contexts (suppressed: 0 from 0)
<end of output>
Test time =   1.08 sec
----------------------------------------------------------
Test Passed.
"BSTInsert.InsertZigZagRight" end time: Mar 30 00:15 UTC
"BSTInsert.InsertZigZagRight" time elapsed: 00:00:01
----------------------------------------------------------

21/66 Testing: BSTInsert.7Elements
21/66 Test: BSTInsert.7Elements
Command: "/usr/bin/valgrind" "--tool=memcheck" "--leak-check=yes" "--trace-children=no" "/work/hw-melgart/hw4/hw4_tests/bst_tests/bst_tests" "--gtest_filter=BSTInsert.7Elements"
Directory: /work/hw-melgart/hw4/hw4_tests/bst_tests
"BSTInsert.7Elements" start time: Mar 30 00:15 UTC
Output:
----------------------------------------------------------
==22738== Memcheck, a memory error detector
==22738== Copyright (C) 2002-2017, and GNU GPL'd, by Julian Seward et al.
==22738== Using Valgrind-3.15.0 and LibVEX; rerun with -h for copyright info
==22738== Command: /work/hw-melgart/hw4/hw4_tests/bst_tests/bst_tests --gtest_filter=BSTInsert.7Elements
==22738== 
Running main() from /build/googletest-j5yxiC/googletest-1.10.0/googletest/src/gtest_main.cc
Note: Google Test filter = BSTInsert.7Elements
[==========] Running 1 test from 1 test suite.
[----------] Global test environment set-up.
[----------] 1 test from BSTInsert
[ RUN      ] BSTInsert.7Elements
[       OK ] BSTInsert.7Elements (44 ms)
[----------] 1 test from BSTInsert (51 ms total)

[----------] Global test environment tear-down
[==========] 1 test from 1 test suite ran. (75 ms total)
[  PASSED  ] 1 test.
==22738== 
==22738== HEAP SUMMARY:
==22738==     in use at exit: 0 bytes in 0 blocks
==22738==   total heap usage: 518 allocs, 518 frees, 135,710 bytes allocated
==22738== 
==22738== All heap blocks were freed -- no leaks are possible
==22738== 
==22738== For lists of detected and suppressed errors, rerun with: -s
==22738== ERROR SUMMARY: 0 errors from 0 contexts (suppressed: 0 from 0)
<end of output>
Test time =   1.11 sec
----------------------------------------------------------
Test Passed.
"BSTInsert.7Elements" end time: Mar 30 00:15 UTC
"BSTInsert.7Elements" time elapsed: 00:00:01
----------------------------------------------------------

22/66 Testing: BSTClear.Clear
22/66 Test: BSTClear.Clear
Command: "/usr/bin/valgrind" "--tool=memcheck" "--leak-check=yes" "--trace-children=no" "/work/hw-melgart/hw4/hw4_tests/bst_tests/bst_tests" "--gtest_filter=BSTClear.Clear"
Directory: /work/hw-melgart/hw4/hw4_tests/bst_tests
"BSTClear.Clear" start time: Mar 30 00:15 UTC
Output:
----------------------------------------------------------
==22739== Memcheck, a memory error detector
==22739== Copyright (C) 2002-2017, and GNU GPL'd, by Julian Seward et al.
==22739== Using Valgrind-3.15.0 and LibVEX; rerun with -h for copyright info
==22739== Command: /work/hw-melgart/hw4/hw4_tests/bst_tests/bst_tests --gtest_filter=BSTClear.Clear
==22739== 
Running main() from /build/googletest-j5yxiC/googletest-1.10.0/googletest/src/gtest_main.cc
Note: Google Test filter = BSTClear.Clear
[==========] Running 1 test from 1 test suite.
[----------] Global test environment set-up.
[----------] 1 test from BSTClear
[ RUN      ] BSTClear.Clear
[       OK ] BSTClear.Clear (20 ms)
[----------] 1 test from BSTClear (26 ms total)

[----------] Global test environment tear-down
[==========] 1 test from 1 test suite ran. (51 ms total)
[  PASSED  ] 1 test.
==22739== 
==22739== HEAP SUMMARY:
==22739==     in use at exit: 0 bytes in 0 blocks
==22739==   total heap usage: 473 allocs, 473 frees, 134,174 bytes allocated
==22739== 
==22739== All heap blocks were freed -- no leaks are possible
==22739== 
==22739== For lists of detected and suppressed errors, rerun with: -s
==22739== ERROR SUMMARY: 0 errors from 0 contexts (suppressed: 0 from 0)
<end of output>
Test time =   1.07 sec
----------------------------------------------------------
Test Passed.
"BSTClear.Clear" end time: Mar 30 00:15 UTC
"BSTClear.Clear" time elapsed: 00:00:01
----------------------------------------------------------

23/66 Testing: BSTFind.InvalidFind
23/66 Test: BSTFind.InvalidFind
Command: "/usr/bin/valgrind" "--tool=memcheck" "--leak-check=yes" "--trace-children=no" "/work/hw-melgart/hw4/hw4_tests/bst_tests/bst_tests" "--gtest_filter=BSTFind.InvalidFind"
Directory: /work/hw-melgart/hw4/hw4_tests/bst_tests
"BSTFind.InvalidFind" start time: Mar 30 00:15 UTC
Output:
----------------------------------------------------------
==22740== Memcheck, a memory error detector
==22740== Copyright (C) 2002-2017, and GNU GPL'd, by Julian Seward et al.
==22740== Using Valgrind-3.15.0 and LibVEX; rerun with -h for copyright info
==22740== Command: /work/hw-melgart/hw4/hw4_tests/bst_tests/bst_tests --gtest_filter=BSTFind.InvalidFind
==22740== 
Running main() from /build/googletest-j5yxiC/googletest-1.10.0/googletest/src/gtest_main.cc
Note: Google Test filter = BSTFind.InvalidFind
[==========] Running 1 test from 1 test suite.
[----------] Global test environment set-up.
[----------] 1 test from BSTFind
[ RUN      ] BSTFind.InvalidFind
[       OK ] BSTFind.InvalidFind (14 ms)
[----------] 1 test from BSTFind (21 ms total)

[----------] Global test environment tear-down
[==========] 1 test from 1 test suite ran. (46 ms total)
[  PASSED  ] 1 test.
==22740== 
==22740== HEAP SUMMARY:
==22740==     in use at exit: 0 bytes in 0 blocks
==22740==   total heap usage: 506 allocs, 506 frees, 135,230 bytes allocated
==22740== 
==22740== All heap blocks were freed -- no leaks are possible
==22740== 
==22740== For lists of detected and suppressed errors, rerun with: -s
==22740== ERROR SUMMARY: 0 errors from 0 contexts (suppressed: 0 from 0)
<end of output>
Test time =   1.07 sec
----------------------------------------------------------
Test Passed.
"BSTFind.InvalidFind" end time: Mar 30 00:15 UTC
"BSTFind.InvalidFind" time elapsed: 00:00:01
----------------------------------------------------------

24/66 Testing: BSTInsert.Duplicates
24/66 Test: BSTInsert.Duplicates
Command: "/usr/bin/valgrind" "--tool=memcheck" "--leak-check=yes" "--trace-children=no" "/work/hw-melgart/hw4/hw4_tests/bst_tests/bst_tests" "--gtest_filter=BSTInsert.Duplicates"
Directory: /work/hw-melgart/hw4/hw4_tests/bst_tests
"BSTInsert.Duplicates" start time: Mar 30 00:15 UTC
Output:
----------------------------------------------------------
==22741== Memcheck, a memory error detector
==22741== Copyright (C) 2002-2017, and GNU GPL'd, by Julian Seward et al.
==22741== Using Valgrind-3.15.0 and LibVEX; rerun with -h for copyright info
==22741== Command: /work/hw-melgart/hw4/hw4_tests/bst_tests/bst_tests --gtest_filter=BSTInsert.Duplicates
==22741== 
Running main() from /build/googletest-j5yxiC/googletest-1.10.0/googletest/src/gtest_main.cc
Note: Google Test filter = BSTInsert.Duplicates
[==========] Running 1 test from 1 test suite.
[----------] Global test environment set-up.
[----------] 1 test from BSTInsert
[ RUN      ] BSTInsert.Duplicates
[       OK ] BSTInsert.Duplicates (40 ms)
[----------] 1 test from BSTInsert (46 ms total)

[----------] Global test environment tear-down
[==========] 1 test from 1 test suite ran. (70 ms total)
[  PASSED  ] 1 test.
==22741== 
==22741== HEAP SUMMARY:
==22741==     in use at exit: 0 bytes in 0 blocks
==22741==   total heap usage: 512 allocs, 512 frees, 135,477 bytes allocated
==22741== 
==22741== All heap blocks were freed -- no leaks are possible
==22741== 
==22741== For lists of detected and suppressed errors, rerun with: -s
==22741== ERROR SUMMARY: 0 errors from 0 contexts (suppressed: 0 from 0)
<end of output>
Test time =   1.20 sec
----------------------------------------------------------
Test Passed.
"BSTInsert.Duplicates" end time: Mar 30 00:15 UTC
"BSTInsert.Duplicates" time elapsed: 00:00:01
----------------------------------------------------------

25/66 Testing: BSTInsert.BasicRandom
25/66 Test: BSTInsert.BasicRandom
Command: "/usr/bin/valgrind" "--tool=memcheck" "--leak-check=yes" "--trace-children=no" "/work/hw-melgart/hw4/hw4_tests/bst_tests/bst_tests" "--gtest_filter=BSTInsert.BasicRandom"
Directory: /work/hw-melgart/hw4/hw4_tests/bst_tests
"BSTInsert.BasicRandom" start time: Mar 30 00:15 UTC
Output:
----------------------------------------------------------
==22742== Memcheck, a memory error detector
==22742== Copyright (C) 2002-2017, and GNU GPL'd, by Julian Seward et al.
==22742== Using Valgrind-3.15.0 and LibVEX; rerun with -h for copyright info
==22742== Command: /work/hw-melgart/hw4/hw4_tests/bst_tests/bst_tests --gtest_filter=BSTInsert.BasicRandom
==22742== 
Running main() from /build/googletest-j5yxiC/googletest-1.10.0/googletest/src/gtest_main.cc
Note: Google Test filter = BSTInsert.BasicRandom
[==========] Running 1 test from 1 test suite.
[----------] Global test environment set-up.
[----------] 1 test from BSTInsert
[ RUN      ] BSTInsert.BasicRandom
[       OK ] BSTInsert.BasicRandom (60 ms)
[----------] 1 test from BSTInsert (67 ms total)

[----------] Global test environment tear-down
[==========] 1 test from 1 test suite ran. (91 ms total)
[  PASSED  ] 1 test.
==22742== 
==22742== HEAP SUMMARY:
==22742==     in use at exit: 0 bytes in 0 blocks
==22742==   total heap usage: 525 allocs, 525 frees, 136,004 bytes allocated
==22742== 
==22742== All heap blocks were freed -- no leaks are possible
==22742== 
==22742== For lists of detected and suppressed errors, rerun with: -s
==22742== ERROR SUMMARY: 0 errors from 0 contexts (suppressed: 0 from 0)
<end of output>
Test time =   1.11 sec
----------------------------------------------------------
Test Passed.
"BSTInsert.BasicRandom" end time: Mar 30 00:15 UTC
"BSTInsert.BasicRandom" time elapsed: 00:00:01
----------------------------------------------------------

26/66 Testing: BSTInsert.Random50x30ele
26/66 Test: BSTInsert.Random50x30ele
Command: "/usr/bin/valgrind" "--tool=memcheck" "--leak-check=yes" "--trace-children=no" "/work/hw-melgart/hw4/hw4_tests/bst_tests/bst_tests" "--gtest_filter=BSTInsert.Random50x30ele"
Directory: /work/hw-melgart/hw4/hw4_tests/bst_tests
"BSTInsert.Random50x30ele" start time: Mar 30 00:15 UTC
Output:
----------------------------------------------------------
==22743== Memcheck, a memory error detector
==22743== Copyright (C) 2002-2017, and GNU GPL'd, by Julian Seward et al.
==22743== Using Valgrind-3.15.0 and LibVEX; rerun with -h for copyright info
==22743== Command: /work/hw-melgart/hw4/hw4_tests/bst_tests/bst_tests --gtest_filter=BSTInsert.Random50x30ele
==22743== 
Running main() from /build/googletest-j5yxiC/googletest-1.10.0/googletest/src/gtest_main.cc
Note: Google Test filter = BSTInsert.Random50x30ele
[==========] Running 1 test from 1 test suite.
[----------] Global test environment set-up.
[----------] 1 test from BSTInsert
[ RUN      ] BSTInsert.Random50x30ele
[       OK ] BSTInsert.Random50x30ele (323 ms)
[----------] 1 test from BSTInsert (332 ms total)

[----------] Global test environment tear-down
[==========] 1 test from 1 test suite ran. (357 ms total)
[  PASSED  ] 1 test.
==22743== 
==22743== HEAP SUMMARY:
==22743==     in use at exit: 0 bytes in 0 blocks
==22743==   total heap usage: 3,655 allocs, 3,655 frees, 265,585 bytes allocated
==22743== 
==22743== All heap blocks were freed -- no leaks are possible
==22743== 
==22743== For lists of detected and suppressed errors, rerun with: -s
==22743== ERROR SUMMARY: 0 errors from 0 contexts (suppressed: 0 from 0)
<end of output>
Test time =   1.53 sec
----------------------------------------------------------
Test Passed.
"BSTInsert.Random50x30ele" end time: Mar 30 00:15 UTC
"BSTInsert.Random50x30ele" time elapsed: 00:00:01
----------------------------------------------------------

27/66 Testing: BSTInsert.Random3x5000ele
27/66 Test: BSTInsert.Random3x5000ele
Command: "/usr/bin/valgrind" "--tool=memcheck" "--leak-check=yes" "--trace-children=no" "/work/hw-melgart/hw4/hw4_tests/bst_tests/bst_tests" "--gtest_filter=BSTInsert.Random3x5000ele"
Directory: /work/hw-melgart/hw4/hw4_tests/bst_tests
"BSTInsert.Random3x5000ele" start time: Mar 30 00:15 UTC
Output:
----------------------------------------------------------
==22744== Memcheck, a memory error detector
==22744== Copyright (C) 2002-2017, and GNU GPL'd, by Julian Seward et al.
==22744== Using Valgrind-3.15.0 and LibVEX; rerun with -h for copyright info
==22744== Command: /work/hw-melgart/hw4/hw4_tests/bst_tests/bst_tests --gtest_filter=BSTInsert.Random3x5000ele
==22744== 
Running main() from /build/googletest-j5yxiC/googletest-1.10.0/googletest/src/gtest_main.cc
Note: Google Test filter = BSTInsert.Random3x5000ele
[==========] Running 1 test from 1 test suite.
[----------] Global test environment set-up.
[----------] 1 test from BSTInsert
[ RUN      ] BSTInsert.Random3x5000ele
[       OK ] BSTInsert.Random3x5000ele (1390 ms)
[----------] 1 test from BSTInsert (1396 ms total)

[----------] Global test environment tear-down
[==========] 1 test from 1 test suite ran. (1421 ms total)
[  PASSED  ] 1 test.
==22744== 
==22744== HEAP SUMMARY:
==22744==     in use at exit: 0 bytes in 0 blocks
==22744==   total heap usage: 30,514 allocs, 30,514 frees, 1,395,456 bytes allocated
==22744== 
==22744== All heap blocks were freed -- no leaks are possible
==22744== 
==22744== For lists of detected and suppressed errors, rerun with: -s
==22744== ERROR SUMMARY: 0 errors from 0 contexts (suppressed: 0 from 0)
<end of output>
Test time =   2.53 sec
----------------------------------------------------------
Test Passed.
"BSTInsert.Random3x5000ele" end time: Mar 30 00:15 UTC
"BSTInsert.Random3x5000ele" time elapsed: 00:00:02
----------------------------------------------------------

28/66 Testing: BSTRemove.EmptyTree
28/66 Test: BSTRemove.EmptyTree
Command: "/usr/bin/valgrind" "--tool=memcheck" "--leak-check=yes" "--trace-children=no" "/work/hw-melgart/hw4/hw4_tests/bst_tests/bst_tests" "--gtest_filter=BSTRemove.EmptyTree"
Directory: /work/hw-melgart/hw4/hw4_tests/bst_tests
"BSTRemove.EmptyTree" start time: Mar 30 00:15 UTC
Output:
----------------------------------------------------------
==22745== Memcheck, a memory error detector
==22745== Copyright (C) 2002-2017, and GNU GPL'd, by Julian Seward et al.
==22745== Using Valgrind-3.15.0 and LibVEX; rerun with -h for copyright info
==22745== Command: /work/hw-melgart/hw4/hw4_tests/bst_tests/bst_tests --gtest_filter=BSTRemove.EmptyTree
==22745== 
Running main() from /build/googletest-j5yxiC/googletest-1.10.0/googletest/src/gtest_main.cc
Note: Google Test filter = BSTRemove.EmptyTree
[==========] Running 1 test from 1 test suite.
[----------] Global test environment set-up.
[----------] 1 test from BSTRemove
[ RUN      ] BSTRemove.EmptyTree
[       OK ] BSTRemove.EmptyTree (13 ms)
[----------] 1 test from BSTRemove (19 ms total)

[----------] Global test environment tear-down
[==========] 1 test from 1 test suite ran. (45 ms total)
[  PASSED  ] 1 test.
==22745== 
==22745== HEAP SUMMARY:
==22745==     in use at exit: 0 bytes in 0 blocks
==22745==   total heap usage: 505 allocs, 505 frees, 135,185 bytes allocated
==22745== 
==22745== All heap blocks were freed -- no leaks are possible
==22745== 
==22745== For lists of detected and suppressed errors, rerun with: -s
==22745== ERROR SUMMARY: 0 errors from 0 contexts (suppressed: 0 from 0)
<end of output>
Test time =   1.06 sec
----------------------------------------------------------
Test Passed.
"BSTRemove.EmptyTree" end time: Mar 30 00:15 UTC
"BSTRemove.EmptyTree" time elapsed: 00:00:01
----------------------------------------------------------

29/66 Testing: BSTRemove.NodeMismatch
29/66 Test: BSTRemove.NodeMismatch
Command: "/usr/bin/valgrind" "--tool=memcheck" "--leak-check=yes" "--trace-children=no" "/work/hw-melgart/hw4/hw4_tests/bst_tests/bst_tests" "--gtest_filter=BSTRemove.NodeMismatch"
Directory: /work/hw-melgart/hw4/hw4_tests/bst_tests
"BSTRemove.NodeMismatch" start time: Mar 30 00:15 UTC
Output:
----------------------------------------------------------
==22746== Memcheck, a memory error detector
==22746== Copyright (C) 2002-2017, and GNU GPL'd, by Julian Seward et al.
==22746== Using Valgrind-3.15.0 and LibVEX; rerun with -h for copyright info
==22746== Command: /work/hw-melgart/hw4/hw4_tests/bst_tests/bst_tests --gtest_filter=BSTRemove.NodeMismatch
==22746== 
Running main() from /build/googletest-j5yxiC/googletest-1.10.0/googletest/src/gtest_main.cc
Note: Google Test filter = BSTRemove.NodeMismatch
[==========] Running 1 test from 1 test suite.
[----------] Global test environment set-up.
[----------] 1 test from BSTRemove
[ RUN      ] BSTRemove.NodeMismatch
[       OK ] BSTRemove.NodeMismatch (37 ms)
[----------] 1 test from BSTRemove (44 ms total)

[----------] Global test environment tear-down
[==========] 1 test from 1 test suite ran. (69 ms total)
[  PASSED  ] 1 test.
==22746== 
==22746== HEAP SUMMARY:
==22746==     in use at exit: 0 bytes in 0 blocks
==22746==   total heap usage: 509 allocs, 509 frees, 135,526 bytes allocated
==22746== 
==22746== All heap blocks were freed -- no leaks are possible
==22746== 
==22746== For lists of detected and suppressed errors, rerun with: -s
==22746== ERROR SUMMARY: 0 errors from 0 contexts (suppressed: 0 from 0)
<end of output>
Test time =   1.09 sec
----------------------------------------------------------
Test Passed.
"BSTRemove.NodeMismatch" end time: Mar 30 00:15 UTC
"BSTRemove.NodeMismatch" time elapsed: 00:00:01
----------------------------------------------------------

30/66 Testing: BSTRemove.SingleRemove
30/66 Test: BSTRemove.SingleRemove
Command: "/usr/bin/valgrind" "--tool=memcheck" "--leak-check=yes" "--trace-children=no" "/work/hw-melgart/hw4/hw4_tests/bst_tests/bst_tests" "--gtest_filter=BSTRemove.SingleRemove"
Directory: /work/hw-melgart/hw4/hw4_tests/bst_tests
"BSTRemove.SingleRemove" start time: Mar 30 00:15 UTC
Output:
----------------------------------------------------------
==22747== Memcheck, a memory error detector
==22747== Copyright (C) 2002-2017, and GNU GPL'd, by Julian Seward et al.
==22747== Using Valgrind-3.15.0 and LibVEX; rerun with -h for copyright info
==22747== Command: /work/hw-melgart/hw4/hw4_tests/bst_tests/bst_tests --gtest_filter=BSTRemove.SingleRemove
==22747== 
Running main() from /build/googletest-j5yxiC/googletest-1.10.0/googletest/src/gtest_main.cc
Note: Google Test filter = BSTRemove.SingleRemove
[==========] Running 1 test from 1 test suite.
[----------] Global test environment set-up.
[----------] 1 test from BSTRemove
[ RUN      ] BSTRemove.SingleRemove
[       OK ] BSTRemove.SingleRemove (16 ms)
[----------] 1 test from BSTRemove (23 ms total)

[----------] Global test environment tear-down
[==========] 1 test from 1 test suite ran. (45 ms total)
[  PASSED  ] 1 test.
==22747== 
==22747== HEAP SUMMARY:
==22747==     in use at exit: 0 bytes in 0 blocks
==22747==   total heap usage: 505 allocs, 505 frees, 135,219 bytes allocated
==22747== 
==22747== All heap blocks were freed -- no leaks are possible
==22747== 
==22747== For lists of detected and suppressed errors, rerun with: -s
==22747== ERROR SUMMARY: 0 errors from 0 contexts (suppressed: 0 from 0)
<end of output>
Test time =   1.07 sec
----------------------------------------------------------
Test Passed.
"BSTRemove.SingleRemove" end time: Mar 30 00:15 UTC
"BSTRemove.SingleRemove" time elapsed: 00:00:01
----------------------------------------------------------

31/66 Testing: BSTRemove.RightChildRemove
31/66 Test: BSTRemove.RightChildRemove
Command: "/usr/bin/valgrind" "--tool=memcheck" "--leak-check=yes" "--trace-children=no" "/work/hw-melgart/hw4/hw4_tests/bst_tests/bst_tests" "--gtest_filter=BSTRemove.RightChildRemove"
Directory: /work/hw-melgart/hw4/hw4_tests/bst_tests
"BSTRemove.RightChildRemove" start time: Mar 30 00:15 UTC
Output:
----------------------------------------------------------
==22748== Memcheck, a memory error detector
==22748== Copyright (C) 2002-2017, and GNU GPL'd, by Julian Seward et al.
==22748== Using Valgrind-3.15.0 and LibVEX; rerun with -h for copyright info
==22748== Command: /work/hw-melgart/hw4/hw4_tests/bst_tests/bst_tests --gtest_filter=BSTRemove.RightChildRemove
==22748== 
Running main() from /build/googletest-j5yxiC/googletest-1.10.0/googletest/src/gtest_main.cc
Note: Google Test filter = BSTRemove.RightChildRemove
[==========] Running 1 test from 1 test suite.
[----------] Global test environment set-up.
[----------] 1 test from BSTRemove
[ RUN      ] BSTRemove.RightChildRemove
[       OK ] BSTRemove.RightChildRemove (37 ms)
[----------] 1 test from BSTRemove (44 ms total)

[----------] Global test environment tear-down
[==========] 1 test from 1 test suite ran. (68 ms total)
[  PASSED  ] 1 test.
==22748== 
==22748== HEAP SUMMARY:
==22748==     in use at exit: 0 bytes in 0 blocks
==22748==   total heap usage: 509 allocs, 509 frees, 135,423 bytes allocated
==22748== 
==22748== All heap blocks were freed -- no leaks are possible
==22748== 
==22748== For lists of detected and suppressed errors, rerun with: -s
==22748== ERROR SUMMARY: 0 errors from 0 contexts (suppressed: 0 from 0)
<end of output>
Test time =   1.10 sec
----------------------------------------------------------
Test Passed.
"BSTRemove.RightChildRemove" end time: Mar 30 00:16 UTC
"BSTRemove.RightChildRemove" time elapsed: 00:00:01
----------------------------------------------------------

32/66 Testing: BSTRemove.LeftChildRemove
32/66 Test: BSTRemove.LeftChildRemove
Command: "/usr/bin/valgrind" "--tool=memcheck" "--leak-check=yes" "--trace-children=no" "/work/hw-melgart/hw4/hw4_tests/bst_tests/bst_tests" "--gtest_filter=BSTRemove.LeftChildRemove"
Directory: /work/hw-melgart/hw4/hw4_tests/bst_tests
"BSTRemove.LeftChildRemove" start time: Mar 30 00:16 UTC
Output:
----------------------------------------------------------
==22749== Memcheck, a memory error detector
==22749== Copyright (C) 2002-2017, and GNU GPL'd, by Julian Seward et al.
==22749== Using Valgrind-3.15.0 and LibVEX; rerun with -h for copyright info
==22749== Command: /work/hw-melgart/hw4/hw4_tests/bst_tests/bst_tests --gtest_filter=BSTRemove.LeftChildRemove
==22749== 
Running main() from /build/googletest-j5yxiC/googletest-1.10.0/googletest/src/gtest_main.cc
Note: Google Test filter = BSTRemove.LeftChildRemove
[==========] Running 1 test from 1 test suite.
[----------] Global test environment set-up.
[----------] 1 test from BSTRemove
[ RUN      ] BSTRemove.LeftChildRemove
[       OK ] BSTRemove.LeftChildRemove (42 ms)
[----------] 1 test from BSTRemove (53 ms total)

[----------] Global test environment tear-down
[==========] 1 test from 1 test suite ran. (80 ms total)
[  PASSED  ] 1 test.
==22749== 
==22749== HEAP SUMMARY:
==22749==     in use at exit: 0 bytes in 0 blocks
==22749==   total heap usage: 509 allocs, 509 frees, 135,416 bytes allocated
==22749== 
==22749== All heap blocks were freed -- no leaks are possible
==22749== 
==22749== For lists of detected and suppressed errors, rerun with: -s
==22749== ERROR SUMMARY: 0 errors from 0 contexts (suppressed: 0 from 0)
<end of output>
Test time =   1.21 sec
----------------------------------------------------------
Test Passed.
"BSTRemove.LeftChildRemove" end time: Mar 30 00:16 UTC
"BSTRemove.LeftChildRemove" time elapsed: 00:00:01
----------------------------------------------------------

33/66 Testing: BSTRemove.TwoChildrenRemove_3Node
33/66 Test: BSTRemove.TwoChildrenRemove_3Node
Command: "/usr/bin/valgrind" "--tool=memcheck" "--leak-check=yes" "--trace-children=no" "/work/hw-melgart/hw4/hw4_tests/bst_tests/bst_tests" "--gtest_filter=BSTRemove.TwoChildrenRemove_3Node"
Directory: /work/hw-melgart/hw4/hw4_tests/bst_tests
"BSTRemove.TwoChildrenRemove_3Node" start time: Mar 30 00:16 UTC
Output:
----------------------------------------------------------
==22750== Memcheck, a memory error detector
==22750== Copyright (C) 2002-2017, and GNU GPL'd, by Julian Seward et al.
==22750== Using Valgrind-3.15.0 and LibVEX; rerun with -h for copyright info
==22750== Command: /work/hw-melgart/hw4/hw4_tests/bst_tests/bst_tests --gtest_filter=BSTRemove.TwoChildrenRemove_3Node
==22750== 
Running main() from /build/googletest-j5yxiC/googletest-1.10.0/googletest/src/gtest_main.cc
Note: Google Test filter = BSTRemove.TwoChildrenRemove_3Node
[==========] Running 1 test from 1 test suite.
[----------] Global test environment set-up.
[----------] 1 test from BSTRemove
[ RUN      ] BSTRemove.TwoChildrenRemove_3Node
[       OK ] BSTRemove.TwoChildrenRemove_3Node (60 ms)
[----------] 1 test from BSTRemove (67 ms total)

[----------] Global test environment tear-down
[==========] 1 test from 1 test suite ran. (100 ms total)
[  PASSED  ] 1 test.
==22750== 
==22750== HEAP SUMMARY:
==22750==     in use at exit: 0 bytes in 0 blocks
==22750==   total heap usage: 509 allocs, 509 frees, 135,571 bytes allocated
==22750== 
==22750== All heap blocks were freed -- no leaks are possible
==22750== 
==22750== For lists of detected and suppressed errors, rerun with: -s
==22750== ERROR SUMMARY: 0 errors from 0 contexts (suppressed: 0 from 0)
<end of output>
Test time =   1.41 sec
----------------------------------------------------------
Test Passed.
"BSTRemove.TwoChildrenRemove_3Node" end time: Mar 30 00:16 UTC
"BSTRemove.TwoChildrenRemove_3Node" time elapsed: 00:00:01
----------------------------------------------------------

34/66 Testing: BSTRemove.TwoChildrenRemove_4Node
34/66 Test: BSTRemove.TwoChildrenRemove_4Node
Command: "/usr/bin/valgrind" "--tool=memcheck" "--leak-check=yes" "--trace-children=no" "/work/hw-melgart/hw4/hw4_tests/bst_tests/bst_tests" "--gtest_filter=BSTRemove.TwoChildrenRemove_4Node"
Directory: /work/hw-melgart/hw4/hw4_tests/bst_tests
"BSTRemove.TwoChildrenRemove_4Node" start time: Mar 30 00:16 UTC
Output:
----------------------------------------------------------
==22751== Memcheck, a memory error detector
==22751== Copyright (C) 2002-2017, and GNU GPL'd, by Julian Seward et al.
==22751== Using Valgrind-3.15.0 and LibVEX; rerun with -h for copyright info
==22751== Command: /work/hw-melgart/hw4/hw4_tests/bst_tests/bst_tests --gtest_filter=BSTRemove.TwoChildrenRemove_4Node
==22751== 
Running main() from /build/googletest-j5yxiC/googletest-1.10.0/googletest/src/gtest_main.cc
Note: Google Test filter = BSTRemove.TwoChildrenRemove_4Node
[==========] Running 1 test from 1 test suite.
[----------] Global test environment set-up.
[----------] 1 test from BSTRemove
[ RUN      ] BSTRemove.TwoChildrenRemove_4Node
[       OK ] BSTRemove.TwoChildrenRemove_4Node (85 ms)
[----------] 1 test from BSTRemove (96 ms total)

[----------] Global test environment tear-down
[==========] 1 test from 1 test suite ran. (126 ms total)
[  PASSED  ] 1 test.
==22751== 
==22751== HEAP SUMMARY:
==22751==     in use at exit: 0 bytes in 0 blocks
==22751==   total heap usage: 511 allocs, 511 frees, 135,659 bytes allocated
==22751== 
==22751== All heap blocks were freed -- no leaks are possible
==22751== 
==22751== For lists of detected and suppressed errors, rerun with: -s
==22751== ERROR SUMMARY: 0 errors from 0 contexts (suppressed: 0 from 0)
<end of output>
Test time =   1.23 sec
----------------------------------------------------------
Test Passed.
"BSTRemove.TwoChildrenRemove_4Node" end time: Mar 30 00:16 UTC
"BSTRemove.TwoChildrenRemove_4Node" time elapsed: 00:00:01
----------------------------------------------------------

35/66 Testing: BSTRemove.Random50x30ele
35/66 Test: BSTRemove.Random50x30ele
Command: "/usr/bin/valgrind" "--tool=memcheck" "--leak-check=yes" "--trace-children=no" "/work/hw-melgart/hw4/hw4_tests/bst_tests/bst_tests" "--gtest_filter=BSTRemove.Random50x30ele"
Directory: /work/hw-melgart/hw4/hw4_tests/bst_tests
"BSTRemove.Random50x30ele" start time: Mar 30 00:16 UTC
Output:
----------------------------------------------------------
==22752== Memcheck, a memory error detector
==22752== Copyright (C) 2002-2017, and GNU GPL'd, by Julian Seward et al.
==22752== Using Valgrind-3.15.0 and LibVEX; rerun with -h for copyright info
==22752== Command: /work/hw-melgart/hw4/hw4_tests/bst_tests/bst_tests --gtest_filter=BSTRemove.Random50x30ele
==22752== 
Running main() from /build/googletest-j5yxiC/googletest-1.10.0/googletest/src/gtest_main.cc
Note: Google Test filter = BSTRemove.Random50x30ele
[==========] Running 1 test from 1 test suite.
[----------] Global test environment set-up.
[----------] 1 test from BSTRemove
[ RUN      ] BSTRemove.Random50x30ele
[       OK ] BSTRemove.Random50x30ele (618 ms)
[----------] 1 test from BSTRemove (625 ms total)

[----------] Global test environment tear-down
[==========] 1 test from 1 test suite ran. (649 ms total)
[  PASSED  ] 1 test.
==22752== 
==22752== HEAP SUMMARY:
==22752==     in use at exit: 0 bytes in 0 blocks
==22752==   total heap usage: 3,755 allocs, 3,755 frees, 273,785 bytes allocated
==22752== 
==22752== All heap blocks were freed -- no leaks are possible
==22752== 
==22752== For lists of detected and suppressed errors, rerun with: -s
==22752== ERROR SUMMARY: 0 errors from 0 contexts (suppressed: 0 from 0)
<end of output>
Test time =   1.71 sec
----------------------------------------------------------
Test Passed.
"BSTRemove.Random50x30ele" end time: Mar 30 00:16 UTC
"BSTRemove.Random50x30ele" time elapsed: 00:00:01
----------------------------------------------------------

36/66 Testing: BSTStress.InsertRemove
36/66 Test: BSTStress.InsertRemove
Command: "/usr/bin/valgrind" "--tool=memcheck" "--leak-check=yes" "--trace-children=no" "/work/hw-melgart/hw4/hw4_tests/bst_tests/bst_tests" "--gtest_filter=BSTStress.InsertRemove"
Directory: /work/hw-melgart/hw4/hw4_tests/bst_tests
"BSTStress.InsertRemove" start time: Mar 30 00:16 UTC
Output:
----------------------------------------------------------
==22753== Memcheck, a memory error detector
==22753== Copyright (C) 2002-2017, and GNU GPL'd, by Julian Seward et al.
==22753== Using Valgrind-3.15.0 and LibVEX; rerun with -h for copyright info
==22753== Command: /work/hw-melgart/hw4/hw4_tests/bst_tests/bst_tests --gtest_filter=BSTStress.InsertRemove
==22753== 
Running main() from /build/googletest-j5yxiC/googletest-1.10.0/googletest/src/gtest_main.cc
Note: Google Test filter = BSTStress.InsertRemove
[==========] Running 1 test from 1 test suite.
[----------] Global test environment set-up.
[----------] 1 test from BSTStress
[ RUN      ] BSTStress.InsertRemove
[       OK ] BSTStress.InsertRemove (140 ms)
[----------] 1 test from BSTStress (146 ms total)

[----------] Global test environment tear-down
[==========] 1 test from 1 test suite ran. (171 ms total)
[  PASSED  ] 1 test.
==22753== 
==22753== HEAP SUMMARY:
==22753==     in use at exit: 0 bytes in 0 blocks
==22753==   total heap usage: 768 allocs, 768 frees, 147,779 bytes allocated
==22753== 
==22753== All heap blocks were freed -- no leaks are possible
==22753== 
==22753== For lists of detected and suppressed errors, rerun with: -s
==22753== ERROR SUMMARY: 0 errors from 0 contexts (suppressed: 0 from 0)
<end of output>
Test time =   1.18 sec
----------------------------------------------------------
Test Passed.
"BSTStress.InsertRemove" end time: Mar 30 00:16 UTC
"BSTStress.InsertRemove" time elapsed: 00:00:01
----------------------------------------------------------

37/66 Testing: BSTStress.Remove
37/66 Test: BSTStress.Remove
Command: "/usr/bin/valgrind" "--tool=memcheck" "--leak-check=yes" "--trace-children=no" "/work/hw-melgart/hw4/hw4_tests/bst_tests/bst_tests" "--gtest_filter=BSTStress.Remove"
Directory: /work/hw-melgart/hw4/hw4_tests/bst_tests
"BSTStress.Remove" start time: Mar 30 00:16 UTC
Output:
----------------------------------------------------------
==22754== Memcheck, a memory error detector
==22754== Copyright (C) 2002-2017, and GNU GPL'd, by Julian Seward et al.
==22754== Using Valgrind-3.15.0 and LibVEX; rerun with -h for copyright info
==22754== Command: /work/hw-melgart/hw4/hw4_tests/bst_tests/bst_tests --gtest_filter=BSTStress.Remove
==22754== 
Running main() from /build/googletest-j5yxiC/googletest-1.10.0/googletest/src/gtest_main.cc
Note: Google Test filter = BSTStress.Remove
[==========] Running 1 test from 1 test suite.
[----------] Global test environment set-up.
[----------] 1 test from BSTStress
[ RUN      ] BSTStress.Remove
Before any removals, tree is: 
                     [02]
           ┌─────────┘  └─────────┐                        
         [01]                    [03]
                                    └───┐            
                                       [04]
                                          └┐      
                                          [05]

Tree Placeholders:------------------
[01] -> (1, -50)
[02] -> (2, 8)
[03] -> (3, 0)
[04] -> (10, 0)
[05] -> (15, 0)

After removing -1 (which doesn't exist), tree is: 
                     [02]
           ┌─────────┘  └─────────┐                        
         [01]                    [03]
                                    └───┐            
                                       [04]
                                          └┐      
                                          [05]

Tree Placeholders:------------------
[01] -> (1, -50)
[02] -> (2, 8)
[03] -> (3, 0)
[04] -> (10, 0)
[05] -> (15, 0)

After removing 2 (the root), tree is: 
                     [01]
                        └─────────┐                        
                                 [02]
                                    └───┐            
                                       [03]
                                          └┐      
                                          [04]

Tree Placeholders:------------------
[01] -> (1, -50)
[02] -> (3, 0)
[03] -> (10, 0)
[04] -> (15, 0)

After removing 10, tree is: 
         [01]
            └───┐            
               [02]
                  └┐      
                  [03]

Tree Placeholders:------------------
[01] -> (1, -50)
[02] -> (3, 0)
[03] -> (15, 0)

After removing 1, tree is: 
   [01]
      └┐      
      [02]

Tree Placeholders:------------------
[01] -> (3, 0)
[02] -> (15, 0)

After removing 3, tree is: 
[01]

Tree Placeholders:------------------
[01] -> (15, 0)

After removing 15 (the last element), tree is: 
<empty tree>

After removing 15 (which doesn't exist), tree is: 
<empty tree>

[       OK ] BSTStress.Remove (130 ms)
[----------] 1 test from BSTStress (136 ms total)

[----------] Global test environment tear-down
[==========] 1 test from 1 test suite ran. (162 ms total)
[  PASSED  ] 1 test.
==22754== 
==22754== HEAP SUMMARY:
==22754==     in use at exit: 0 bytes in 0 blocks
==22754==   total heap usage: 595 allocs, 595 frees, 138,319 bytes allocated
==22754== 
==22754== All heap blocks were freed -- no leaks are possible
==22754== 
==22754== For lists of detected and suppressed errors, rerun with: -s
==22754== ERROR SUMMARY: 0 errors from 0 contexts (suppressed: 0 from 0)
<end of output>
Test time =   1.23 sec
----------------------------------------------------------
Test Passed.
"BSTStress.Remove" end time: Mar 30 00:16 UTC
"BSTStress.Remove" time elapsed: 00:00:01
----------------------------------------------------------

38/66 Testing: BSTBalance.EmptyTree
38/66 Test: BSTBalance.EmptyTree
Command: "/usr/bin/valgrind" "--tool=memcheck" "--leak-check=yes" "--trace-children=no" "/work/hw-melgart/hw4/hw4_tests/bst_tests/bst_tests" "--gtest_filter=BSTBalance.EmptyTree"
Directory: /work/hw-melgart/hw4/hw4_tests/bst_tests
"BSTBalance.EmptyTree" start time: Mar 30 00:16 UTC
Output:
----------------------------------------------------------
==22755== Memcheck, a memory error detector
==22755== Copyright (C) 2002-2017, and GNU GPL'd, by Julian Seward et al.
==22755== Using Valgrind-3.15.0 and LibVEX; rerun with -h for copyright info
==22755== Command: /work/hw-melgart/hw4/hw4_tests/bst_tests/bst_tests --gtest_filter=BSTBalance.EmptyTree
==22755== 
Running main() from /build/googletest-j5yxiC/googletest-1.10.0/googletest/src/gtest_main.cc
Note: Google Test filter = BSTBalance.EmptyTree
[==========] Running 1 test from 1 test suite.
[----------] Global test environment set-up.
[----------] 1 test from BSTBalance
[ RUN      ] BSTBalance.EmptyTree
[       OK ] BSTBalance.EmptyTree (8 ms)
[----------] 1 test from BSTBalance (14 ms total)

[----------] Global test environment tear-down
[==========] 1 test from 1 test suite ran. (38 ms total)
[  PASSED  ] 1 test.
==22755== 
==22755== HEAP SUMMARY:
==22755==     in use at exit: 0 bytes in 0 blocks
==22755==   total heap usage: 504 allocs, 504 frees, 135,157 bytes allocated
==22755== 
==22755== All heap blocks were freed -- no leaks are possible
==22755== 
==22755== For lists of detected and suppressed errors, rerun with: -s
==22755== ERROR SUMMARY: 0 errors from 0 contexts (suppressed: 0 from 0)
<end of output>
Test time =   1.08 sec
----------------------------------------------------------
Test Passed.
"BSTBalance.EmptyTree" end time: Mar 30 00:16 UTC
"BSTBalance.EmptyTree" time elapsed: 00:00:01
----------------------------------------------------------

39/66 Testing: BSTBalance.OneNode
39/66 Test: BSTBalance.OneNode
Command: "/usr/bin/valgrind" "--tool=memcheck" "--leak-check=yes" "--trace-children=no" "/work/hw-melgart/hw4/hw4_tests/bst_tests/bst_tests" "--gtest_filter=BSTBalance.OneNode"
Directory: /work/hw-melgart/hw4/hw4_tests/bst_tests
"BSTBalance.OneNode" start time: Mar 30 00:16 UTC
Output:
----------------------------------------------------------
==22756== Memcheck, a memory error detector
==22756== Copyright (C) 2002-2017, and GNU GPL'd, by Julian Seward et al.
==22756== Using Valgrind-3.15.0 and LibVEX; rerun with -h for copyright info
==22756== Command: /work/hw-melgart/hw4/hw4_tests/bst_tests/bst_tests --gtest_filter=BSTBalance.OneNode
==22756== 
Running main() from /build/googletest-j5yxiC/googletest-1.10.0/googletest/src/gtest_main.cc
Note: Google Test filter = BSTBalance.OneNode
[==========] Running 1 test from 1 test suite.
[----------] Global test environment set-up.
[----------] 1 test from BSTBalance
[ RUN      ] BSTBalance.OneNode
[       OK ] BSTBalance.OneNode (16 ms)
[----------] 1 test from BSTBalance (23 ms total)

[----------] Global test environment tear-down
[==========] 1 test from 1 test suite ran. (46 ms total)
[  PASSED  ] 1 test.
==22756== 
==22756== HEAP SUMMARY:
==22756==     in use at exit: 0 bytes in 0 blocks
==22756==   total heap usage: 505 allocs, 505 frees, 135,239 bytes allocated
==22756== 
==22756== All heap blocks were freed -- no leaks are possible
==22756== 
==22756== For lists of detected and suppressed errors, rerun with: -s
==22756== ERROR SUMMARY: 0 errors from 0 contexts (suppressed: 0 from 0)
<end of output>
Test time =   1.08 sec
----------------------------------------------------------
Test Passed.
"BSTBalance.OneNode" end time: Mar 30 00:16 UTC
"BSTBalance.OneNode" time elapsed: 00:00:01
----------------------------------------------------------

40/66 Testing: BSTBalance.3Nodes_Unbalanced
40/66 Test: BSTBalance.3Nodes_Unbalanced
Command: "/usr/bin/valgrind" "--tool=memcheck" "--leak-check=yes" "--trace-children=no" "/work/hw-melgart/hw4/hw4_tests/bst_tests/bst_tests" "--gtest_filter=BSTBalance.3Nodes_Unbalanced"
Directory: /work/hw-melgart/hw4/hw4_tests/bst_tests
"BSTBalance.3Nodes_Unbalanced" start time: Mar 30 00:16 UTC
Output:
----------------------------------------------------------
==22757== Memcheck, a memory error detector
==22757== Copyright (C) 2002-2017, and GNU GPL'd, by Julian Seward et al.
==22757== Using Valgrind-3.15.0 and LibVEX; rerun with -h for copyright info
==22757== Command: /work/hw-melgart/hw4/hw4_tests/bst_tests/bst_tests --gtest_filter=BSTBalance.3Nodes_Unbalanced
==22757== 
Running main() from /build/googletest-j5yxiC/googletest-1.10.0/googletest/src/gtest_main.cc
Note: Google Test filter = BSTBalance.3Nodes_Unbalanced
[==========] Running 1 test from 1 test suite.
[----------] Global test environment set-up.
[----------] 1 test from BSTBalance
[ RUN      ] BSTBalance.3Nodes_Unbalanced
[       OK ] BSTBalance.3Nodes_Unbalanced (18 ms)
[----------] 1 test from BSTBalance (26 ms total)

[----------] Global test environment tear-down
[==========] 1 test from 1 test suite ran. (50 ms total)
[  PASSED  ] 1 test.
==22757== 
==22757== HEAP SUMMARY:
==22757==     in use at exit: 0 bytes in 0 blocks
==22757==   total heap usage: 507 allocs, 507 frees, 135,333 bytes allocated
==22757== 
==22757== All heap blocks were freed -- no leaks are possible
==22757== 
==22757== For lists of detected and suppressed errors, rerun with: -s
==22757== ERROR SUMMARY: 0 errors from 0 contexts (suppressed: 0 from 0)
<end of output>
Test time =   1.07 sec
----------------------------------------------------------
Test Passed.
"BSTBalance.3Nodes_Unbalanced" end time: Mar 30 00:16 UTC
"BSTBalance.3Nodes_Unbalanced" time elapsed: 00:00:01
----------------------------------------------------------

41/66 Testing: BSTBalance.3Nodes_Balanced
41/66 Test: BSTBalance.3Nodes_Balanced
Command: "/usr/bin/valgrind" "--tool=memcheck" "--leak-check=yes" "--trace-children=no" "/work/hw-melgart/hw4/hw4_tests/bst_tests/bst_tests" "--gtest_filter=BSTBalance.3Nodes_Balanced"
Directory: /work/hw-melgart/hw4/hw4_tests/bst_tests
"BSTBalance.3Nodes_Balanced" start time: Mar 30 00:16 UTC
Output:
[...]
Note: Google Test filter = AVLRemove.EmptyTree
[==========] Running 1 test from 1 test suite.
[----------] Global test environment set-up.
[----------] 1 test from AVLRemove
[ RUN      ] AVLRemove.EmptyTree
[       OK ] AVLRemove.EmptyTree (17 ms)
[----------] 1 test from AVLRemove (24 ms total)

[----------] Global test environment tear-down
[==========] 1 test from 1 test suite ran. (48 ms total)
[  PASSED  ] 1 test.
==22774== 
==22774== HEAP SUMMARY:
==22774==     in use at exit: 0 bytes in 0 blocks
==22774==   total heap usage: 423 allocs, 423 frees, 129,773 bytes allocated
==22774== 
==22774== All heap blocks were freed -- no leaks are possible
==22774== 
==22774== For lists of detected and suppressed errors, rerun with: -s
==22774== ERROR SUMMARY: 0 errors from 0 contexts (suppressed: 0 from 0)
<end of output>
Test time =   1.05 sec
----------------------------------------------------------
Test Passed.
"AVLRemove.EmptyTree" end time: Mar 30 00:16 UTC
"AVLRemove.EmptyTree" time elapsed: 00:00:01
----------------------------------------------------------

58/66 Testing: AVLRemove.NodeMismatch
58/66 Test: AVLRemove.NodeMismatch
Command: "/usr/bin/valgrind" "--tool=memcheck" "--leak-check=yes" "--trace-children=no" "/work/hw-melgart/hw4/hw4_tests/avl_tests/avl_tests" "--gtest_filter=AVLRemove.NodeMismatch"
Directory: /work/hw-melgart/hw4/hw4_tests/avl_tests
"AVLRemove.NodeMismatch" start time: Mar 30 00:16 UTC
Output:
----------------------------------------------------------
==22775== Memcheck, a memory error detector
==22775== Copyright (C) 2002-2017, and GNU GPL'd, by Julian Seward et al.
==22775== Using Valgrind-3.15.0 and LibVEX; rerun with -h for copyright info
==22775== Command: /work/hw-melgart/hw4/hw4_tests/avl_tests/avl_tests --gtest_filter=AVLRemove.NodeMismatch
==22775== 
Running main() from /build/googletest-j5yxiC/googletest-1.10.0/googletest/src/gtest_main.cc
Note: Google Test filter = AVLRemove.NodeMismatch
[==========] Running 1 test from 1 test suite.
[----------] Global test environment set-up.
[----------] 1 test from AVLRemove
[ RUN      ] AVLRemove.NodeMismatch
[       OK ] AVLRemove.NodeMismatch (61 ms)
[----------] 1 test from AVLRemove (70 ms total)

[----------] Global test environment tear-down
[==========] 1 test from 1 test suite ran. (101 ms total)
[  PASSED  ] 1 test.
==22775== 
==22775== HEAP SUMMARY:
==22775==     in use at exit: 0 bytes in 0 blocks
==22775==   total heap usage: 427 allocs, 427 frees, 130,130 bytes allocated
==22775== 
==22775== All heap blocks were freed -- no leaks are possible
==22775== 
==22775== For lists of detected and suppressed errors, rerun with: -s
==22775== ERROR SUMMARY: 0 errors from 0 contexts (suppressed: 0 from 0)
<end of output>
Test time =   1.11 sec
----------------------------------------------------------
Test Passed.
"AVLRemove.NodeMismatch" end time: Mar 30 00:16 UTC
"AVLRemove.NodeMismatch" time elapsed: 00:00:01
----------------------------------------------------------

59/66 Testing: AVLRemove.SingleRemove
59/66 Test: AVLRemove.SingleRemove
Command: "/usr/bin/valgrind" "--tool=memcheck" "--leak-check=yes" "--trace-children=no" "/work/hw-melgart/hw4/hw4_tests/avl_tests/avl_tests" "--gtest_filter=AVLRemove.SingleRemove"
Directory: /work/hw-melgart/hw4/hw4_tests/avl_tests
"AVLRemove.SingleRemove" start time: Mar 30 00:16 UTC
Output:
----------------------------------------------------------
==22776== Memcheck, a memory error detector
==22776== Copyright (C) 2002-2017, and GNU GPL'd, by Julian Seward et al.
==22776== Using Valgrind-3.15.0 and LibVEX; rerun with -h for copyright info
==22776== Command: /work/hw-melgart/hw4/hw4_tests/avl_tests/avl_tests --gtest_filter=AVLRemove.SingleRemove
==22776== 
Running main() from /build/googletest-j5yxiC/googletest-1.10.0/googletest/src/gtest_main.cc
Note: Google Test filter = AVLRemove.SingleRemove
[==========] Running 1 test from 1 test suite.
[----------] Global test environment set-up.
[----------] 1 test from AVLRemove
[ RUN      ] AVLRemove.SingleRemove
[       OK ] AVLRemove.SingleRemove (21 ms)
[----------] 1 test from AVLRemove (27 ms total)

[----------] Global test environment tear-down
[==========] 1 test from 1 test suite ran. (51 ms total)
[  PASSED  ] 1 test.
==22776== 
==22776== HEAP SUMMARY:
==22776==     in use at exit: 0 bytes in 0 blocks
==22776==   total heap usage: 423 allocs, 423 frees, 129,815 bytes allocated
==22776== 
==22776== All heap blocks were freed -- no leaks are possible
==22776== 
==22776== For lists of detected and suppressed errors, rerun with: -s
==22776== ERROR SUMMARY: 0 errors from 0 contexts (suppressed: 0 from 0)
<end of output>
Test time =   1.26 sec
----------------------------------------------------------
Test Passed.
"AVLRemove.SingleRemove" end time: Mar 30 00:16 UTC
"AVLRemove.SingleRemove" time elapsed: 00:00:01
----------------------------------------------------------

60/66 Testing: AVLRemove.RightChildRemove
60/66 Test: AVLRemove.RightChildRemove
Command: "/usr/bin/valgrind" "--tool=memcheck" "--leak-check=yes" "--trace-children=no" "/work/hw-melgart/hw4/hw4_tests/avl_tests/avl_tests" "--gtest_filter=AVLRemove.RightChildRemove"
Directory: /work/hw-melgart/hw4/hw4_tests/avl_tests
"AVLRemove.RightChildRemove" start time: Mar 30 00:16 UTC
Output:
----------------------------------------------------------
==22777== Memcheck, a memory error detector
==22777== Copyright (C) 2002-2017, and GNU GPL'd, by Julian Seward et al.
==22777== Using Valgrind-3.15.0 and LibVEX; rerun with -h for copyright info
==22777== Command: /work/hw-melgart/hw4/hw4_tests/avl_tests/avl_tests --gtest_filter=AVLRemove.RightChildRemove
==22777== 
Running main() from /build/googletest-j5yxiC/googletest-1.10.0/googletest/src/gtest_main.cc
Note: Google Test filter = AVLRemove.RightChildRemove
[==========] Running 1 test from 1 test suite.
[----------] Global test environment set-up.
[----------] 1 test from AVLRemove
[ RUN      ] AVLRemove.RightChildRemove
[       OK ] AVLRemove.RightChildRemove (52 ms)
[----------] 1 test from AVLRemove (59 ms total)

[----------] Global test environment tear-down
[==========] 1 test from 1 test suite ran. (82 ms total)
[  PASSED  ] 1 test.
==22777== 
==22777== HEAP SUMMARY:
==22777==     in use at exit: 0 bytes in 0 blocks
==22777==   total heap usage: 429 allocs, 429 frees, 130,131 bytes allocated
==22777== 
==22777== All heap blocks were freed -- no leaks are possible
==22777== 
==22777== For lists of detected and suppressed errors, rerun with: -s
==22777== ERROR SUMMARY: 0 errors from 0 contexts (suppressed: 0 from 0)
<end of output>
Test time =   1.11 sec
----------------------------------------------------------
Test Passed.
"AVLRemove.RightChildRemove" end time: Mar 30 00:16 UTC
"AVLRemove.RightChildRemove" time elapsed: 00:00:01
----------------------------------------------------------

61/66 Testing: AVLRemove.LeftChildRemove
61/66 Test: AVLRemove.LeftChildRemove
Command: "/usr/bin/valgrind" "--tool=memcheck" "--leak-check=yes" "--trace-children=no" "/work/hw-melgart/hw4/hw4_tests/avl_tests/avl_tests" "--gtest_filter=AVLRemove.LeftChildRemove"
Directory: /work/hw-melgart/hw4/hw4_tests/avl_tests
"AVLRemove.LeftChildRemove" start time: Mar 30 00:16 UTC
Output:
----------------------------------------------------------
==22778== Memcheck, a memory error detector
==22778== Copyright (C) 2002-2017, and GNU GPL'd, by Julian Seward et al.
==22778== Using Valgrind-3.15.0 and LibVEX; rerun with -h for copyright info
==22778== Command: /work/hw-melgart/hw4/hw4_tests/avl_tests/avl_tests --gtest_filter=AVLRemove.LeftChildRemove
==22778== 
Running main() from /build/googletest-j5yxiC/googletest-1.10.0/googletest/src/gtest_main.cc
Note: Google Test filter = AVLRemove.LeftChildRemove
[==========] Running 1 test from 1 test suite.
[----------] Global test environment set-up.
[----------] 1 test from AVLRemove
[ RUN      ] AVLRemove.LeftChildRemove
[       OK ] AVLRemove.LeftChildRemove (53 ms)
[----------] 1 test from AVLRemove (61 ms total)

[----------] Global test environment tear-down
[==========] 1 test from 1 test suite ran. (87 ms total)
[  PASSED  ] 1 test.
==22778== 
==22778== HEAP SUMMARY:
==22778==     in use at exit: 0 bytes in 0 blocks
==22778==   total heap usage: 429 allocs, 429 frees, 130,124 bytes allocated
==22778== 
==22778== All heap blocks were freed -- no leaks are possible
==22778== 
==22778== For lists of detected and suppressed errors, rerun with: -s
==22778== ERROR SUMMARY: 0 errors from 0 contexts (suppressed: 0 from 0)
<end of output>
Test time =   1.11 sec
----------------------------------------------------------
Test Passed.
"AVLRemove.LeftChildRemove" end time: Mar 30 00:16 UTC
"AVLRemove.LeftChildRemove" time elapsed: 00:00:01
----------------------------------------------------------

62/66 Testing: AVLRemove.TwoChildrenRemove_3Node
62/66 Test: AVLRemove.TwoChildrenRemove_3Node
Command: "/usr/bin/valgrind" "--tool=memcheck" "--leak-check=yes" "--trace-children=no" "/work/hw-melgart/hw4/hw4_tests/avl_tests/avl_tests" "--gtest_filter=AVLRemove.TwoChildrenRemove_3Node"
Directory: /work/hw-melgart/hw4/hw4_tests/avl_tests
"AVLRemove.TwoChildrenRemove_3Node" start time: Mar 30 00:16 UTC
Output:
----------------------------------------------------------
==22779== Memcheck, a memory error detector
==22779== Copyright (C) 2002-2017, and GNU GPL'd, by Julian Seward et al.
==22779== Using Valgrind-3.15.0 and LibVEX; rerun with -h for copyright info
==22779== Command: /work/hw-melgart/hw4/hw4_tests/avl_tests/avl_tests --gtest_filter=AVLRemove.TwoChildrenRemove_3Node
==22779== 
Running main() from /build/googletest-j5yxiC/googletest-1.10.0/googletest/src/gtest_main.cc
Note: Google Test filter = AVLRemove.TwoChildrenRemove_3Node
[==========] Running 1 test from 1 test suite.
[----------] Global test environment set-up.
[----------] 1 test from AVLRemove
[ RUN      ] AVLRemove.TwoChildrenRemove_3Node
[       OK ] AVLRemove.TwoChildrenRemove_3Node (55 ms)
[----------] 1 test from AVLRemove (62 ms total)

[----------] Global test environment tear-down
[==========] 1 test from 1 test suite ran. (97 ms total)
[  PASSED  ] 1 test.
==22779== 
==22779== HEAP SUMMARY:
==22779==     in use at exit: 0 bytes in 0 blocks
==22779==   total heap usage: 427 allocs, 427 frees, 130,159 bytes allocated
==22779== 
==22779== All heap blocks were freed -- no leaks are possible
==22779== 
==22779== For lists of detected and suppressed errors, rerun with: -s
==22779== ERROR SUMMARY: 0 errors from 0 contexts (suppressed: 0 from 0)
<end of output>
Test time =   1.17 sec
----------------------------------------------------------
Test Passed.
"AVLRemove.TwoChildrenRemove_3Node" end time: Mar 30 00:16 UTC
"AVLRemove.TwoChildrenRemove_3Node" time elapsed: 00:00:01
----------------------------------------------------------

63/66 Testing: AVLRemove.TwoChildrenRemove_4Node
63/66 Test: AVLRemove.TwoChildrenRemove_4Node
Command: "/usr/bin/valgrind" "--tool=memcheck" "--leak-check=yes" "--trace-children=no" "/work/hw-melgart/hw4/hw4_tests/avl_tests/avl_tests" "--gtest_filter=AVLRemove.TwoChildrenRemove_4Node"
Directory: /work/hw-melgart/hw4/hw4_tests/avl_tests
"AVLRemove.TwoChildrenRemove_4Node" start time: Mar 30 00:16 UTC
Output:
----------------------------------------------------------
==22780== Memcheck, a memory error detector
==22780== Copyright (C) 2002-2017, and GNU GPL'd, by Julian Seward et al.
==22780== Using Valgrind-3.15.0 and LibVEX; rerun with -h for copyright info
==22780== Command: /work/hw-melgart/hw4/hw4_tests/avl_tests/avl_tests --gtest_filter=AVLRemove.TwoChildrenRemove_4Node
==22780== 
Running main() from /build/googletest-j5yxiC/googletest-1.10.0/googletest/src/gtest_main.cc
Note: Google Test filter = AVLRemove.TwoChildrenRemove_4Node
[==========] Running 1 test from 1 test suite.
[----------] Global test environment set-up.
[----------] 1 test from AVLRemove
[ RUN      ] AVLRemove.TwoChildrenRemove_4Node
[       OK ] AVLRemove.TwoChildrenRemove_4Node (63 ms)
[----------] 1 test from AVLRemove (69 ms total)

[----------] Global test environment tear-down
[==========] 1 test from 1 test suite ran. (96 ms total)
[  PASSED  ] 1 test.
==22780== 
==22780== HEAP SUMMARY:
==22780==     in use at exit: 0 bytes in 0 blocks
==22780==   total heap usage: 429 allocs, 429 frees, 130,255 bytes allocated
==22780== 
==22780== All heap blocks were freed -- no leaks are possible
==22780== 
==22780== For lists of detected and suppressed errors, rerun with: -s
==22780== ERROR SUMMARY: 0 errors from 0 contexts (suppressed: 0 from 0)
<end of output>
Test time =   1.20 sec
----------------------------------------------------------
Test Passed.
"AVLRemove.TwoChildrenRemove_4Node" end time: Mar 30 00:16 UTC
"AVLRemove.TwoChildrenRemove_4Node" time elapsed: 00:00:01
----------------------------------------------------------

64/66 Testing: AVLRemove.Random50x30ele
64/66 Test: AVLRemove.Random50x30ele
Command: "/usr/bin/valgrind" "--tool=memcheck" "--leak-check=yes" "--trace-children=no" "/work/hw-melgart/hw4/hw4_tests/avl_tests/avl_tests" "--gtest_filter=AVLRemove.Random50x30ele"
Directory: /work/hw-melgart/hw4/hw4_tests/avl_tests
"AVLRemove.Random50x30ele" start time: Mar 30 00:16 UTC
Output:
----------------------------------------------------------
==22781== Memcheck, a memory error detector
==22781== Copyright (C) 2002-2017, and GNU GPL'd, by Julian Seward et al.
==22781== Using Valgrind-3.15.0 and LibVEX; rerun with -h for copyright info
==22781== Command: /work/hw-melgart/hw4/hw4_tests/avl_tests/avl_tests --gtest_filter=AVLRemove.Random50x30ele
==22781== 
Running main() from /build/googletest-j5yxiC/googletest-1.10.0/googletest/src/gtest_main.cc
Note: Google Test filter = AVLRemove.Random50x30ele
[==========] Running 1 test from 1 test suite.
[----------] Global test environment set-up.
[----------] 1 test from AVLRemove
[ RUN      ] AVLRemove.Random50x30ele
[       OK ] AVLRemove.Random50x30ele (1008 ms)
[----------] 1 test from AVLRemove (1016 ms total)

[----------] Global test environment tear-down
[==========] 1 test from 1 test suite ran. (1042 ms total)
[  PASSED  ] 1 test.
==22781== 
==22781== HEAP SUMMARY:
==22781==     in use at exit: 0 bytes in 0 blocks
==22781==   total heap usage: 3,673 allocs, 3,673 frees, 280,373 bytes allocated
==22781== 
==22781== All heap blocks were freed -- no leaks are possible
==22781== 
==22781== For lists of detected and suppressed errors, rerun with: -s
==22781== ERROR SUMMARY: 0 errors from 0 contexts (suppressed: 0 from 0)
<end of output>
Test time =   2.04 sec
----------------------------------------------------------
Test Passed.
"AVLRemove.Random50x30ele" end time: Mar 30 00:16 UTC
"AVLRemove.Random50x30ele" time elapsed: 00:00:02
----------------------------------------------------------

65/66 Testing: AVLStress.InsertRemove
65/66 Test: AVLStress.InsertRemove
Command: "/usr/bin/valgrind" "--tool=memcheck" "--leak-check=yes" "--trace-children=no" "/work/hw-melgart/hw4/hw4_tests/avl_tests/avl_tests" "--gtest_filter=AVLStress.InsertRemove"
Directory: /work/hw-melgart/hw4/hw4_tests/avl_tests
"AVLStress.InsertRemove" start time: Mar 30 00:16 UTC
Output:
----------------------------------------------------------
==22782== Memcheck, a memory error detector
==22782== Copyright (C) 2002-2017, and GNU GPL'd, by Julian Seward et al.
==22782== Using Valgrind-3.15.0 and LibVEX; rerun with -h for copyright info
==22782== Command: /work/hw-melgart/hw4/hw4_tests/avl_tests/avl_tests --gtest_filter=AVLStress.InsertRemove
==22782== 
Running main() from /build/googletest-j5yxiC/googletest-1.10.0/googletest/src/gtest_main.cc
Note: Google Test filter = AVLStress.InsertRemove
[==========] Running 1 test from 1 test suite.
[----------] Global test environment set-up.
[----------] 1 test from AVLStress
[ RUN      ] AVLStress.InsertRemove
[       OK ] AVLStress.InsertRemove (172 ms)
[----------] 1 test from AVLStress (179 ms total)

[----------] Global test environment tear-down
[==========] 1 test from 1 test suite ran. (203 ms total)
[  PASSED  ] 1 test.
==22782== 
==22782== HEAP SUMMARY:
==22782==     in use at exit: 0 bytes in 0 blocks
==22782==   total heap usage: 686 allocs, 686 frees, 142,879 bytes allocated
==22782== 
==22782== All heap blocks were freed -- no leaks are possible
==22782== 
==22782== For lists of detected and suppressed errors, rerun with: -s
==22782== ERROR SUMMARY: 0 errors from 0 contexts (suppressed: 0 from 0)
<end of output>
Test time =   1.20 sec
----------------------------------------------------------
Test Passed.
"AVLStress.InsertRemove" end time: Mar 30 00:16 UTC
"AVLStress.InsertRemove" time elapsed: 00:00:01
----------------------------------------------------------

66/66 Testing: AVLStress.Remove
66/66 Test: AVLStress.Remove
Command: "/usr/bin/valgrind" "--tool=memcheck" "--leak-check=yes" "--trace-children=no" "/work/hw-melgart/hw4/hw4_tests/avl_tests/avl_tests" "--gtest_filter=AVLStress.Remove"
Directory: /work/hw-melgart/hw4/hw4_tests/avl_tests
"AVLStress.Remove" start time: Mar 30 00:16 UTC
Output:
----------------------------------------------------------
==22783== Memcheck, a memory error detector
==22783== Copyright (C) 2002-2017, and GNU GPL'd, by Julian Seward et al.
==22783== Using Valgrind-3.15.0 and LibVEX; rerun with -h for copyright info
==22783== Command: /work/hw-melgart/hw4/hw4_tests/avl_tests/avl_tests --gtest_filter=AVLStress.Remove
==22783== 
Running main() from /build/googletest-j5yxiC/googletest-1.10.0/googletest/src/gtest_main.cc
Note: Google Test filter = AVLStress.Remove
[==========] Running 1 test from 1 test suite.
[----------] Global test environment set-up.
[----------] 1 test from AVLStress
[ RUN      ] AVLStress.Remove
Before any removals, tree is: 
         [02]
     ┌───┘  └───┐            
   [01]        [04]
              ┌┘  └┐      
            [03]  [05]

Tree Placeholders:------------------
[01] -> (1, -50)
[02] -> (2, 8)
[03] -> (3, 0)
[04] -> (10, 0)
[05] -> (15, 0)

After removing -1 (which doesn't exist), tree is: 
         [02]
     ┌───┘  └───┐            
   [01]        [04]
              ┌┘  └┐      
            [03]  [05]

Tree Placeholders:------------------
[01] -> (1, -50)
[02] -> (2, 8)
[03] -> (3, 0)
[04] -> (10, 0)
[05] -> (15, 0)

After removing 2 (the root), tree is: 
         [03]
     ┌───┘  └───┐            
   [01]        [04]
      └┐                  
      [02]            

Tree Placeholders:------------------
[01] -> (1, -50)
[02] -> (3, 0)
[03] -> (10, 0)
[04] -> (15, 0)

After removing 10, tree is: 
   [02]
  ┌┘  └┐      
[01]  [03]

Tree Placeholders:------------------
[01] -> (1, -50)
[02] -> (3, 0)
[03] -> (15, 0)

After removing 1, tree is: 
   [01]
      └┐      
      [02]

Tree Placeholders:------------------
[01] -> (3, 0)
[02] -> (15, 0)

After removing 3, tree is: 
[01]

Tree Placeholders:------------------
[01] -> (15, 0)

After removing 15 (the last element), tree is: 
<empty tree>

After removing 15 (which doesn't exist), tree is: 
<empty tree>

[       OK ] AVLStress.Remove (142 ms)
[----------] 1 test from AVLStress (149 ms total)

[----------] Global test environment tear-down
[==========] 1 test from 1 test suite ran. (172 ms total)
[  PASSED  ] 1 test.
==22783== 
==22783== HEAP SUMMARY:
==22783==     in use at exit: 0 bytes in 0 blocks
==22783==   total heap usage: 496 allocs, 496 frees, 132,077 bytes allocated
==22783== 
==22783== All heap blocks were freed -- no leaks are possible
==22783== 
==22783== For lists of detected and suppressed errors, rerun with: -s
==22783== ERROR SUMMARY: 0 errors from 0 contexts (suppressed: 0 from 0)
<end of output>
Test time =   1.20 sec
----------------------------------------------------------
Test Passed.
"AVLStress.Remove" end time: Mar 30 00:16 UTC
"AVLStress.Remove" time elapsed: 00:00:01
----------------------------------------------------------

End testing: Mar 30 00:16 UTC
